2025-07-05 08:50:40,159 - INFO  - init_db                   - ℹ️  💾💾TẠO MỚI DATABASE
2025-07-05 08:50:40,220 - INFO  - init_db                   - ℹ️  🛠️🛠️THỰC HIỆN CẬP NHẬT DATABASE HOÀN THÀNH !!!
2025-07-05 08:50:40,284 - INFO  - monitor_and_execute_trade - ℹ️  🟢 BẮT ĐẦU HÀM MONITOR_AND_EXECUTE_TRADES
2025-07-05 08:50:40,394 - INFO  - watcher_init              - ℹ️  ✅ WebSocket user data stream đã chạy
2025-07-05 08:50:41,288 - INFO  - monitor_expired_orders    - ℹ️  Đã tìm thấy [] lệnh quá hạn cần hủy.
2025-07-05 08:50:50,292 - INFO  - monitor_and_execute_trade - [BTCUSDT] - ℹ️  *******************************************************************
2025-07-05 08:50:50,293 - INFO  - monitor_and_execute_trade - [BTCUSDT] - ℹ️  🚀 Đang kiểm tra cặp coin: BTCUSDT🚀
2025-07-05 08:50:50,295 - INFO  - monitor_and_execute_trade - [BTCUSDT] - ℹ️  *******************************************************************
2025-07-05 08:50:50,450 - INFO  - monitor_and_execute_trade - [BTCUSDT] - ℹ️  Không có tín hiệu giao dịch.
2025-07-05 08:50:50,452 - INFO  - monitor_and_execute_trade - [BTCUSDT] - ℹ️  

2025-07-05 08:50:50,454 - INFO  - monitor_and_execute_trade - [ETHUSDT] - ℹ️  *******************************************************************
2025-07-05 08:50:50,455 - INFO  - monitor_and_execute_trade - [ETHUSDT] - ℹ️  🚀 Đang kiểm tra cặp coin: ETHUSDT🚀
2025-07-05 08:50:50,456 - INFO  - monitor_and_execute_trade - [ETHUSDT] - ℹ️  *******************************************************************
2025-07-05 08:50:50,565 - INFO  - monitor_and_execute_trade - [ETHUSDT] - ℹ️  Không có tín hiệu giao dịch.
2025-07-05 08:50:50,566 - INFO  - monitor_and_execute_trade - [ETHUSDT] - ℹ️  

2025-07-05 08:50:50,568 - INFO  - monitor_and_execute_trade - [ALPACAUSDT] - ℹ️  *******************************************************************
2025-07-05 08:50:50,570 - INFO  - monitor_and_execute_trade - [ALPACAUSDT] - ℹ️  🚀 Đang kiểm tra cặp coin: ALPACAUSDT🚀
2025-07-05 08:50:50,570 - INFO  - monitor_and_execute_trade - [ALPACAUSDT] - ℹ️  *******************************************************************
2025-07-05 08:50:50,593 - ERROR - check_spread_slippage     - [ALPACAUSDT] - ❌  Lỗi khi kiểm tra spread/slippage cho ALPACAUSDT: list index out of range
2025-07-05 08:50:50,595 - WARNI - monitor_and_execute_trade - [ALPACAUSDT] - ⚠️  Spread hoặc slippage không đạt yêu cầu.
2025-07-05 08:50:50,596 - INFO  - monitor_and_execute_trade - [SOLUSDT] - ℹ️  *******************************************************************
2025-07-05 08:50:50,599 - INFO  - monitor_and_execute_trade - [SOLUSDT] - ℹ️  🚀 Đang kiểm tra cặp coin: SOLUSDT🚀
2025-07-05 08:50:50,599 - INFO  - monitor_and_execute_trade - [SOLUSDT] - ℹ️  *******************************************************************
2025-07-05 08:50:50,707 - INFO  - monitor_and_execute_trade - [SOLUSDT] - ℹ️  Không có tín hiệu giao dịch.
2025-07-05 08:50:50,708 - INFO  - monitor_and_execute_trade - [SOLUSDT] - ℹ️  

2025-07-05 08:50:50,710 - INFO  - monitor_and_execute_trade - [HUSDT] - ℹ️  *******************************************************************
2025-07-05 08:50:50,712 - INFO  - monitor_and_execute_trade - [HUSDT] - ℹ️  🚀 Đang kiểm tra cặp coin: HUSDT🚀
2025-07-05 08:50:50,713 - INFO  - monitor_and_execute_trade - [HUSDT] - ℹ️  *******************************************************************
2025-07-05 08:50:50,821 - INFO  - monitor_and_execute_trade - [HUSDT] - ℹ️  Không có tín hiệu giao dịch.
2025-07-05 08:50:50,822 - INFO  - monitor_and_execute_trade - [HUSDT] - ℹ️  

2025-07-05 08:50:50,824 - INFO  - monitor_and_execute_trade - [FUNUSDT] - ℹ️  *******************************************************************
2025-07-05 08:50:50,826 - INFO  - monitor_and_execute_trade - [FUNUSDT] - ℹ️  🚀 Đang kiểm tra cặp coin: FUNUSDT🚀
2025-07-05 08:50:50,826 - INFO  - monitor_and_execute_trade - [FUNUSDT] - ℹ️  *******************************************************************
2025-07-05 08:50:50,891 - WARNI - monitor_and_execute_trade - [FUNUSDT] - ⚠️  Không có trend rõ ràng: long=downtrend, medium=sideway, short=uptrend
2025-07-05 08:50:50,893 - INFO  - monitor_and_execute_trade - [DOGEUSDT] - ℹ️  *******************************************************************
2025-07-05 08:50:50,895 - INFO  - monitor_and_execute_trade - [DOGEUSDT] - ℹ️  🚀 Đang kiểm tra cặp coin: DOGEUSDT🚀
2025-07-05 08:50:50,897 - INFO  - monitor_and_execute_trade - [DOGEUSDT] - ℹ️  *******************************************************************
2025-07-05 08:50:51,003 - INFO  - monitor_and_execute_trade - [DOGEUSDT] - ℹ️  Không có tín hiệu giao dịch.
2025-07-05 08:50:51,004 - INFO  - monitor_and_execute_trade - [DOGEUSDT] - ℹ️  

2025-07-05 08:50:51,006 - INFO  - monitor_and_execute_trade - [1000PEPEUSDT] - ℹ️  *******************************************************************
2025-07-05 08:50:51,008 - INFO  - monitor_and_execute_trade - [1000PEPEUSDT] - ℹ️  🚀 Đang kiểm tra cặp coin: 1000PEPEUSDT🚀
2025-07-05 08:50:51,009 - INFO  - monitor_and_execute_trade - [1000PEPEUSDT] - ℹ️  *******************************************************************
2025-07-05 08:50:51,116 - INFO  - monitor_and_execute_trade - [1000PEPEUSDT] - ℹ️  Không có tín hiệu giao dịch.
2025-07-05 08:50:51,118 - INFO  - monitor_and_execute_trade - [1000PEPEUSDT] - ℹ️  

2025-07-05 08:50:51,119 - INFO  - monitor_and_execute_trade - [XRPUSDT] - ℹ️  *******************************************************************
2025-07-05 08:50:51,122 - INFO  - monitor_and_execute_trade - [XRPUSDT] - ℹ️  🚀 Đang kiểm tra cặp coin: XRPUSDT🚀
2025-07-05 08:50:51,122 - INFO  - monitor_and_execute_trade - [XRPUSDT] - ℹ️  *******************************************************************
2025-07-05 08:50:51,230 - INFO  - monitor_and_execute_trade - [XRPUSDT] - ℹ️  Không có tín hiệu giao dịch.
2025-07-05 08:50:51,232 - INFO  - monitor_and_execute_trade - [XRPUSDT] - ℹ️  

2025-07-05 08:50:51,233 - INFO  - monitor_and_execute_trade - [BNXUSDT] - ℹ️  *******************************************************************
2025-07-05 08:50:51,236 - INFO  - monitor_and_execute_trade - [BNXUSDT] - ℹ️  🚀 Đang kiểm tra cặp coin: BNXUSDT🚀
2025-07-05 08:50:51,236 - INFO  - monitor_and_execute_trade - [BNXUSDT] - ℹ️  *******************************************************************
2025-07-05 08:50:51,256 - ERROR - check_spread_slippage     - [BNXUSDT] - ❌  Lỗi khi kiểm tra spread/slippage cho BNXUSDT: list index out of range
2025-07-05 08:50:51,258 - WARNI - monitor_and_execute_trade - [BNXUSDT] - ⚠️  Spread hoặc slippage không đạt yêu cầu.
2025-07-05 08:50:51,259 - INFO  - monitor_and_execute_trade - [SUIUSDT] - ℹ️  *******************************************************************
2025-07-05 08:50:51,260 - INFO  - monitor_and_execute_trade - [SUIUSDT] - ℹ️  🚀 Đang kiểm tra cặp coin: SUIUSDT🚀
2025-07-05 08:50:51,262 - INFO  - monitor_and_execute_trade - [SUIUSDT] - ℹ️  *******************************************************************
2025-07-05 08:50:51,366 - INFO  - monitor_and_execute_trade - [SUIUSDT] - ℹ️  Không có tín hiệu giao dịch.
2025-07-05 08:50:51,368 - INFO  - monitor_and_execute_trade - [SUIUSDT] - ℹ️  

2025-07-05 08:50:51,369 - INFO  - monitor_and_execute_trade - [WIFUSDT] - ℹ️  *******************************************************************
2025-07-05 08:50:51,371 - INFO  - monitor_and_execute_trade - [WIFUSDT] - ℹ️  🚀 Đang kiểm tra cặp coin: WIFUSDT🚀
2025-07-05 08:50:51,372 - INFO  - monitor_and_execute_trade - [WIFUSDT] - ℹ️  *******************************************************************
2025-07-05 08:50:51,482 - INFO  - monitor_and_execute_trade - [WIFUSDT] - ℹ️  Không có tín hiệu giao dịch.
2025-07-05 08:50:51,484 - INFO  - monitor_and_execute_trade - [WIFUSDT] - ℹ️  

2025-07-05 08:50:51,486 - INFO  - monitor_and_execute_trade - [UNIUSDT] - ℹ️  *******************************************************************
2025-07-05 08:50:51,488 - INFO  - monitor_and_execute_trade - [UNIUSDT] - ℹ️  🚀 Đang kiểm tra cặp coin: UNIUSDT🚀
2025-07-05 08:50:51,488 - INFO  - monitor_and_execute_trade - [UNIUSDT] - ℹ️  *******************************************************************
2025-07-05 08:50:51,555 - WARNI - monitor_and_execute_trade - [UNIUSDT] - ⚠️  Không có trend rõ ràng: long=sideway, medium=uptrend, short=downtrend
2025-07-05 08:50:51,557 - INFO  - monitor_and_execute_trade - [PENGUUSDT] - ℹ️  *******************************************************************
2025-07-05 08:50:51,558 - INFO  - monitor_and_execute_trade - [PENGUUSDT] - ℹ️  🚀 Đang kiểm tra cặp coin: PENGUUSDT🚀
2025-07-05 08:50:51,560 - INFO  - monitor_and_execute_trade - [PENGUUSDT] - ℹ️  *******************************************************************
2025-07-05 08:50:51,672 - INFO  - monitor_and_execute_trade - [PENGUUSDT] - ℹ️  Không có tín hiệu giao dịch.
2025-07-05 08:50:51,673 - INFO  - monitor_and_execute_trade - [PENGUUSDT] - ℹ️  

2025-07-05 08:50:51,675 - INFO  - monitor_and_execute_trade - [FARTCOINUSDT] - ℹ️  *******************************************************************
2025-07-05 08:50:51,677 - INFO  - monitor_and_execute_trade - [FARTCOINUSDT] - ℹ️  🚀 Đang kiểm tra cặp coin: FARTCOINUSDT🚀
2025-07-05 08:50:51,678 - INFO  - monitor_and_execute_trade - [FARTCOINUSDT] - ℹ️  *******************************************************************
2025-07-05 08:50:51,759 - WARNI - monitor_and_execute_trade - [FARTCOINUSDT] - ⚠️  Đảo chiều xác nhận (15m), bỏ qua lệnh
2025-07-05 08:50:51,761 - INFO  - monitor_and_execute_trade - [ADAUSDT] - ℹ️  *******************************************************************
2025-07-05 08:50:51,762 - INFO  - monitor_and_execute_trade - [ADAUSDT] - ℹ️  🚀 Đang kiểm tra cặp coin: ADAUSDT🚀
2025-07-05 08:50:51,764 - INFO  - monitor_and_execute_trade - [ADAUSDT] - ℹ️  *******************************************************************
2025-07-05 08:50:51,872 - INFO  - monitor_and_execute_trade - [ADAUSDT] - ℹ️  Không có tín hiệu giao dịch.
2025-07-05 08:50:51,873 - INFO  - monitor_and_execute_trade - [ADAUSDT] - ℹ️  

2025-07-05 08:50:51,876 - INFO  - monitor_and_execute_trade - [MOODENGUSDT] - ℹ️  *******************************************************************
2025-07-05 08:50:51,876 - INFO  - monitor_and_execute_trade - [MOODENGUSDT] - ℹ️  🚀 Đang kiểm tra cặp coin: MOODENGUSDT🚀
2025-07-05 08:50:51,877 - INFO  - monitor_and_execute_trade - [MOODENGUSDT] - ℹ️  *******************************************************************
2025-07-05 08:50:51,984 - INFO  - monitor_and_execute_trade - [MOODENGUSDT] - ℹ️  Không có tín hiệu giao dịch.
2025-07-05 08:50:51,986 - INFO  - monitor_and_execute_trade - [MOODENGUSDT] - ℹ️  

2025-07-05 08:50:51,988 - INFO  - monitor_and_execute_trade - [1000BONKUSDT] - ℹ️  *******************************************************************
2025-07-05 08:50:51,990 - INFO  - monitor_and_execute_trade - [1000BONKUSDT] - ℹ️  🚀 Đang kiểm tra cặp coin: 1000BONKUSDT🚀
2025-07-05 08:50:51,990 - INFO  - monitor_and_execute_trade - [1000BONKUSDT] - ℹ️  *******************************************************************
2025-07-05 08:50:52,099 - INFO  - monitor_and_execute_trade - [1000BONKUSDT] - ℹ️  Không có tín hiệu giao dịch.
2025-07-05 08:50:52,100 - INFO  - monitor_and_execute_trade - [1000BONKUSDT] - ℹ️  

2025-07-05 08:50:52,102 - INFO  - monitor_and_execute_trade - [AAVEUSDT] - ℹ️  *******************************************************************
2025-07-05 08:50:52,104 - INFO  - monitor_and_execute_trade - [AAVEUSDT] - ℹ️  🚀 Đang kiểm tra cặp coin: AAVEUSDT🚀
2025-07-05 08:50:52,105 - INFO  - monitor_and_execute_trade - [AAVEUSDT] - ℹ️  *******************************************************************
2025-07-05 08:50:52,188 - WARNI - monitor_and_execute_trade - [AAVEUSDT] - ⚠️  Đảo chiều xác nhận (15m), bỏ qua lệnh
2025-07-05 08:50:52,190 - INFO  - monitor_and_execute_trade - [LINKUSDT] - ℹ️  *******************************************************************
2025-07-05 08:50:52,191 - INFO  - monitor_and_execute_trade - [LINKUSDT] - ℹ️  🚀 Đang kiểm tra cặp coin: LINKUSDT🚀
2025-07-05 08:50:52,193 - INFO  - monitor_and_execute_trade - [LINKUSDT] - ℹ️  *******************************************************************
2025-07-05 08:50:52,300 - INFO  - monitor_and_execute_trade - [LINKUSDT] - ℹ️  Không có tín hiệu giao dịch.
2025-07-05 08:50:52,301 - INFO  - monitor_and_execute_trade - [LINKUSDT] - ℹ️  

2025-07-05 08:50:52,303 - INFO  - monitor_and_execute_trade - [BCHUSDT] - ℹ️  *******************************************************************
2025-07-05 08:50:52,305 - INFO  - monitor_and_execute_trade - [BCHUSDT] - ℹ️  🚀 Đang kiểm tra cặp coin: BCHUSDT🚀
2025-07-05 08:50:52,305 - INFO  - monitor_and_execute_trade - [BCHUSDT] - ℹ️  *******************************************************************
2025-07-05 08:50:52,411 - INFO  - monitor_and_execute_trade - [BCHUSDT] - ℹ️  Không có tín hiệu giao dịch.
2025-07-05 08:50:52,413 - INFO  - monitor_and_execute_trade - [BCHUSDT] - ℹ️  

2025-07-05 08:50:52,415 - INFO  - monitor_and_execute_trade - [SAHARAUSDT] - ℹ️  *******************************************************************
2025-07-05 08:50:52,415 - INFO  - monitor_and_execute_trade - [SAHARAUSDT] - ℹ️  🚀 Đang kiểm tra cặp coin: SAHARAUSDT🚀
2025-07-05 08:50:52,417 - INFO  - monitor_and_execute_trade - [SAHARAUSDT] - ℹ️  *******************************************************************
2025-07-05 08:50:52,523 - INFO  - monitor_and_execute_trade - [SAHARAUSDT] - ℹ️  Không có tín hiệu giao dịch.
2025-07-05 08:50:52,524 - INFO  - monitor_and_execute_trade - [SAHARAUSDT] - ℹ️  

2025-07-05 08:50:52,526 - INFO  - monitor_and_execute_trade - [ENAUSDT] - ℹ️  *******************************************************************
2025-07-05 08:50:52,528 - INFO  - monitor_and_execute_trade - [ENAUSDT] - ℹ️  🚀 Đang kiểm tra cặp coin: ENAUSDT🚀
2025-07-05 08:50:52,528 - INFO  - monitor_and_execute_trade - [ENAUSDT] - ℹ️  *******************************************************************
2025-07-05 08:50:52,639 - INFO  - monitor_and_execute_trade - [ENAUSDT] - ℹ️  Không có tín hiệu giao dịch.
2025-07-05 08:50:52,640 - INFO  - monitor_and_execute_trade - [ENAUSDT] - ℹ️  

2025-07-05 08:50:52,642 - INFO  - monitor_and_execute_trade - [HYPEUSDT] - ℹ️  *******************************************************************
2025-07-05 08:50:52,644 - INFO  - monitor_and_execute_trade - [HYPEUSDT] - ℹ️  🚀 Đang kiểm tra cặp coin: HYPEUSDT🚀
2025-07-05 08:50:52,645 - INFO  - monitor_and_execute_trade - [HYPEUSDT] - ℹ️  *******************************************************************
2025-07-05 08:50:52,753 - INFO  - monitor_and_execute_trade - [HYPEUSDT] - ℹ️  Không có tín hiệu giao dịch.
2025-07-05 08:50:52,754 - INFO  - monitor_and_execute_trade - [HYPEUSDT] - ℹ️  

2025-07-05 08:50:52,756 - INFO  - monitor_and_execute_trade - [TRUMPUSDT] - ℹ️  *******************************************************************
2025-07-05 08:50:52,758 - INFO  - monitor_and_execute_trade - [TRUMPUSDT] - ℹ️  🚀 Đang kiểm tra cặp coin: TRUMPUSDT🚀
2025-07-05 08:50:52,758 - INFO  - monitor_and_execute_trade - [TRUMPUSDT] - ℹ️  *******************************************************************
2025-07-05 08:50:52,867 - INFO  - monitor_and_execute_trade - [TRUMPUSDT] - ℹ️  Không có tín hiệu giao dịch.
2025-07-05 08:50:52,868 - INFO  - monitor_and_execute_trade - [TRUMPUSDT] - ℹ️  

2025-07-05 08:50:52,870 - INFO  - monitor_and_execute_trade - [NEIROUSDT] - ℹ️  *******************************************************************
2025-07-05 08:50:52,872 - INFO  - monitor_and_execute_trade - [NEIROUSDT] - ℹ️  🚀 Đang kiểm tra cặp coin: NEIROUSDT🚀
2025-07-05 08:50:52,873 - INFO  - monitor_and_execute_trade - [NEIROUSDT] - ℹ️  *******************************************************************
2025-07-05 08:50:52,977 - INFO  - monitor_and_execute_trade - [NEIROUSDT] - ℹ️  Không có tín hiệu giao dịch.
2025-07-05 08:50:52,979 - INFO  - monitor_and_execute_trade - [NEIROUSDT] - ℹ️  

2025-07-05 08:50:52,981 - INFO  - monitor_and_execute_trade - [LTCUSDT] - ℹ️  *******************************************************************
2025-07-05 08:50:52,982 - INFO  - monitor_and_execute_trade - [LTCUSDT] - ℹ️  🚀 Đang kiểm tra cặp coin: LTCUSDT🚀
2025-07-05 08:50:52,982 - INFO  - monitor_and_execute_trade - [LTCUSDT] - ℹ️  *******************************************************************
2025-07-05 08:50:53,087 - INFO  - monitor_and_execute_trade - [LTCUSDT] - ℹ️  Không có tín hiệu giao dịch.
2025-07-05 08:50:53,088 - INFO  - monitor_and_execute_trade - [LTCUSDT] - ℹ️  

2025-07-05 08:50:53,090 - INFO  - monitor_and_execute_trade - [AVAXUSDT] - ℹ️  *******************************************************************
2025-07-05 08:50:53,092 - INFO  - monitor_and_execute_trade - [AVAXUSDT] - ℹ️  🚀 Đang kiểm tra cặp coin: AVAXUSDT🚀
2025-07-05 08:50:53,093 - INFO  - monitor_and_execute_trade - [AVAXUSDT] - ℹ️  *******************************************************************
2025-07-05 08:50:53,203 - INFO  - monitor_and_execute_trade - [AVAXUSDT] - ℹ️  Không có tín hiệu giao dịch.
2025-07-05 08:50:53,205 - INFO  - monitor_and_execute_trade - [AVAXUSDT] - ℹ️  

2025-07-05 08:50:53,207 - INFO  - monitor_and_execute_trade - [BNBUSDT] - ℹ️  *******************************************************************
2025-07-05 08:50:53,209 - INFO  - monitor_and_execute_trade - [BNBUSDT] - ℹ️  🚀 Đang kiểm tra cặp coin: BNBUSDT🚀
2025-07-05 08:50:53,209 - INFO  - monitor_and_execute_trade - [BNBUSDT] - ℹ️  *******************************************************************
2025-07-05 08:50:53,317 - INFO  - monitor_and_execute_trade - [BNBUSDT] - ℹ️  Không có tín hiệu giao dịch.
2025-07-05 08:50:53,318 - INFO  - monitor_and_execute_trade - [BNBUSDT] - ℹ️  

2025-07-05 08:50:53,320 - INFO  - monitor_and_execute_trade - [IDOLUSDT] - ℹ️  *******************************************************************
2025-07-05 08:50:53,322 - INFO  - monitor_and_execute_trade - [IDOLUSDT] - ℹ️  🚀 Đang kiểm tra cặp coin: IDOLUSDT🚀
2025-07-05 08:50:53,322 - INFO  - monitor_and_execute_trade - [IDOLUSDT] - ℹ️  *******************************************************************
2025-07-05 08:50:53,345 - WARNI - check_spread_slippage     - [IDOLUSDT] - ⚠️  IDOLUSDT bị spread cao (0.1458%), bỏ qua
2025-07-05 08:50:53,347 - WARNI - monitor_and_execute_trade - [IDOLUSDT] - ⚠️  Spread hoặc slippage không đạt yêu cầu.
2025-07-05 08:50:53,350 - INFO  - monitor_and_execute_trade - [VIRTUALUSDT] - ℹ️  *******************************************************************
2025-07-05 08:50:53,351 - INFO  - monitor_and_execute_trade - [VIRTUALUSDT] - ℹ️  🚀 Đang kiểm tra cặp coin: VIRTUALUSDT🚀
2025-07-05 08:50:53,352 - INFO  - monitor_and_execute_trade - [VIRTUALUSDT] - ℹ️  *******************************************************************
2025-07-05 08:50:53,457 - INFO  - monitor_and_execute_trade - [VIRTUALUSDT] - ℹ️  Không có tín hiệu giao dịch.
2025-07-05 08:50:53,458 - INFO  - monitor_and_execute_trade - [VIRTUALUSDT] - ℹ️  

2025-07-05 08:50:53,460 - INFO  - monitor_and_execute_trade - [DOTUSDT] - ℹ️  *******************************************************************
2025-07-05 08:50:53,462 - INFO  - monitor_and_execute_trade - [DOTUSDT] - ℹ️  🚀 Đang kiểm tra cặp coin: DOTUSDT🚀
2025-07-05 08:50:53,462 - INFO  - monitor_and_execute_trade - [DOTUSDT] - ℹ️  *******************************************************************
2025-07-05 08:50:53,568 - INFO  - monitor_and_execute_trade - [DOTUSDT] - ℹ️  Không có tín hiệu giao dịch.
2025-07-05 08:50:53,569 - INFO  - monitor_and_execute_trade - [DOTUSDT] - ℹ️  

2025-07-05 08:50:53,571 - INFO  - monitor_and_execute_trade - [ARBUSDT] - ℹ️  *******************************************************************
2025-07-05 08:50:53,573 - INFO  - monitor_and_execute_trade - [ARBUSDT] - ℹ️  🚀 Đang kiểm tra cặp coin: ARBUSDT🚀
2025-07-05 08:50:53,574 - INFO  - monitor_and_execute_trade - [ARBUSDT] - ℹ️  *******************************************************************
2025-07-05 08:50:53,680 - INFO  - monitor_and_execute_trade - [ARBUSDT] - ℹ️  Không có tín hiệu giao dịch.
2025-07-05 08:50:53,682 - INFO  - monitor_and_execute_trade - [ARBUSDT] - ℹ️  

2025-07-05 08:50:53,684 - INFO  - monitor_and_execute_trade - [BULLAUSDT] - ℹ️  *******************************************************************
2025-07-05 08:50:53,686 - INFO  - monitor_and_execute_trade - [BULLAUSDT] - ℹ️  🚀 Đang kiểm tra cặp coin: BULLAUSDT🚀
2025-07-05 08:50:53,686 - INFO  - monitor_and_execute_trade - [BULLAUSDT] - ℹ️  *******************************************************************
2025-07-05 08:50:53,708 - WARNI - check_spread_slippage     - [BULLAUSDT] - ⚠️  BULLAUSDT bị spread cao (0.1321%), bỏ qua
2025-07-05 08:50:53,709 - WARNI - monitor_and_execute_trade - [BULLAUSDT] - ⚠️  Spread hoặc slippage không đạt yêu cầu.
2025-07-05 08:50:53,712 - INFO  - monitor_and_execute_trade - [ARKUSDT] - ℹ️  *******************************************************************
2025-07-05 08:50:53,712 - INFO  - monitor_and_execute_trade - [ARKUSDT] - ℹ️  🚀 Đang kiểm tra cặp coin: ARKUSDT🚀
2025-07-05 08:50:53,714 - INFO  - monitor_and_execute_trade - [ARKUSDT] - ℹ️  *******************************************************************
2025-07-05 08:50:53,819 - INFO  - monitor_and_execute_trade - [ARKUSDT] - ℹ️  Không có tín hiệu giao dịch.
2025-07-05 08:50:53,821 - INFO  - monitor_and_execute_trade - [ARKUSDT] - ℹ️  

2025-07-05 08:50:53,822 - INFO  - monitor_and_execute_trade - [1000000BOBUSDT] - ℹ️  *******************************************************************
2025-07-05 08:50:53,825 - INFO  - monitor_and_execute_trade - [1000000BOBUSDT] - ℹ️  🚀 Đang kiểm tra cặp coin: 1000000BOBUSDT🚀
2025-07-05 08:50:53,825 - INFO  - monitor_and_execute_trade - [1000000BOBUSDT] - ℹ️  *******************************************************************
2025-07-05 08:50:53,948 - INFO  - monitor_and_execute_trade - [1000000BOBUSDT] - ℹ️  Không có tín hiệu giao dịch.
2025-07-05 08:50:53,950 - INFO  - monitor_and_execute_trade - [1000000BOBUSDT] - ℹ️  

2025-07-05 08:50:53,952 - INFO  - monitor_and_execute_trade - [SEIUSDT] - ℹ️  *******************************************************************
2025-07-05 08:50:53,954 - INFO  - monitor_and_execute_trade - [SEIUSDT] - ℹ️  🚀 Đang kiểm tra cặp coin: SEIUSDT🚀
2025-07-05 08:50:53,954 - INFO  - monitor_and_execute_trade - [SEIUSDT] - ℹ️  *******************************************************************
2025-07-05 08:50:54,059 - INFO  - monitor_and_execute_trade - [SEIUSDT] - ℹ️  Không có tín hiệu giao dịch.
2025-07-05 08:50:54,060 - INFO  - monitor_and_execute_trade - [SEIUSDT] - ℹ️  

2025-07-05 08:50:54,062 - INFO  - monitor_and_execute_trade - [CRVUSDT] - ℹ️  *******************************************************************
2025-07-05 08:50:54,064 - INFO  - monitor_and_execute_trade - [CRVUSDT] - ℹ️  🚀 Đang kiểm tra cặp coin: CRVUSDT🚀
2025-07-05 08:50:54,064 - INFO  - monitor_and_execute_trade - [CRVUSDT] - ℹ️  *******************************************************************
2025-07-05 08:50:54,087 - WARNI - check_spread_slippage     - [CRVUSDT] - ⚠️  CRVUSDT bị spread cao (0.2016%), bỏ qua
2025-07-05 08:50:54,088 - WARNI - monitor_and_execute_trade - [CRVUSDT] - ⚠️  Spread hoặc slippage không đạt yêu cầu.
2025-07-05 08:50:54,091 - INFO  - monitor_and_execute_trade - [PNUTUSDT] - ℹ️  *******************************************************************
2025-07-05 08:50:54,091 - INFO  - monitor_and_execute_trade - [PNUTUSDT] - ℹ️  🚀 Đang kiểm tra cặp coin: PNUTUSDT🚀
2025-07-05 08:50:54,094 - INFO  - monitor_and_execute_trade - [PNUTUSDT] - ℹ️  *******************************************************************
2025-07-05 08:50:54,198 - INFO  - monitor_and_execute_trade - [PNUTUSDT] - ℹ️  Không có tín hiệu giao dịch.
2025-07-05 08:50:54,199 - INFO  - monitor_and_execute_trade - [PNUTUSDT] - ℹ️  

2025-07-05 08:50:54,201 - INFO  - monitor_and_execute_trade - [TIAUSDT] - ℹ️  *******************************************************************
2025-07-05 08:50:54,203 - INFO  - monitor_and_execute_trade - [TIAUSDT] - ℹ️  🚀 Đang kiểm tra cặp coin: TIAUSDT🚀
2025-07-05 08:50:54,204 - INFO  - monitor_and_execute_trade - [TIAUSDT] - ℹ️  *******************************************************************
2025-07-05 08:50:54,318 - INFO  - monitor_and_execute_trade - [TIAUSDT] - ℹ️  Không có tín hiệu giao dịch.
2025-07-05 08:50:54,320 - INFO  - monitor_and_execute_trade - [TIAUSDT] - ℹ️  

2025-07-05 08:50:54,322 - INFO  - monitor_and_execute_trade - [ICNTUSDT] - ℹ️  *******************************************************************
2025-07-05 08:50:54,324 - INFO  - monitor_and_execute_trade - [ICNTUSDT] - ℹ️  🚀 Đang kiểm tra cặp coin: ICNTUSDT🚀
2025-07-05 08:50:54,324 - INFO  - monitor_and_execute_trade - [ICNTUSDT] - ℹ️  *******************************************************************
2025-07-05 08:50:54,430 - INFO  - monitor_and_execute_trade - [ICNTUSDT] - ℹ️  Không có tín hiệu giao dịch.
2025-07-05 08:50:54,431 - INFO  - monitor_and_execute_trade - [ICNTUSDT] - ℹ️  

2025-07-05 08:50:54,433 - INFO  - monitor_and_execute_trade - [VIDTUSDT] - ℹ️  *******************************************************************
2025-07-05 08:50:54,435 - INFO  - monitor_and_execute_trade - [VIDTUSDT] - ℹ️  🚀 Đang kiểm tra cặp coin: VIDTUSDT🚀
2025-07-05 08:50:54,435 - INFO  - monitor_and_execute_trade - [VIDTUSDT] - ℹ️  *******************************************************************
2025-07-05 08:50:54,454 - ERROR - check_spread_slippage     - [VIDTUSDT] - ❌  Lỗi khi kiểm tra spread/slippage cho VIDTUSDT: list index out of range
2025-07-05 08:50:54,456 - WARNI - monitor_and_execute_trade - [VIDTUSDT] - ⚠️  Spread hoặc slippage không đạt yêu cầu.
2025-07-05 08:50:54,458 - INFO  - monitor_and_execute_trade - [AGIXUSDT] - ℹ️  *******************************************************************
2025-07-05 08:50:54,460 - INFO  - monitor_and_execute_trade - [AGIXUSDT] - ℹ️  🚀 Đang kiểm tra cặp coin: AGIXUSDT🚀
2025-07-05 08:50:54,461 - INFO  - monitor_and_execute_trade - [AGIXUSDT] - ℹ️  *******************************************************************
2025-07-05 08:50:54,477 - ERROR - check_spread_slippage     - [AGIXUSDT] - ❌  Lỗi khi kiểm tra spread/slippage cho AGIXUSDT: list index out of range
2025-07-05 08:50:54,477 - WARNI - monitor_and_execute_trade - [AGIXUSDT] - ⚠️  Spread hoặc slippage không đạt yêu cầu.
2025-07-05 08:50:54,477 - INFO  - monitor_and_execute_trade - [FILUSDT] - ℹ️  *******************************************************************
2025-07-05 08:50:54,478 - INFO  - monitor_and_execute_trade - [FILUSDT] - ℹ️  🚀 Đang kiểm tra cặp coin: FILUSDT🚀
2025-07-05 08:50:54,478 - INFO  - monitor_and_execute_trade - [FILUSDT] - ℹ️  *******************************************************************
2025-07-05 08:50:54,581 - INFO  - monitor_and_execute_trade - [FILUSDT] - ℹ️  Không có tín hiệu giao dịch.
2025-07-05 08:50:54,582 - INFO  - monitor_and_execute_trade - [FILUSDT] - ℹ️  

2025-07-05 08:50:54,585 - INFO  - monitor_and_execute_trade - [HFTUSDT] - ℹ️  *******************************************************************
2025-07-05 08:50:54,585 - INFO  - monitor_and_execute_trade - [HFTUSDT] - ℹ️  🚀 Đang kiểm tra cặp coin: HFTUSDT🚀
2025-07-05 08:50:54,587 - INFO  - monitor_and_execute_trade - [HFTUSDT] - ℹ️  *******************************************************************
2025-07-05 08:50:54,694 - INFO  - monitor_and_execute_trade - [HFTUSDT] - ℹ️  Không có tín hiệu giao dịch.
2025-07-05 08:50:54,695 - INFO  - monitor_and_execute_trade - [HFTUSDT] - ℹ️  

2025-07-05 08:50:54,697 - INFO  - monitor_and_execute_trade - [UXLINKUSDT] - ℹ️  *******************************************************************
2025-07-05 08:50:54,699 - INFO  - monitor_and_execute_trade - [UXLINKUSDT] - ℹ️  🚀 Đang kiểm tra cặp coin: UXLINKUSDT🚀
2025-07-05 08:50:54,699 - INFO  - monitor_and_execute_trade - [UXLINKUSDT] - ℹ️  *******************************************************************
2025-07-05 08:50:54,767 - WARNI - monitor_and_execute_trade - [UXLINKUSDT] - ⚠️  Không có trend rõ ràng: long=uptrend, medium=downtrend, short=sideway
2025-07-05 08:50:54,768 - INFO  - monitor_and_execute_trade - [ONDOUSDT] - ℹ️  *******************************************************************
2025-07-05 08:50:54,770 - INFO  - monitor_and_execute_trade - [ONDOUSDT] - ℹ️  🚀 Đang kiểm tra cặp coin: ONDOUSDT🚀
2025-07-05 08:50:54,772 - INFO  - monitor_and_execute_trade - [ONDOUSDT] - ℹ️  *******************************************************************
2025-07-05 08:50:54,879 - INFO  - monitor_and_execute_trade - [ONDOUSDT] - ℹ️  Không có tín hiệu giao dịch.
2025-07-05 08:50:54,880 - INFO  - monitor_and_execute_trade - [ONDOUSDT] - ℹ️  

2025-07-05 08:50:54,882 - INFO  - monitor_and_execute_trade - [NEARUSDT] - ℹ️  *******************************************************************
2025-07-05 08:50:54,884 - INFO  - monitor_and_execute_trade - [NEARUSDT] - ℹ️  🚀 Đang kiểm tra cặp coin: NEARUSDT🚀
2025-07-05 08:50:54,884 - INFO  - monitor_and_execute_trade - [NEARUSDT] - ℹ️  *******************************************************************
2025-07-05 08:50:55,000 - INFO  - monitor_and_execute_trade - [NEARUSDT] - ℹ️  Không có tín hiệu giao dịch.
2025-07-05 08:50:55,002 - INFO  - monitor_and_execute_trade - [NEARUSDT] - ℹ️  

2025-07-05 08:50:55,004 - INFO  - monitor_and_execute_trade - [1000SHIBUSDT] - ℹ️  *******************************************************************
2025-07-05 08:50:55,006 - INFO  - monitor_and_execute_trade - [1000SHIBUSDT] - ℹ️  🚀 Đang kiểm tra cặp coin: 1000SHIBUSDT🚀
2025-07-05 08:50:55,006 - INFO  - monitor_and_execute_trade - [1000SHIBUSDT] - ℹ️  *******************************************************************
2025-07-05 08:50:55,114 - INFO  - monitor_and_execute_trade - [1000SHIBUSDT] - ℹ️  Không có tín hiệu giao dịch.
2025-07-05 08:50:55,116 - INFO  - monitor_and_execute_trade - [1000SHIBUSDT] - ℹ️  

2025-07-05 08:50:55,118 - INFO  - monitor_and_execute_trade - [OPUSDT] - ℹ️  *******************************************************************
2025-07-05 08:50:55,120 - INFO  - monitor_and_execute_trade - [OPUSDT] - ℹ️  🚀 Đang kiểm tra cặp coin: OPUSDT🚀
2025-07-05 08:50:55,120 - INFO  - monitor_and_execute_trade - [OPUSDT] - ℹ️  *******************************************************************
2025-07-05 08:50:55,224 - INFO  - monitor_and_execute_trade - [OPUSDT] - ℹ️  Không có tín hiệu giao dịch.
2025-07-05 08:50:55,226 - INFO  - monitor_and_execute_trade - [OPUSDT] - ℹ️  

2025-07-05 08:50:55,228 - INFO  - monitor_and_execute_trade - [LINAUSDT] - ℹ️  *******************************************************************
2025-07-05 08:50:55,230 - INFO  - monitor_and_execute_trade - [LINAUSDT] - ℹ️  🚀 Đang kiểm tra cặp coin: LINAUSDT🚀
2025-07-05 08:50:55,230 - INFO  - monitor_and_execute_trade - [LINAUSDT] - ℹ️  *******************************************************************
2025-07-05 08:50:55,251 - ERROR - check_spread_slippage     - [LINAUSDT] - ❌  Lỗi khi kiểm tra spread/slippage cho LINAUSDT: list index out of range
2025-07-05 08:50:55,254 - WARNI - monitor_and_execute_trade - [LINAUSDT] - ⚠️  Spread hoặc slippage không đạt yêu cầu.
2025-07-05 08:50:55,255 - INFO  - monitor_and_execute_trade - [BANANAS31USDT] - ℹ️  *******************************************************************
2025-07-05 08:50:55,257 - INFO  - monitor_and_execute_trade - [BANANAS31USDT] - ℹ️  🚀 Đang kiểm tra cặp coin: BANANAS31USDT🚀
2025-07-05 08:50:55,258 - INFO  - monitor_and_execute_trade - [BANANAS31USDT] - ℹ️  *******************************************************************
2025-07-05 08:50:55,366 - INFO  - monitor_and_execute_trade - [BANANAS31USDT] - ℹ️  Không có tín hiệu giao dịch.
2025-07-05 08:50:55,367 - INFO  - monitor_and_execute_trade - [BANANAS31USDT] - ℹ️  

2025-07-05 08:50:55,369 - INFO  - monitor_and_execute_trade - [APTUSDT] - ℹ️  *******************************************************************
2025-07-05 08:50:55,371 - INFO  - monitor_and_execute_trade - [APTUSDT] - ℹ️  🚀 Đang kiểm tra cặp coin: APTUSDT🚀
2025-07-05 08:50:55,371 - INFO  - monitor_and_execute_trade - [APTUSDT] - ℹ️  *******************************************************************
2025-07-05 08:50:55,440 - WARNI - monitor_and_execute_trade - [APTUSDT] - ⚠️  Không có trend rõ ràng: long=sideway, medium=uptrend, short=downtrend
2025-07-05 08:50:55,442 - INFO  - monitor_and_execute_trade - [WLDUSDT] - ℹ️  *******************************************************************
2025-07-05 08:50:55,444 - INFO  - monitor_and_execute_trade - [WLDUSDT] - ℹ️  🚀 Đang kiểm tra cặp coin: WLDUSDT🚀
2025-07-05 08:50:55,446 - INFO  - monitor_and_execute_trade - [WLDUSDT] - ℹ️  *******************************************************************
2025-07-05 08:50:55,550 - INFO  - monitor_and_execute_trade - [WLDUSDT] - ℹ️  Không có tín hiệu giao dịch.
2025-07-05 08:50:55,552 - INFO  - monitor_and_execute_trade - [WLDUSDT] - ℹ️  

2025-07-05 08:50:55,554 - INFO  - monitor_and_execute_trade - [FTMUSDT] - ℹ️  *******************************************************************
2025-07-05 08:50:55,556 - INFO  - monitor_and_execute_trade - [FTMUSDT] - ℹ️  🚀 Đang kiểm tra cặp coin: FTMUSDT🚀
2025-07-05 08:50:55,556 - INFO  - monitor_and_execute_trade - [FTMUSDT] - ℹ️  *******************************************************************
2025-07-05 08:50:55,576 - ERROR - check_spread_slippage     - [FTMUSDT] - ❌  Lỗi khi kiểm tra spread/slippage cho FTMUSDT: list index out of range
2025-07-05 08:50:55,578 - WARNI - monitor_and_execute_trade - [FTMUSDT] - ⚠️  Spread hoặc slippage không đạt yêu cầu.
2025-07-05 08:50:55,580 - INFO  - monitor_and_execute_trade - [TAOUSDT] - ℹ️  *******************************************************************
2025-07-05 08:50:55,581 - INFO  - monitor_and_execute_trade - [TAOUSDT] - ℹ️  🚀 Đang kiểm tra cặp coin: TAOUSDT🚀
2025-07-05 08:50:55,582 - INFO  - monitor_and_execute_trade - [TAOUSDT] - ℹ️  *******************************************************************
2025-07-05 08:50:55,689 - INFO  - monitor_and_execute_trade - [TAOUSDT] - ℹ️  Không có tín hiệu giao dịch.
2025-07-05 08:50:55,690 - INFO  - monitor_and_execute_trade - [TAOUSDT] - ℹ️  

2025-07-05 08:50:55,692 - INFO  - monitor_and_execute_trade - [MYXUSDT] - ℹ️  *******************************************************************
2025-07-05 08:50:55,694 - INFO  - monitor_and_execute_trade - [MYXUSDT] - ℹ️  🚀 Đang kiểm tra cặp coin: MYXUSDT🚀
2025-07-05 08:50:55,695 - INFO  - monitor_and_execute_trade - [MYXUSDT] - ℹ️  *******************************************************************
2025-07-05 08:50:55,803 - INFO  - monitor_and_execute_trade - [MYXUSDT] - ℹ️  Không có tín hiệu giao dịch.
2025-07-05 08:50:55,804 - INFO  - monitor_and_execute_trade - [MYXUSDT] - ℹ️  

2025-07-05 08:50:55,806 - INFO  - monitor_and_execute_trade - [INJUSDT] - ℹ️  *******************************************************************
2025-07-05 08:50:55,808 - INFO  - monitor_and_execute_trade - [INJUSDT] - ℹ️  🚀 Đang kiểm tra cặp coin: INJUSDT🚀
2025-07-05 08:50:55,809 - INFO  - monitor_and_execute_trade - [INJUSDT] - ℹ️  *******************************************************************
2025-07-05 08:50:55,913 - INFO  - monitor_and_execute_trade - [INJUSDT] - ℹ️  Không có tín hiệu giao dịch.
2025-07-05 08:50:55,915 - INFO  - monitor_and_execute_trade - [INJUSDT] - ℹ️  

2025-07-05 08:50:55,917 - INFO  - monitor_and_execute_trade - [GUNUSDT] - ℹ️  *******************************************************************
2025-07-05 08:50:55,919 - INFO  - monitor_and_execute_trade - [GUNUSDT] - ℹ️  🚀 Đang kiểm tra cặp coin: GUNUSDT🚀
2025-07-05 08:50:55,919 - INFO  - monitor_and_execute_trade - [GUNUSDT] - ℹ️  *******************************************************************
2025-07-05 08:50:56,027 - INFO  - monitor_and_execute_trade - [GUNUSDT] - ℹ️  Không có tín hiệu giao dịch.
2025-07-05 08:50:56,028 - INFO  - monitor_and_execute_trade - [GUNUSDT] - ℹ️  

2025-07-05 08:50:56,030 - INFO  - monitor_and_execute_trade - [AI16ZUSDT] - ℹ️  *******************************************************************
2025-07-05 08:50:56,032 - INFO  - monitor_and_execute_trade - [AI16ZUSDT] - ℹ️  🚀 Đang kiểm tra cặp coin: AI16ZUSDT🚀
2025-07-05 08:50:56,033 - INFO  - monitor_and_execute_trade - [AI16ZUSDT] - ℹ️  *******************************************************************
2025-07-05 08:50:56,147 - INFO  - monitor_and_execute_trade - [AI16ZUSDT] - ℹ️  Không có tín hiệu giao dịch.
2025-07-05 08:50:56,149 - INFO  - monitor_and_execute_trade - [AI16ZUSDT] - ℹ️  

2025-07-05 08:50:56,150 - INFO  - monitor_and_execute_trade - [TRXUSDT] - ℹ️  *******************************************************************
2025-07-05 08:50:56,153 - INFO  - monitor_and_execute_trade - [TRXUSDT] - ℹ️  🚀 Đang kiểm tra cặp coin: TRXUSDT🚀
2025-07-05 08:50:56,153 - INFO  - monitor_and_execute_trade - [TRXUSDT] - ℹ️  *******************************************************************
2025-07-05 08:50:56,271 - INFO  - monitor_and_execute_trade - [TRXUSDT] - ℹ️  Không có tín hiệu giao dịch.
2025-07-05 08:50:56,273 - INFO  - monitor_and_execute_trade - [TRXUSDT] - ℹ️  

2025-07-05 08:50:56,276 - INFO  - monitor_and_execute_trade - [DMCUSDT] - ℹ️  *******************************************************************
2025-07-05 08:50:56,276 - INFO  - monitor_and_execute_trade - [DMCUSDT] - ℹ️  🚀 Đang kiểm tra cặp coin: DMCUSDT🚀
2025-07-05 08:50:56,278 - INFO  - monitor_and_execute_trade - [DMCUSDT] - ℹ️  *******************************************************************
2025-07-05 08:50:56,390 - INFO  - monitor_and_execute_trade - [DMCUSDT] - ℹ️  Không có tín hiệu giao dịch.
2025-07-05 08:50:56,391 - INFO  - monitor_and_execute_trade - [DMCUSDT] - ℹ️  

2025-07-05 08:50:56,393 - INFO  - monitor_and_execute_trade - [WAVESUSDT] - ℹ️  *******************************************************************
2025-07-05 08:50:56,395 - INFO  - monitor_and_execute_trade - [WAVESUSDT] - ℹ️  🚀 Đang kiểm tra cặp coin: WAVESUSDT🚀
2025-07-05 08:50:56,395 - INFO  - monitor_and_execute_trade - [WAVESUSDT] - ℹ️  *******************************************************************
2025-07-05 08:50:56,418 - ERROR - check_spread_slippage     - [WAVESUSDT] - ❌  Lỗi khi kiểm tra spread/slippage cho WAVESUSDT: list index out of range
2025-07-05 08:50:56,420 - WARNI - monitor_and_execute_trade - [WAVESUSDT] - ⚠️  Spread hoặc slippage không đạt yêu cầu.
2025-07-05 08:50:56,422 - INFO  - monitor_and_execute_trade - [NEWTUSDT] - ℹ️  *******************************************************************
2025-07-05 08:50:56,424 - INFO  - monitor_and_execute_trade - [NEWTUSDT] - ℹ️  🚀 Đang kiểm tra cặp coin: NEWTUSDT🚀
2025-07-05 08:50:56,425 - INFO  - monitor_and_execute_trade - [NEWTUSDT] - ℹ️  *******************************************************************
2025-07-05 08:50:56,491 - WARNI - monitor_and_execute_trade - [NEWTUSDT] - ⚠️  Không có trend rõ ràng: long=uptrend, medium=sideway, short=downtrend
2025-07-05 08:50:56,492 - INFO  - monitor_and_execute_trade - [AMBUSDT] - ℹ️  *******************************************************************
2025-07-05 08:50:56,494 - INFO  - monitor_and_execute_trade - [AMBUSDT] - ℹ️  🚀 Đang kiểm tra cặp coin: AMBUSDT🚀
2025-07-05 08:50:56,496 - INFO  - monitor_and_execute_trade - [AMBUSDT] - ℹ️  *******************************************************************
2025-07-05 08:50:56,517 - ERROR - check_spread_slippage     - [AMBUSDT] - ❌  Lỗi khi kiểm tra spread/slippage cho AMBUSDT: list index out of range
2025-07-05 08:50:56,520 - WARNI - monitor_and_execute_trade - [AMBUSDT] - ⚠️  Spread hoặc slippage không đạt yêu cầu.
2025-07-05 08:50:56,521 - INFO  - monitor_and_execute_trade - [OCEANUSDT] - ℹ️  *******************************************************************
2025-07-05 08:50:56,523 - INFO  - monitor_and_execute_trade - [OCEANUSDT] - ℹ️  🚀 Đang kiểm tra cặp coin: OCEANUSDT🚀
2025-07-05 08:50:56,523 - INFO  - monitor_and_execute_trade - [OCEANUSDT] - ℹ️  *******************************************************************
2025-07-05 08:50:56,541 - ERROR - check_spread_slippage     - [OCEANUSDT] - ❌  Lỗi khi kiểm tra spread/slippage cho OCEANUSDT: list index out of range
2025-07-05 08:50:56,541 - WARNI - monitor_and_execute_trade - [OCEANUSDT] - ⚠️  Spread hoặc slippage không đạt yêu cầu.
2025-07-05 08:50:56,541 - INFO  - monitor_and_execute_trade - [FETUSDT] - ℹ️  *******************************************************************
2025-07-05 08:50:56,541 - INFO  - monitor_and_execute_trade - [FETUSDT] - ℹ️  🚀 Đang kiểm tra cặp coin: FETUSDT🚀
2025-07-05 08:50:56,542 - INFO  - monitor_and_execute_trade - [FETUSDT] - ℹ️  *******************************************************************
2025-07-05 08:50:56,644 - INFO  - monitor_and_execute_trade - [FETUSDT] - ℹ️  Không có tín hiệu giao dịch.
2025-07-05 08:50:56,645 - INFO  - monitor_and_execute_trade - [FETUSDT] - ℹ️  

2025-07-05 08:50:56,648 - INFO  - monitor_and_execute_trade - [SPXUSDT] - ℹ️  *******************************************************************
2025-07-05 08:50:56,649 - INFO  - monitor_and_execute_trade - [SPXUSDT] - ℹ️  🚀 Đang kiểm tra cặp coin: SPXUSDT🚀
2025-07-05 08:50:56,651 - INFO  - monitor_and_execute_trade - [SPXUSDT] - ℹ️  *******************************************************************
2025-07-05 08:50:56,757 - INFO  - monitor_and_execute_trade - [SPXUSDT] - ℹ️  Không có tín hiệu giao dịch.
2025-07-05 08:50:56,758 - INFO  - monitor_and_execute_trade - [SPXUSDT] - ℹ️  

2025-07-05 08:50:56,760 - INFO  - monitor_and_execute_trade - [SPXUSDT] - ℹ️  Đã kiểm tra tất cả các cặp coin.
2025-07-05 08:50:56,762 - INFO  - monitor_and_execute_trade - [SPXUSDT] - ℹ️  Đang chờ 5 phút trước khi kiểm tra lại...
2025-07-05 08:55:56,769 - INFO  - monitor_and_execute_trade - [BTCUSDT] - ℹ️  *******************************************************************
2025-07-05 08:55:56,771 - INFO  - monitor_and_execute_trade - [BTCUSDT] - ℹ️  🚀 Đang kiểm tra cặp coin: BTCUSDT🚀
2025-07-05 08:55:56,773 - INFO  - monitor_and_execute_trade - [BTCUSDT] - ℹ️  *******************************************************************
2025-07-05 08:55:57,017 - INFO  - monitor_and_execute_trade - [BTCUSDT] - ℹ️  Không có tín hiệu giao dịch.
2025-07-05 08:55:57,018 - INFO  - monitor_and_execute_trade - [BTCUSDT] - ℹ️  

2025-07-05 08:55:57,020 - INFO  - monitor_and_execute_trade - [ETHUSDT] - ℹ️  *******************************************************************
2025-07-05 08:55:57,022 - INFO  - monitor_and_execute_trade - [ETHUSDT] - ℹ️  🚀 Đang kiểm tra cặp coin: ETHUSDT🚀
2025-07-05 08:55:57,022 - INFO  - monitor_and_execute_trade - [ETHUSDT] - ℹ️  *******************************************************************
2025-07-05 08:55:57,130 - INFO  - monitor_and_execute_trade - [ETHUSDT] - ℹ️  Không có tín hiệu giao dịch.
2025-07-05 08:55:57,131 - INFO  - monitor_and_execute_trade - [ETHUSDT] - ℹ️  

2025-07-05 08:55:57,133 - INFO  - monitor_and_execute_trade - [ALPACAUSDT] - ℹ️  *******************************************************************
2025-07-05 08:55:57,135 - INFO  - monitor_and_execute_trade - [ALPACAUSDT] - ℹ️  🚀 Đang kiểm tra cặp coin: ALPACAUSDT🚀
2025-07-05 08:55:57,135 - INFO  - monitor_and_execute_trade - [ALPACAUSDT] - ℹ️  *******************************************************************
2025-07-05 08:55:57,153 - ERROR - check_spread_slippage     - [ALPACAUSDT] - ❌  Lỗi khi kiểm tra spread/slippage cho ALPACAUSDT: list index out of range
2025-07-05 08:55:57,156 - WARNI - monitor_and_execute_trade - [ALPACAUSDT] - ⚠️  Spread hoặc slippage không đạt yêu cầu.
2025-07-05 08:55:57,156 - INFO  - monitor_and_execute_trade - [SOLUSDT] - ℹ️  *******************************************************************
2025-07-05 08:55:57,156 - INFO  - monitor_and_execute_trade - [SOLUSDT] - ℹ️  🚀 Đang kiểm tra cặp coin: SOLUSDT🚀
2025-07-05 08:55:57,156 - INFO  - monitor_and_execute_trade - [SOLUSDT] - ℹ️  *******************************************************************
2025-07-05 08:55:57,261 - INFO  - monitor_and_execute_trade - [SOLUSDT] - ℹ️  Không có tín hiệu giao dịch.
2025-07-05 08:55:57,262 - INFO  - monitor_and_execute_trade - [SOLUSDT] - ℹ️  

2025-07-05 08:55:57,264 - INFO  - monitor_and_execute_trade - [HUSDT] - ℹ️  *******************************************************************
2025-07-05 08:55:57,266 - INFO  - monitor_and_execute_trade - [HUSDT] - ℹ️  🚀 Đang kiểm tra cặp coin: HUSDT🚀
2025-07-05 08:55:57,266 - INFO  - monitor_and_execute_trade - [HUSDT] - ℹ️  *******************************************************************
2025-07-05 08:55:57,370 - INFO  - monitor_and_execute_trade - [HUSDT] - ℹ️  Không có tín hiệu giao dịch.
2025-07-05 08:55:57,371 - INFO  - monitor_and_execute_trade - [HUSDT] - ℹ️  

2025-07-05 08:55:57,373 - INFO  - monitor_and_execute_trade - [FUNUSDT] - ℹ️  *******************************************************************
2025-07-05 08:55:57,375 - INFO  - monitor_and_execute_trade - [FUNUSDT] - ℹ️  🚀 Đang kiểm tra cặp coin: FUNUSDT🚀
2025-07-05 08:55:57,375 - INFO  - monitor_and_execute_trade - [FUNUSDT] - ℹ️  *******************************************************************
2025-07-05 08:55:57,441 - WARNI - monitor_and_execute_trade - [FUNUSDT] - ⚠️  Không có trend rõ ràng: long=downtrend, medium=sideway, short=uptrend
2025-07-05 08:55:57,442 - INFO  - monitor_and_execute_trade - [DOGEUSDT] - ℹ️  *******************************************************************
2025-07-05 08:55:57,444 - INFO  - monitor_and_execute_trade - [DOGEUSDT] - ℹ️  🚀 Đang kiểm tra cặp coin: DOGEUSDT🚀
2025-07-05 08:55:57,446 - INFO  - monitor_and_execute_trade - [DOGEUSDT] - ℹ️  *******************************************************************
2025-07-05 08:55:57,510 - WARNI - monitor_and_execute_trade - [DOGEUSDT] - ⚠️  Không có trend rõ ràng: long=sideway, medium=uptrend, short=downtrend
2025-07-05 08:55:57,512 - INFO  - monitor_and_execute_trade - [1000PEPEUSDT] - ℹ️  *******************************************************************
2025-07-05 08:55:57,513 - INFO  - monitor_and_execute_trade - [1000PEPEUSDT] - ℹ️  🚀 Đang kiểm tra cặp coin: 1000PEPEUSDT🚀
2025-07-05 08:55:57,516 - INFO  - monitor_and_execute_trade - [1000PEPEUSDT] - ℹ️  *******************************************************************
2025-07-05 08:55:57,624 - INFO  - monitor_and_execute_trade - [1000PEPEUSDT] - ℹ️  Không có tín hiệu giao dịch.
2025-07-05 08:55:57,626 - INFO  - monitor_and_execute_trade - [1000PEPEUSDT] - ℹ️  

2025-07-05 08:55:57,627 - INFO  - monitor_and_execute_trade - [XRPUSDT] - ℹ️  *******************************************************************
2025-07-05 08:55:57,629 - INFO  - monitor_and_execute_trade - [XRPUSDT] - ℹ️  🚀 Đang kiểm tra cặp coin: XRPUSDT🚀
2025-07-05 08:55:57,630 - INFO  - monitor_and_execute_trade - [XRPUSDT] - ℹ️  *******************************************************************
2025-07-05 08:55:57,733 - INFO  - monitor_and_execute_trade - [XRPUSDT] - ℹ️  Không có tín hiệu giao dịch.
2025-07-05 08:55:57,734 - INFO  - monitor_and_execute_trade - [XRPUSDT] - ℹ️  

2025-07-05 08:55:57,736 - INFO  - monitor_and_execute_trade - [BNXUSDT] - ℹ️  *******************************************************************
2025-07-05 08:55:57,738 - INFO  - monitor_and_execute_trade - [BNXUSDT] - ℹ️  🚀 Đang kiểm tra cặp coin: BNXUSDT🚀
2025-07-05 08:55:57,739 - INFO  - monitor_and_execute_trade - [BNXUSDT] - ℹ️  *******************************************************************
2025-07-05 08:55:57,757 - ERROR - check_spread_slippage     - [BNXUSDT] - ❌  Lỗi khi kiểm tra spread/slippage cho BNXUSDT: list index out of range
2025-07-05 08:55:57,760 - WARNI - monitor_and_execute_trade - [BNXUSDT] - ⚠️  Spread hoặc slippage không đạt yêu cầu.
2025-07-05 08:55:57,760 - INFO  - monitor_and_execute_trade - [SUIUSDT] - ℹ️  *******************************************************************
2025-07-05 08:55:57,760 - INFO  - monitor_and_execute_trade - [SUIUSDT] - ℹ️  🚀 Đang kiểm tra cặp coin: SUIUSDT🚀
2025-07-05 08:55:57,763 - INFO  - monitor_and_execute_trade - [SUIUSDT] - ℹ️  *******************************************************************
2025-07-05 08:55:57,871 - INFO  - monitor_and_execute_trade - [SUIUSDT] - ℹ️  Không có tín hiệu giao dịch.
2025-07-05 08:55:57,873 - INFO  - monitor_and_execute_trade - [SUIUSDT] - ℹ️  

2025-07-05 08:55:57,875 - INFO  - monitor_and_execute_trade - [WIFUSDT] - ℹ️  *******************************************************************
2025-07-05 08:55:57,876 - INFO  - monitor_and_execute_trade - [WIFUSDT] - ℹ️  🚀 Đang kiểm tra cặp coin: WIFUSDT🚀
2025-07-05 08:55:57,876 - INFO  - monitor_and_execute_trade - [WIFUSDT] - ℹ️  *******************************************************************
2025-07-05 08:55:57,980 - INFO  - monitor_and_execute_trade - [WIFUSDT] - ℹ️  Không có tín hiệu giao dịch.
2025-07-05 08:55:57,981 - INFO  - monitor_and_execute_trade - [WIFUSDT] - ℹ️  

2025-07-05 08:55:57,983 - INFO  - monitor_and_execute_trade - [UNIUSDT] - ℹ️  *******************************************************************
2025-07-05 08:55:57,985 - INFO  - monitor_and_execute_trade - [UNIUSDT] - ℹ️  🚀 Đang kiểm tra cặp coin: UNIUSDT🚀
2025-07-05 08:55:57,985 - INFO  - monitor_and_execute_trade - [UNIUSDT] - ℹ️  *******************************************************************
2025-07-05 08:55:58,060 - WARNI - monitor_and_execute_trade - [UNIUSDT] - ⚠️  Không có trend rõ ràng: long=sideway, medium=uptrend, short=downtrend
2025-07-05 08:55:58,061 - INFO  - monitor_and_execute_trade - [PENGUUSDT] - ℹ️  *******************************************************************
2025-07-05 08:55:58,063 - INFO  - monitor_and_execute_trade - [PENGUUSDT] - ℹ️  🚀 Đang kiểm tra cặp coin: PENGUUSDT🚀
2025-07-05 08:55:58,065 - INFO  - monitor_and_execute_trade - [PENGUUSDT] - ℹ️  *******************************************************************
2025-07-05 08:55:58,168 - INFO  - monitor_and_execute_trade - [PENGUUSDT] - ℹ️  Không có tín hiệu giao dịch.
2025-07-05 08:55:58,169 - INFO  - monitor_and_execute_trade - [PENGUUSDT] - ℹ️  

2025-07-05 08:55:58,171 - INFO  - monitor_and_execute_trade - [FARTCOINUSDT] - ℹ️  *******************************************************************
2025-07-05 08:55:58,173 - INFO  - monitor_and_execute_trade - [FARTCOINUSDT] - ℹ️  🚀 Đang kiểm tra cặp coin: FARTCOINUSDT🚀
2025-07-05 08:55:58,173 - INFO  - monitor_and_execute_trade - [FARTCOINUSDT] - ℹ️  *******************************************************************
2025-07-05 08:55:58,264 - WARNI - monitor_and_execute_trade - [FARTCOINUSDT] - ⚠️  Đảo chiều xác nhận (15m), bỏ qua lệnh
2025-07-05 08:55:58,265 - INFO  - monitor_and_execute_trade - [ADAUSDT] - ℹ️  *******************************************************************
2025-07-05 08:55:58,266 - INFO  - monitor_and_execute_trade - [ADAUSDT] - ℹ️  🚀 Đang kiểm tra cặp coin: ADAUSDT🚀
2025-07-05 08:55:58,268 - INFO  - monitor_and_execute_trade - [ADAUSDT] - ℹ️  *******************************************************************
2025-07-05 08:55:58,371 - INFO  - monitor_and_execute_trade - [ADAUSDT] - ℹ️  Không có tín hiệu giao dịch.
2025-07-05 08:55:58,373 - INFO  - monitor_and_execute_trade - [ADAUSDT] - ℹ️  

2025-07-05 08:55:58,375 - INFO  - monitor_and_execute_trade - [MOODENGUSDT] - ℹ️  *******************************************************************
2025-07-05 08:55:58,376 - INFO  - monitor_and_execute_trade - [MOODENGUSDT] - ℹ️  🚀 Đang kiểm tra cặp coin: MOODENGUSDT🚀
2025-07-05 08:55:58,378 - INFO  - monitor_and_execute_trade - [MOODENGUSDT] - ℹ️  *******************************************************************
2025-07-05 08:55:58,482 - INFO  - monitor_and_execute_trade - [MOODENGUSDT] - ℹ️  Không có tín hiệu giao dịch.
2025-07-05 08:55:58,483 - INFO  - monitor_and_execute_trade - [MOODENGUSDT] - ℹ️  

2025-07-05 08:55:58,485 - INFO  - monitor_and_execute_trade - [1000BONKUSDT] - ℹ️  *******************************************************************
2025-07-05 08:55:58,487 - INFO  - monitor_and_execute_trade - [1000BONKUSDT] - ℹ️  🚀 Đang kiểm tra cặp coin: 1000BONKUSDT🚀
2025-07-05 08:55:58,487 - INFO  - monitor_and_execute_trade - [1000BONKUSDT] - ℹ️  *******************************************************************
2025-07-05 08:55:58,593 - INFO  - monitor_and_execute_trade - [1000BONKUSDT] - ℹ️  Không có tín hiệu giao dịch.
2025-07-05 08:55:58,594 - INFO  - monitor_and_execute_trade - [1000BONKUSDT] - ℹ️  

2025-07-05 08:55:58,596 - INFO  - monitor_and_execute_trade - [AAVEUSDT] - ℹ️  *******************************************************************
2025-07-05 08:55:58,598 - INFO  - monitor_and_execute_trade - [AAVEUSDT] - ℹ️  🚀 Đang kiểm tra cặp coin: AAVEUSDT🚀
2025-07-05 08:55:58,599 - INFO  - monitor_and_execute_trade - [AAVEUSDT] - ℹ️  *******************************************************************
2025-07-05 08:55:58,681 - WARNI - monitor_and_execute_trade - [AAVEUSDT] - ⚠️  Đảo chiều xác nhận (15m), bỏ qua lệnh
2025-07-05 08:55:58,682 - INFO  - monitor_and_execute_trade - [LINKUSDT] - ℹ️  *******************************************************************
2025-07-05 08:55:58,683 - INFO  - monitor_and_execute_trade - [LINKUSDT] - ℹ️  🚀 Đang kiểm tra cặp coin: LINKUSDT🚀
2025-07-05 08:55:58,685 - INFO  - monitor_and_execute_trade - [LINKUSDT] - ℹ️  *******************************************************************
2025-07-05 08:55:58,796 - INFO  - monitor_and_execute_trade - [LINKUSDT] - ℹ️  Không có tín hiệu giao dịch.
2025-07-05 08:55:58,798 - INFO  - monitor_and_execute_trade - [LINKUSDT] - ℹ️  

2025-07-05 08:55:58,799 - INFO  - monitor_and_execute_trade - [BCHUSDT] - ℹ️  *******************************************************************
2025-07-05 08:55:58,802 - INFO  - monitor_and_execute_trade - [BCHUSDT] - ℹ️  🚀 Đang kiểm tra cặp coin: BCHUSDT🚀
2025-07-05 08:55:58,802 - INFO  - monitor_and_execute_trade - [BCHUSDT] - ℹ️  *******************************************************************
2025-07-05 08:55:58,911 - INFO  - monitor_and_execute_trade - [BCHUSDT] - ℹ️  Không có tín hiệu giao dịch.
2025-07-05 08:55:58,913 - INFO  - monitor_and_execute_trade - [BCHUSDT] - ℹ️  

2025-07-05 08:55:58,916 - INFO  - monitor_and_execute_trade - [SAHARAUSDT] - ℹ️  *******************************************************************
2025-07-05 08:55:58,916 - INFO  - monitor_and_execute_trade - [SAHARAUSDT] - ℹ️  🚀 Đang kiểm tra cặp coin: SAHARAUSDT🚀
2025-07-05 08:55:58,917 - INFO  - monitor_and_execute_trade - [SAHARAUSDT] - ℹ️  *******************************************************************
2025-07-05 08:55:59,024 - INFO  - monitor_and_execute_trade - [SAHARAUSDT] - ℹ️  Không có tín hiệu giao dịch.
2025-07-05 08:55:59,026 - INFO  - monitor_and_execute_trade - [SAHARAUSDT] - ℹ️  

2025-07-05 08:55:59,027 - INFO  - monitor_and_execute_trade - [ENAUSDT] - ℹ️  *******************************************************************
2025-07-05 08:55:59,030 - INFO  - monitor_and_execute_trade - [ENAUSDT] - ℹ️  🚀 Đang kiểm tra cặp coin: ENAUSDT🚀
2025-07-05 08:55:59,030 - INFO  - monitor_and_execute_trade - [ENAUSDT] - ℹ️  *******************************************************************
2025-07-05 08:55:59,137 - INFO  - monitor_and_execute_trade - [ENAUSDT] - ℹ️  Không có tín hiệu giao dịch.
2025-07-05 08:55:59,138 - INFO  - monitor_and_execute_trade - [ENAUSDT] - ℹ️  

2025-07-05 08:55:59,140 - INFO  - monitor_and_execute_trade - [HYPEUSDT] - ℹ️  *******************************************************************
2025-07-05 08:55:59,142 - INFO  - monitor_and_execute_trade - [HYPEUSDT] - ℹ️  🚀 Đang kiểm tra cặp coin: HYPEUSDT🚀
2025-07-05 08:55:59,143 - INFO  - monitor_and_execute_trade - [HYPEUSDT] - ℹ️  *******************************************************************
2025-07-05 08:55:59,249 - INFO  - monitor_and_execute_trade - [HYPEUSDT] - ℹ️  Không có tín hiệu giao dịch.
2025-07-05 08:55:59,250 - INFO  - monitor_and_execute_trade - [HYPEUSDT] - ℹ️  

2025-07-05 08:55:59,252 - INFO  - monitor_and_execute_trade - [TRUMPUSDT] - ℹ️  *******************************************************************
2025-07-05 08:55:59,254 - INFO  - monitor_and_execute_trade - [TRUMPUSDT] - ℹ️  🚀 Đang kiểm tra cặp coin: TRUMPUSDT🚀
2025-07-05 08:55:59,255 - INFO  - monitor_and_execute_trade - [TRUMPUSDT] - ℹ️  *******************************************************************
2025-07-05 08:55:59,356 - INFO  - monitor_and_execute_trade - [TRUMPUSDT] - ℹ️  Không có tín hiệu giao dịch.
2025-07-05 08:55:59,357 - INFO  - monitor_and_execute_trade - [TRUMPUSDT] - ℹ️  

2025-07-05 08:55:59,359 - INFO  - monitor_and_execute_trade - [NEIROUSDT] - ℹ️  *******************************************************************
2025-07-05 08:55:59,361 - INFO  - monitor_and_execute_trade - [NEIROUSDT] - ℹ️  🚀 Đang kiểm tra cặp coin: NEIROUSDT🚀
2025-07-05 08:55:59,362 - INFO  - monitor_and_execute_trade - [NEIROUSDT] - ℹ️  *******************************************************************
2025-07-05 08:55:59,467 - INFO  - monitor_and_execute_trade - [NEIROUSDT] - ℹ️  Không có tín hiệu giao dịch.
2025-07-05 08:55:59,468 - INFO  - monitor_and_execute_trade - [NEIROUSDT] - ℹ️  

2025-07-05 08:55:59,470 - INFO  - monitor_and_execute_trade - [LTCUSDT] - ℹ️  *******************************************************************
2025-07-05 08:55:59,472 - INFO  - monitor_and_execute_trade - [LTCUSDT] - ℹ️  🚀 Đang kiểm tra cặp coin: LTCUSDT🚀
2025-07-05 08:55:59,473 - INFO  - monitor_and_execute_trade - [LTCUSDT] - ℹ️  *******************************************************************
2025-07-05 08:55:59,576 - INFO  - monitor_and_execute_trade - [LTCUSDT] - ℹ️  Không có tín hiệu giao dịch.
2025-07-05 08:55:59,577 - INFO  - monitor_and_execute_trade - [LTCUSDT] - ℹ️  

2025-07-05 08:55:59,579 - INFO  - monitor_and_execute_trade - [AVAXUSDT] - ℹ️  *******************************************************************
2025-07-05 08:55:59,581 - INFO  - monitor_and_execute_trade - [AVAXUSDT] - ℹ️  🚀 Đang kiểm tra cặp coin: AVAXUSDT🚀
2025-07-05 08:55:59,581 - INFO  - monitor_and_execute_trade - [AVAXUSDT] - ℹ️  *******************************************************************
2025-07-05 08:55:59,685 - INFO  - monitor_and_execute_trade - [AVAXUSDT] - ℹ️  Không có tín hiệu giao dịch.
2025-07-05 08:55:59,686 - INFO  - monitor_and_execute_trade - [AVAXUSDT] - ℹ️  

2025-07-05 08:55:59,688 - INFO  - monitor_and_execute_trade - [BNBUSDT] - ℹ️  *******************************************************************
2025-07-05 08:55:59,690 - INFO  - monitor_and_execute_trade - [BNBUSDT] - ℹ️  🚀 Đang kiểm tra cặp coin: BNBUSDT🚀
2025-07-05 08:55:59,690 - INFO  - monitor_and_execute_trade - [BNBUSDT] - ℹ️  *******************************************************************
2025-07-05 08:55:59,792 - INFO  - monitor_and_execute_trade - [BNBUSDT] - ℹ️  Không có tín hiệu giao dịch.
2025-07-05 08:55:59,794 - INFO  - monitor_and_execute_trade - [BNBUSDT] - ℹ️  

2025-07-05 08:55:59,796 - INFO  - monitor_and_execute_trade - [IDOLUSDT] - ℹ️  *******************************************************************
2025-07-05 08:55:59,798 - INFO  - monitor_and_execute_trade - [IDOLUSDT] - ℹ️  🚀 Đang kiểm tra cặp coin: IDOLUSDT🚀
2025-07-05 08:55:59,798 - INFO  - monitor_and_execute_trade - [IDOLUSDT] - ℹ️  *******************************************************************
2025-07-05 08:55:59,897 - WARNI - check_price_trend_signal  - [IDOLUSDT] - ⚠️  Không đủ dữ liệu nến để phân tích xu hướng
2025-07-05 08:55:59,904 - INFO  - monitor_and_execute_trade - [IDOLUSDT] - ℹ️  Không có tín hiệu giao dịch.
2025-07-05 08:55:59,905 - INFO  - monitor_and_execute_trade - [IDOLUSDT] - ℹ️  

2025-07-05 08:55:59,907 - INFO  - monitor_and_execute_trade - [VIRTUALUSDT] - ℹ️  *******************************************************************
2025-07-05 08:55:59,909 - INFO  - monitor_and_execute_trade - [VIRTUALUSDT] - ℹ️  🚀 Đang kiểm tra cặp coin: VIRTUALUSDT🚀
2025-07-05 08:55:59,909 - INFO  - monitor_and_execute_trade - [VIRTUALUSDT] - ℹ️  *******************************************************************
2025-07-05 08:56:00,015 - INFO  - monitor_and_execute_trade - [VIRTUALUSDT] - ℹ️  Không có tín hiệu giao dịch.
2025-07-05 08:56:00,016 - INFO  - monitor_and_execute_trade - [VIRTUALUSDT] - ℹ️  

2025-07-05 08:56:00,018 - INFO  - monitor_and_execute_trade - [DOTUSDT] - ℹ️  *******************************************************************
2025-07-05 08:56:00,020 - INFO  - monitor_and_execute_trade - [DOTUSDT] - ℹ️  🚀 Đang kiểm tra cặp coin: DOTUSDT🚀
2025-07-05 08:56:00,021 - INFO  - monitor_and_execute_trade - [DOTUSDT] - ℹ️  *******************************************************************
2025-07-05 08:56:00,130 - INFO  - monitor_and_execute_trade - [DOTUSDT] - ℹ️  Không có tín hiệu giao dịch.
2025-07-05 08:56:00,131 - INFO  - monitor_and_execute_trade - [DOTUSDT] - ℹ️  

2025-07-05 08:56:00,133 - INFO  - monitor_and_execute_trade - [ARBUSDT] - ℹ️  *******************************************************************
2025-07-05 08:56:00,135 - INFO  - monitor_and_execute_trade - [ARBUSDT] - ℹ️  🚀 Đang kiểm tra cặp coin: ARBUSDT🚀
2025-07-05 08:56:00,136 - INFO  - monitor_and_execute_trade - [ARBUSDT] - ℹ️  *******************************************************************
2025-07-05 08:56:00,246 - INFO  - monitor_and_execute_trade - [ARBUSDT] - ℹ️  Không có tín hiệu giao dịch.
2025-07-05 08:56:00,247 - INFO  - monitor_and_execute_trade - [ARBUSDT] - ℹ️  

2025-07-05 08:56:00,249 - INFO  - monitor_and_execute_trade - [BULLAUSDT] - ℹ️  *******************************************************************
2025-07-05 08:56:00,251 - INFO  - monitor_and_execute_trade - [BULLAUSDT] - ℹ️  🚀 Đang kiểm tra cặp coin: BULLAUSDT🚀
2025-07-05 08:56:00,251 - INFO  - monitor_and_execute_trade - [BULLAUSDT] - ℹ️  *******************************************************************
2025-07-05 08:56:00,274 - WARNI - check_spread_slippage     - [BULLAUSDT] - ⚠️  BULLAUSDT bị spread cao (0.1318%), bỏ qua
2025-07-05 08:56:00,276 - WARNI - monitor_and_execute_trade - [BULLAUSDT] - ⚠️  Spread hoặc slippage không đạt yêu cầu.
2025-07-05 08:56:00,278 - INFO  - monitor_and_execute_trade - [ARKUSDT] - ℹ️  *******************************************************************
2025-07-05 08:56:00,280 - INFO  - monitor_and_execute_trade - [ARKUSDT] - ℹ️  🚀 Đang kiểm tra cặp coin: ARKUSDT🚀
2025-07-05 08:56:00,280 - INFO  - monitor_and_execute_trade - [ARKUSDT] - ℹ️  *******************************************************************
2025-07-05 08:56:00,382 - INFO  - monitor_and_execute_trade - [ARKUSDT] - ℹ️  Không có tín hiệu giao dịch.
2025-07-05 08:56:00,383 - INFO  - monitor_and_execute_trade - [ARKUSDT] - ℹ️  

2025-07-05 08:56:00,385 - INFO  - monitor_and_execute_trade - [1000000BOBUSDT] - ℹ️  *******************************************************************
2025-07-05 08:56:00,386 - INFO  - monitor_and_execute_trade - [1000000BOBUSDT] - ℹ️  🚀 Đang kiểm tra cặp coin: 1000000BOBUSDT🚀
2025-07-05 08:56:00,388 - INFO  - monitor_and_execute_trade - [1000000BOBUSDT] - ℹ️  *******************************************************************
2025-07-05 08:56:00,495 - INFO  - monitor_and_execute_trade - [1000000BOBUSDT] - ℹ️  Không có tín hiệu giao dịch.
2025-07-05 08:56:00,497 - INFO  - monitor_and_execute_trade - [1000000BOBUSDT] - ℹ️  

2025-07-05 08:56:00,498 - INFO  - monitor_and_execute_trade - [SEIUSDT] - ℹ️  *******************************************************************
2025-07-05 08:56:00,500 - INFO  - monitor_and_execute_trade - [SEIUSDT] - ℹ️  🚀 Đang kiểm tra cặp coin: SEIUSDT🚀
2025-07-05 08:56:00,501 - INFO  - monitor_and_execute_trade - [SEIUSDT] - ℹ️  *******************************************************************
2025-07-05 08:56:00,577 - WARNI - monitor_and_execute_trade - [SEIUSDT] - ⚠️  Cảnh báo đảo chiều sớm (5m)
2025-07-05 08:56:00,578 - INFO  - monitor_and_execute_trade - [CRVUSDT] - ℹ️  *******************************************************************
2025-07-05 08:56:00,580 - INFO  - monitor_and_execute_trade - [CRVUSDT] - ℹ️  🚀 Đang kiểm tra cặp coin: CRVUSDT🚀
2025-07-05 08:56:00,582 - INFO  - monitor_and_execute_trade - [CRVUSDT] - ℹ️  *******************************************************************
2025-07-05 08:56:00,601 - WARNI - check_spread_slippage     - [CRVUSDT] - ⚠️  CRVUSDT bị spread cao (0.2012%), bỏ qua
2025-07-05 08:56:00,603 - WARNI - monitor_and_execute_trade - [CRVUSDT] - ⚠️  Spread hoặc slippage không đạt yêu cầu.
2025-07-05 08:56:00,606 - INFO  - monitor_and_execute_trade - [PNUTUSDT] - ℹ️  *******************************************************************
2025-07-05 08:56:00,606 - INFO  - monitor_and_execute_trade - [PNUTUSDT] - ℹ️  🚀 Đang kiểm tra cặp coin: PNUTUSDT🚀
2025-07-05 08:56:00,608 - INFO  - monitor_and_execute_trade - [PNUTUSDT] - ℹ️  *******************************************************************
2025-07-05 08:56:00,710 - INFO  - monitor_and_execute_trade - [PNUTUSDT] - ℹ️  Không có tín hiệu giao dịch.
2025-07-05 08:56:00,711 - INFO  - monitor_and_execute_trade - [PNUTUSDT] - ℹ️  

2025-07-05 08:56:00,713 - INFO  - monitor_and_execute_trade - [TIAUSDT] - ℹ️  *******************************************************************
2025-07-05 08:56:00,715 - INFO  - monitor_and_execute_trade - [TIAUSDT] - ℹ️  🚀 Đang kiểm tra cặp coin: TIAUSDT🚀
2025-07-05 08:56:00,715 - INFO  - monitor_and_execute_trade - [TIAUSDT] - ℹ️  *******************************************************************
2025-07-05 08:56:00,821 - INFO  - monitor_and_execute_trade - [TIAUSDT] - ℹ️  Không có tín hiệu giao dịch.
2025-07-05 08:56:00,823 - INFO  - monitor_and_execute_trade - [TIAUSDT] - ℹ️  

2025-07-05 08:56:00,826 - INFO  - monitor_and_execute_trade - [ICNTUSDT] - ℹ️  *******************************************************************
2025-07-05 08:56:00,826 - INFO  - monitor_and_execute_trade - [ICNTUSDT] - ℹ️  🚀 Đang kiểm tra cặp coin: ICNTUSDT🚀
2025-07-05 08:56:00,828 - INFO  - monitor_and_execute_trade - [ICNTUSDT] - ℹ️  *******************************************************************
2025-07-05 08:56:00,912 - WARNI - monitor_and_execute_trade - [ICNTUSDT] - ⚠️  Đảo chiều xác nhận (15m), bỏ qua lệnh
2025-07-05 08:56:00,914 - INFO  - monitor_and_execute_trade - [VIDTUSDT] - ℹ️  *******************************************************************
2025-07-05 08:56:00,915 - INFO  - monitor_and_execute_trade - [VIDTUSDT] - ℹ️  🚀 Đang kiểm tra cặp coin: VIDTUSDT🚀
2025-07-05 08:56:00,917 - INFO  - monitor_and_execute_trade - [VIDTUSDT] - ℹ️  *******************************************************************
2025-07-05 08:56:00,937 - ERROR - check_spread_slippage     - [VIDTUSDT] - ❌  Lỗi khi kiểm tra spread/slippage cho VIDTUSDT: list index out of range
2025-07-05 08:56:00,938 - WARNI - monitor_and_execute_trade - [VIDTUSDT] - ⚠️  Spread hoặc slippage không đạt yêu cầu.
2025-07-05 08:56:00,941 - INFO  - monitor_and_execute_trade - [AGIXUSDT] - ℹ️  *******************************************************************
2025-07-05 08:56:00,941 - INFO  - monitor_and_execute_trade - [AGIXUSDT] - ℹ️  🚀 Đang kiểm tra cặp coin: AGIXUSDT🚀
2025-07-05 08:56:00,944 - INFO  - monitor_and_execute_trade - [AGIXUSDT] - ℹ️  *******************************************************************
2025-07-05 08:56:00,961 - ERROR - check_spread_slippage     - [AGIXUSDT] - ❌  Lỗi khi kiểm tra spread/slippage cho AGIXUSDT: list index out of range
2025-07-05 08:56:00,961 - WARNI - monitor_and_execute_trade - [AGIXUSDT] - ⚠️  Spread hoặc slippage không đạt yêu cầu.
2025-07-05 08:56:00,962 - INFO  - monitor_and_execute_trade - [FILUSDT] - ℹ️  *******************************************************************
2025-07-05 08:56:00,962 - INFO  - monitor_and_execute_trade - [FILUSDT] - ℹ️  🚀 Đang kiểm tra cặp coin: FILUSDT🚀
2025-07-05 08:56:00,962 - INFO  - monitor_and_execute_trade - [FILUSDT] - ℹ️  *******************************************************************
2025-07-05 08:56:01,066 - INFO  - monitor_and_execute_trade - [FILUSDT] - ℹ️  Không có tín hiệu giao dịch.
2025-07-05 08:56:01,067 - INFO  - monitor_and_execute_trade - [FILUSDT] - ℹ️  

2025-07-05 08:56:01,071 - INFO  - monitor_and_execute_trade - [HFTUSDT] - ℹ️  *******************************************************************
2025-07-05 08:56:01,071 - INFO  - monitor_and_execute_trade - [HFTUSDT] - ℹ️  🚀 Đang kiểm tra cặp coin: HFTUSDT🚀
2025-07-05 08:56:01,073 - INFO  - monitor_and_execute_trade - [HFTUSDT] - ℹ️  *******************************************************************
2025-07-05 08:56:01,177 - INFO  - monitor_and_execute_trade - [HFTUSDT] - ℹ️  Không có tín hiệu giao dịch.
2025-07-05 08:56:01,178 - INFO  - monitor_and_execute_trade - [HFTUSDT] - ℹ️  

2025-07-05 08:56:01,180 - INFO  - monitor_and_execute_trade - [UXLINKUSDT] - ℹ️  *******************************************************************
2025-07-05 08:56:01,182 - INFO  - monitor_and_execute_trade - [UXLINKUSDT] - ℹ️  🚀 Đang kiểm tra cặp coin: UXLINKUSDT🚀
2025-07-05 08:56:01,183 - INFO  - monitor_and_execute_trade - [UXLINKUSDT] - ℹ️  *******************************************************************
2025-07-05 08:56:01,253 - WARNI - monitor_and_execute_trade - [UXLINKUSDT] - ⚠️  Không có trend rõ ràng: long=uptrend, medium=downtrend, short=sideway
2025-07-05 08:56:01,255 - INFO  - monitor_and_execute_trade - [ONDOUSDT] - ℹ️  *******************************************************************
2025-07-05 08:56:01,256 - INFO  - monitor_and_execute_trade - [ONDOUSDT] - ℹ️  🚀 Đang kiểm tra cặp coin: ONDOUSDT🚀
2025-07-05 08:56:01,258 - INFO  - monitor_and_execute_trade - [ONDOUSDT] - ℹ️  *******************************************************************
2025-07-05 08:56:01,361 - INFO  - monitor_and_execute_trade - [ONDOUSDT] - ℹ️  Không có tín hiệu giao dịch.
2025-07-05 08:56:01,363 - INFO  - monitor_and_execute_trade - [ONDOUSDT] - ℹ️  

2025-07-05 08:56:01,365 - INFO  - monitor_and_execute_trade - [NEARUSDT] - ℹ️  *******************************************************************
2025-07-05 08:56:01,367 - INFO  - monitor_and_execute_trade - [NEARUSDT] - ℹ️  🚀 Đang kiểm tra cặp coin: NEARUSDT🚀
2025-07-05 08:56:01,367 - INFO  - monitor_and_execute_trade - [NEARUSDT] - ℹ️  *******************************************************************
2025-07-05 08:56:01,472 - INFO  - monitor_and_execute_trade - [NEARUSDT] - ℹ️  Không có tín hiệu giao dịch.
2025-07-05 08:56:01,473 - INFO  - monitor_and_execute_trade - [NEARUSDT] - ℹ️  

2025-07-05 08:56:01,475 - INFO  - monitor_and_execute_trade - [1000SHIBUSDT] - ℹ️  *******************************************************************
2025-07-05 08:56:01,477 - INFO  - monitor_and_execute_trade - [1000SHIBUSDT] - ℹ️  🚀 Đang kiểm tra cặp coin: 1000SHIBUSDT🚀
2025-07-05 08:56:01,478 - INFO  - monitor_and_execute_trade - [1000SHIBUSDT] - ℹ️  *******************************************************************
2025-07-05 08:56:01,590 - INFO  - monitor_and_execute_trade - [1000SHIBUSDT] - ℹ️  Không có tín hiệu giao dịch.
2025-07-05 08:56:01,592 - INFO  - monitor_and_execute_trade - [1000SHIBUSDT] - ℹ️  

2025-07-05 08:56:01,593 - INFO  - monitor_and_execute_trade - [OPUSDT] - ℹ️  *******************************************************************
2025-07-05 08:56:01,595 - INFO  - monitor_and_execute_trade - [OPUSDT] - ℹ️  🚀 Đang kiểm tra cặp coin: OPUSDT🚀
2025-07-05 08:56:01,596 - INFO  - monitor_and_execute_trade - [OPUSDT] - ℹ️  *******************************************************************
2025-07-05 08:56:01,702 - INFO  - monitor_and_execute_trade - [OPUSDT] - ℹ️  Không có tín hiệu giao dịch.
2025-07-05 08:56:01,704 - INFO  - monitor_and_execute_trade - [OPUSDT] - ℹ️  

2025-07-05 08:56:01,706 - INFO  - monitor_and_execute_trade - [LINAUSDT] - ℹ️  *******************************************************************
2025-07-05 08:56:01,708 - INFO  - monitor_and_execute_trade - [LINAUSDT] - ℹ️  🚀 Đang kiểm tra cặp coin: LINAUSDT🚀
2025-07-05 08:56:01,708 - INFO  - monitor_and_execute_trade - [LINAUSDT] - ℹ️  *******************************************************************
2025-07-05 08:56:01,727 - ERROR - check_spread_slippage     - [LINAUSDT] - ❌  Lỗi khi kiểm tra spread/slippage cho LINAUSDT: list index out of range
2025-07-05 08:56:01,729 - WARNI - monitor_and_execute_trade - [LINAUSDT] - ⚠️  Spread hoặc slippage không đạt yêu cầu.
2025-07-05 08:56:01,731 - INFO  - monitor_and_execute_trade - [BANANAS31USDT] - ℹ️  *******************************************************************
2025-07-05 08:56:01,733 - INFO  - monitor_and_execute_trade - [BANANAS31USDT] - ℹ️  🚀 Đang kiểm tra cặp coin: BANANAS31USDT🚀
2025-07-05 08:56:01,733 - INFO  - monitor_and_execute_trade - [BANANAS31USDT] - ℹ️  *******************************************************************
2025-07-05 08:56:01,839 - INFO  - monitor_and_execute_trade - [BANANAS31USDT] - ℹ️  Không có tín hiệu giao dịch.
2025-07-05 08:56:01,841 - INFO  - monitor_and_execute_trade - [BANANAS31USDT] - ℹ️  

2025-07-05 08:56:01,842 - INFO  - monitor_and_execute_trade - [APTUSDT] - ℹ️  *******************************************************************
2025-07-05 08:56:01,845 - INFO  - monitor_and_execute_trade - [APTUSDT] - ℹ️  🚀 Đang kiểm tra cặp coin: APTUSDT🚀
2025-07-05 08:56:01,845 - INFO  - monitor_and_execute_trade - [APTUSDT] - ℹ️  *******************************************************************
2025-07-05 08:56:01,913 - WARNI - monitor_and_execute_trade - [APTUSDT] - ⚠️  Không có trend rõ ràng: long=sideway, medium=uptrend, short=downtrend
2025-07-05 08:56:01,914 - INFO  - monitor_and_execute_trade - [WLDUSDT] - ℹ️  *******************************************************************
2025-07-05 08:56:01,916 - INFO  - monitor_and_execute_trade - [WLDUSDT] - ℹ️  🚀 Đang kiểm tra cặp coin: WLDUSDT🚀
2025-07-05 08:56:01,919 - INFO  - monitor_and_execute_trade - [WLDUSDT] - ℹ️  *******************************************************************
2025-07-05 08:56:02,029 - INFO  - monitor_and_execute_trade - [WLDUSDT] - ℹ️  Không có tín hiệu giao dịch.
2025-07-05 08:56:02,031 - INFO  - monitor_and_execute_trade - [WLDUSDT] - ℹ️  

2025-07-05 08:56:02,032 - INFO  - monitor_and_execute_trade - [FTMUSDT] - ℹ️  *******************************************************************
2025-07-05 08:56:02,034 - INFO  - monitor_and_execute_trade - [FTMUSDT] - ℹ️  🚀 Đang kiểm tra cặp coin: FTMUSDT🚀
2025-07-05 08:56:02,035 - INFO  - monitor_and_execute_trade - [FTMUSDT] - ℹ️  *******************************************************************
2025-07-05 08:56:02,054 - ERROR - check_spread_slippage     - [FTMUSDT] - ❌  Lỗi khi kiểm tra spread/slippage cho FTMUSDT: list index out of range
2025-07-05 08:56:02,057 - WARNI - monitor_and_execute_trade - [FTMUSDT] - ⚠️  Spread hoặc slippage không đạt yêu cầu.
2025-07-05 08:56:02,057 - INFO  - monitor_and_execute_trade - [TAOUSDT] - ℹ️  *******************************************************************
2025-07-05 08:56:02,059 - INFO  - monitor_and_execute_trade - [TAOUSDT] - ℹ️  🚀 Đang kiểm tra cặp coin: TAOUSDT🚀
2025-07-05 08:56:02,060 - INFO  - monitor_and_execute_trade - [TAOUSDT] - ℹ️  *******************************************************************
2025-07-05 08:56:02,168 - INFO  - monitor_and_execute_trade - [TAOUSDT] - ℹ️  Không có tín hiệu giao dịch.
2025-07-05 08:56:02,170 - INFO  - monitor_and_execute_trade - [TAOUSDT] - ℹ️  

2025-07-05 08:56:02,172 - INFO  - monitor_and_execute_trade - [MYXUSDT] - ℹ️  *******************************************************************
2025-07-05 08:56:02,174 - INFO  - monitor_and_execute_trade - [MYXUSDT] - ℹ️  🚀 Đang kiểm tra cặp coin: MYXUSDT🚀
2025-07-05 08:56:02,174 - INFO  - monitor_and_execute_trade - [MYXUSDT] - ℹ️  *******************************************************************
2025-07-05 08:56:02,280 - INFO  - monitor_and_execute_trade - [MYXUSDT] - ℹ️  Không có tín hiệu giao dịch.
2025-07-05 08:56:02,281 - INFO  - monitor_and_execute_trade - [MYXUSDT] - ℹ️  

2025-07-05 08:56:02,283 - INFO  - monitor_and_execute_trade - [INJUSDT] - ℹ️  *******************************************************************
2025-07-05 08:56:02,285 - INFO  - monitor_and_execute_trade - [INJUSDT] - ℹ️  🚀 Đang kiểm tra cặp coin: INJUSDT🚀
2025-07-05 08:56:02,285 - INFO  - monitor_and_execute_trade - [INJUSDT] - ℹ️  *******************************************************************
2025-07-05 08:56:02,389 - INFO  - monitor_and_execute_trade - [INJUSDT] - ℹ️  Không có tín hiệu giao dịch.
2025-07-05 08:56:02,390 - INFO  - monitor_and_execute_trade - [INJUSDT] - ℹ️  

2025-07-05 08:56:02,392 - INFO  - monitor_and_execute_trade - [GUNUSDT] - ℹ️  *******************************************************************
2025-07-05 08:56:02,394 - INFO  - monitor_and_execute_trade - [GUNUSDT] - ℹ️  🚀 Đang kiểm tra cặp coin: GUNUSDT🚀
2025-07-05 08:56:02,394 - INFO  - monitor_and_execute_trade - [GUNUSDT] - ℹ️  *******************************************************************
2025-07-05 08:56:02,512 - INFO  - monitor_and_execute_trade - [GUNUSDT] - ℹ️  Không có tín hiệu giao dịch.
2025-07-05 08:56:02,513 - INFO  - monitor_and_execute_trade - [GUNUSDT] - ℹ️  

2025-07-05 08:56:02,515 - INFO  - monitor_and_execute_trade - [AI16ZUSDT] - ℹ️  *******************************************************************
2025-07-05 08:56:02,517 - INFO  - monitor_and_execute_trade - [AI16ZUSDT] - ℹ️  🚀 Đang kiểm tra cặp coin: AI16ZUSDT🚀
2025-07-05 08:56:02,517 - INFO  - monitor_and_execute_trade - [AI16ZUSDT] - ℹ️  *******************************************************************
2025-07-05 08:56:02,624 - INFO  - monitor_and_execute_trade - [AI16ZUSDT] - ℹ️  Không có tín hiệu giao dịch.
2025-07-05 08:56:02,625 - INFO  - monitor_and_execute_trade - [AI16ZUSDT] - ℹ️  

2025-07-05 08:56:02,627 - INFO  - monitor_and_execute_trade - [TRXUSDT] - ℹ️  *******************************************************************
2025-07-05 08:56:02,629 - INFO  - monitor_and_execute_trade - [TRXUSDT] - ℹ️  🚀 Đang kiểm tra cặp coin: TRXUSDT🚀
2025-07-05 08:56:02,630 - INFO  - monitor_and_execute_trade - [TRXUSDT] - ℹ️  *******************************************************************
2025-07-05 08:56:02,732 - INFO  - monitor_and_execute_trade - [TRXUSDT] - ℹ️  Không có tín hiệu giao dịch.
2025-07-05 08:56:02,734 - INFO  - monitor_and_execute_trade - [TRXUSDT] - ℹ️  

2025-07-05 08:56:02,735 - INFO  - monitor_and_execute_trade - [DMCUSDT] - ℹ️  *******************************************************************
2025-07-05 08:56:02,737 - INFO  - monitor_and_execute_trade - [DMCUSDT] - ℹ️  🚀 Đang kiểm tra cặp coin: DMCUSDT🚀
2025-07-05 08:56:02,738 - INFO  - monitor_and_execute_trade - [DMCUSDT] - ℹ️  *******************************************************************
2025-07-05 08:56:02,843 - INFO  - monitor_and_execute_trade - [DMCUSDT] - ℹ️  Không có tín hiệu giao dịch.
2025-07-05 08:56:02,845 - INFO  - monitor_and_execute_trade - [DMCUSDT] - ℹ️  

2025-07-05 08:56:02,846 - INFO  - monitor_and_execute_trade - [WAVESUSDT] - ℹ️  *******************************************************************
2025-07-05 08:56:02,848 - INFO  - monitor_and_execute_trade - [WAVESUSDT] - ℹ️  🚀 Đang kiểm tra cặp coin: WAVESUSDT🚀
2025-07-05 08:56:02,849 - INFO  - monitor_and_execute_trade - [WAVESUSDT] - ℹ️  *******************************************************************
2025-07-05 08:56:02,871 - ERROR - check_spread_slippage     - [WAVESUSDT] - ❌  Lỗi khi kiểm tra spread/slippage cho WAVESUSDT: list index out of range
2025-07-05 08:56:02,873 - WARNI - monitor_and_execute_trade - [WAVESUSDT] - ⚠️  Spread hoặc slippage không đạt yêu cầu.
2025-07-05 08:56:02,873 - INFO  - monitor_and_execute_trade - [NEWTUSDT] - ℹ️  *******************************************************************
2025-07-05 08:56:02,876 - INFO  - monitor_and_execute_trade - [NEWTUSDT] - ℹ️  🚀 Đang kiểm tra cặp coin: NEWTUSDT🚀
2025-07-05 08:56:02,877 - INFO  - monitor_and_execute_trade - [NEWTUSDT] - ℹ️  *******************************************************************
2025-07-05 08:56:02,943 - WARNI - monitor_and_execute_trade - [NEWTUSDT] - ⚠️  Không có trend rõ ràng: long=uptrend, medium=sideway, short=downtrend
2025-07-05 08:56:02,944 - INFO  - monitor_and_execute_trade - [AMBUSDT] - ℹ️  *******************************************************************
2025-07-05 08:56:02,946 - INFO  - monitor_and_execute_trade - [AMBUSDT] - ℹ️  🚀 Đang kiểm tra cặp coin: AMBUSDT🚀
2025-07-05 08:56:02,948 - INFO  - monitor_and_execute_trade - [AMBUSDT] - ℹ️  *******************************************************************
2025-07-05 08:56:02,967 - ERROR - check_spread_slippage     - [AMBUSDT] - ❌  Lỗi khi kiểm tra spread/slippage cho AMBUSDT: list index out of range
2025-07-05 08:56:02,969 - WARNI - monitor_and_execute_trade - [AMBUSDT] - ⚠️  Spread hoặc slippage không đạt yêu cầu.
2025-07-05 08:56:02,970 - INFO  - monitor_and_execute_trade - [OCEANUSDT] - ℹ️  *******************************************************************
2025-07-05 08:56:02,972 - INFO  - monitor_and_execute_trade - [OCEANUSDT] - ℹ️  🚀 Đang kiểm tra cặp coin: OCEANUSDT🚀
2025-07-05 08:56:02,973 - INFO  - monitor_and_execute_trade - [OCEANUSDT] - ℹ️  *******************************************************************
2025-07-05 08:56:02,995 - ERROR - check_spread_slippage     - [OCEANUSDT] - ❌  Lỗi khi kiểm tra spread/slippage cho OCEANUSDT: list index out of range
2025-07-05 08:56:02,995 - WARNI - monitor_and_execute_trade - [OCEANUSDT] - ⚠️  Spread hoặc slippage không đạt yêu cầu.
2025-07-05 08:56:02,995 - INFO  - monitor_and_execute_trade - [FETUSDT] - ℹ️  *******************************************************************
2025-07-05 08:56:02,996 - INFO  - monitor_and_execute_trade - [FETUSDT] - ℹ️  🚀 Đang kiểm tra cặp coin: FETUSDT🚀
2025-07-05 08:56:02,996 - INFO  - monitor_and_execute_trade - [FETUSDT] - ℹ️  *******************************************************************
2025-07-05 08:56:03,100 - INFO  - monitor_and_execute_trade - [FETUSDT] - ℹ️  Không có tín hiệu giao dịch.
2025-07-05 08:56:03,102 - INFO  - monitor_and_execute_trade - [FETUSDT] - ℹ️  

2025-07-05 08:56:03,103 - INFO  - monitor_and_execute_trade - [SPXUSDT] - ℹ️  *******************************************************************
2025-07-05 08:56:03,106 - INFO  - monitor_and_execute_trade - [SPXUSDT] - ℹ️  🚀 Đang kiểm tra cặp coin: SPXUSDT🚀
2025-07-05 08:56:03,106 - INFO  - monitor_and_execute_trade - [SPXUSDT] - ℹ️  *******************************************************************
2025-07-05 08:56:03,210 - INFO  - monitor_and_execute_trade - [SPXUSDT] - ℹ️  Không có tín hiệu giao dịch.
2025-07-05 08:56:03,212 - INFO  - monitor_and_execute_trade - [SPXUSDT] - ℹ️  

2025-07-05 08:56:03,213 - INFO  - monitor_and_execute_trade - [SPXUSDT] - ℹ️  Đã kiểm tra tất cả các cặp coin.
2025-07-05 08:56:03,216 - INFO  - monitor_and_execute_trade - [SPXUSDT] - ℹ️  Đang chờ 5 phút trước khi kiểm tra lại...
