2025-07-05 08:53:03,458 - INFO  - init_db                   - ℹ️  💾💾TẠO MỚI DATABASE
2025-07-05 08:53:03,520 - INFO  - init_db                   - ℹ️  🛠️🛠️THỰC HIỆN CẬP NHẬT DATABASE HOÀN THÀNH !!!
2025-07-05 08:53:03,584 - INFO  - monitor_and_execute_trade - ℹ️  🟢 BẮT ĐẦU HÀM MONITOR_AND_EXECUTE_TRADES
2025-07-05 08:53:03,697 - INFO  - watcher_init              - ℹ️  ✅ WebSocket user data stream đã chạy
2025-07-05 08:53:04,589 - INFO  - monitor_expired_orders    - ℹ️  Đã tìm thấy [] lệnh quá hạn cần hủy.
2025-07-05 08:53:13,593 - INFO  - monitor_and_execute_trade - [BTCUSDT] - ℹ️  *******************************************************************
2025-07-05 08:53:13,595 - INFO  - monitor_and_execute_trade - [BTCUSDT] - ℹ️  🚀 Đang kiểm tra cặp coin: BTCUSDT🚀
2025-07-05 08:53:13,596 - INFO  - monitor_and_execute_trade - [BTCUSDT] - ℹ️  *******************************************************************
2025-07-05 08:53:13,696 - WARNI - monitor_and_execute_trade - [BTCUSDT] - ⚠️  Không có trend rõ ràng: long=uptrend, medium=sideway, short=downtrend
2025-07-05 08:53:13,698 - INFO  - monitor_and_execute_trade - [ETHUSDT] - ℹ️  *******************************************************************
2025-07-05 08:53:13,699 - INFO  - monitor_and_execute_trade - [ETHUSDT] - ℹ️  🚀 Đang kiểm tra cặp coin: ETHUSDT🚀
2025-07-05 08:53:13,701 - INFO  - monitor_and_execute_trade - [ETHUSDT] - ℹ️  *******************************************************************
2025-07-05 08:53:13,827 - INFO  - monitor_and_execute_trade - [ETHUSDT] - ℹ️  Không có tín hiệu giao dịch.
2025-07-05 08:53:13,829 - INFO  - monitor_and_execute_trade - [ETHUSDT] - ℹ️  

2025-07-05 08:53:13,831 - INFO  - monitor_and_execute_trade - [ALPACAUSDT] - ℹ️  *******************************************************************
2025-07-05 08:53:13,833 - INFO  - monitor_and_execute_trade - [ALPACAUSDT] - ℹ️  🚀 Đang kiểm tra cặp coin: ALPACAUSDT🚀
2025-07-05 08:53:13,833 - INFO  - monitor_and_execute_trade - [ALPACAUSDT] - ℹ️  *******************************************************************
2025-07-05 08:53:13,852 - ERROR - check_spread_slippage     - [ALPACAUSDT] - ❌  Lỗi khi kiểm tra spread/slippage cho ALPACAUSDT: list index out of range
2025-07-05 08:53:13,854 - WARNI - monitor_and_execute_trade - [ALPACAUSDT] - ⚠️  Spread hoặc slippage không đạt yêu cầu.
2025-07-05 08:53:13,856 - INFO  - monitor_and_execute_trade - [SOLUSDT] - ℹ️  *******************************************************************
2025-07-05 08:53:13,856 - INFO  - monitor_and_execute_trade - [SOLUSDT] - ℹ️  🚀 Đang kiểm tra cặp coin: SOLUSDT🚀
2025-07-05 08:53:13,857 - INFO  - monitor_and_execute_trade - [SOLUSDT] - ℹ️  *******************************************************************
2025-07-05 08:53:13,926 - WARNI - monitor_and_execute_trade - [SOLUSDT] - ⚠️  Không có trend rõ ràng: long=uptrend, medium=sideway, short=downtrend
2025-07-05 08:53:13,928 - INFO  - monitor_and_execute_trade - [HUSDT] - ℹ️  *******************************************************************
2025-07-05 08:53:13,930 - INFO  - monitor_and_execute_trade - [HUSDT] - ℹ️  🚀 Đang kiểm tra cặp coin: HUSDT🚀
2025-07-05 08:53:13,932 - INFO  - monitor_and_execute_trade - [HUSDT] - ℹ️  *******************************************************************
2025-07-05 08:53:14,054 - INFO  - monitor_and_execute_trade - [HUSDT] - ℹ️  Không có tín hiệu giao dịch.
2025-07-05 08:53:14,056 - INFO  - monitor_and_execute_trade - [HUSDT] - ℹ️  

2025-07-05 08:53:14,057 - INFO  - monitor_and_execute_trade - [FUNUSDT] - ℹ️  *******************************************************************
2025-07-05 08:53:14,059 - INFO  - monitor_and_execute_trade - [FUNUSDT] - ℹ️  🚀 Đang kiểm tra cặp coin: FUNUSDT🚀
2025-07-05 08:53:14,060 - INFO  - monitor_and_execute_trade - [FUNUSDT] - ℹ️  *******************************************************************
2025-07-05 08:53:14,168 - INFO  - monitor_and_execute_trade - [FUNUSDT] - ℹ️  Không có tín hiệu giao dịch.
2025-07-05 08:53:14,170 - INFO  - monitor_and_execute_trade - [FUNUSDT] - ℹ️  

2025-07-05 08:53:14,172 - INFO  - monitor_and_execute_trade - [DOGEUSDT] - ℹ️  *******************************************************************
2025-07-05 08:53:14,173 - INFO  - monitor_and_execute_trade - [DOGEUSDT] - ℹ️  🚀 Đang kiểm tra cặp coin: DOGEUSDT🚀
2025-07-05 08:53:14,174 - INFO  - monitor_and_execute_trade - [DOGEUSDT] - ℹ️  *******************************************************************
2025-07-05 08:53:14,286 - INFO  - monitor_and_execute_trade - [DOGEUSDT] - ℹ️  Không có tín hiệu giao dịch.
2025-07-05 08:53:14,287 - INFO  - monitor_and_execute_trade - [DOGEUSDT] - ℹ️  

2025-07-05 08:53:14,289 - INFO  - monitor_and_execute_trade - [1000PEPEUSDT] - ℹ️  *******************************************************************
2025-07-05 08:53:14,291 - INFO  - monitor_and_execute_trade - [1000PEPEUSDT] - ℹ️  🚀 Đang kiểm tra cặp coin: 1000PEPEUSDT🚀
2025-07-05 08:53:14,292 - INFO  - monitor_and_execute_trade - [1000PEPEUSDT] - ℹ️  *******************************************************************
2025-07-05 08:53:14,405 - INFO  - monitor_and_execute_trade - [1000PEPEUSDT] - ℹ️  Không có tín hiệu giao dịch.
2025-07-05 08:53:14,407 - INFO  - monitor_and_execute_trade - [1000PEPEUSDT] - ℹ️  

2025-07-05 08:53:14,409 - INFO  - monitor_and_execute_trade - [XRPUSDT] - ℹ️  *******************************************************************
2025-07-05 08:53:14,410 - INFO  - monitor_and_execute_trade - [XRPUSDT] - ℹ️  🚀 Đang kiểm tra cặp coin: XRPUSDT🚀
2025-07-05 08:53:14,411 - INFO  - monitor_and_execute_trade - [XRPUSDT] - ℹ️  *******************************************************************
2025-07-05 08:53:14,522 - INFO  - monitor_and_execute_trade - [XRPUSDT] - ℹ️  Không có tín hiệu giao dịch.
2025-07-05 08:53:14,523 - INFO  - monitor_and_execute_trade - [XRPUSDT] - ℹ️  

2025-07-05 08:53:14,526 - INFO  - monitor_and_execute_trade - [BNXUSDT] - ℹ️  *******************************************************************
2025-07-05 08:53:14,527 - INFO  - monitor_and_execute_trade - [BNXUSDT] - ℹ️  🚀 Đang kiểm tra cặp coin: BNXUSDT🚀
2025-07-05 08:53:14,527 - INFO  - monitor_and_execute_trade - [BNXUSDT] - ℹ️  *******************************************************************
2025-07-05 08:53:14,550 - ERROR - check_spread_slippage     - [BNXUSDT] - ❌  Lỗi khi kiểm tra spread/slippage cho BNXUSDT: list index out of range
2025-07-05 08:53:14,550 - WARNI - monitor_and_execute_trade - [BNXUSDT] - ⚠️  Spread hoặc slippage không đạt yêu cầu.
2025-07-05 08:53:14,550 - INFO  - monitor_and_execute_trade - [SUIUSDT] - ℹ️  *******************************************************************
2025-07-05 08:53:14,552 - INFO  - monitor_and_execute_trade - [SUIUSDT] - ℹ️  🚀 Đang kiểm tra cặp coin: SUIUSDT🚀
2025-07-05 08:53:14,552 - INFO  - monitor_and_execute_trade - [SUIUSDT] - ℹ️  *******************************************************************
2025-07-05 08:53:14,665 - INFO  - monitor_and_execute_trade - [SUIUSDT] - ℹ️  Không có tín hiệu giao dịch.
2025-07-05 08:53:14,667 - INFO  - monitor_and_execute_trade - [SUIUSDT] - ℹ️  

2025-07-05 08:53:14,669 - INFO  - monitor_and_execute_trade - [WIFUSDT] - ℹ️  *******************************************************************
2025-07-05 08:53:14,671 - INFO  - monitor_and_execute_trade - [WIFUSDT] - ℹ️  🚀 Đang kiểm tra cặp coin: WIFUSDT🚀
2025-07-05 08:53:14,671 - INFO  - monitor_and_execute_trade - [WIFUSDT] - ℹ️  *******************************************************************
2025-07-05 08:53:14,784 - INFO  - monitor_and_execute_trade - [WIFUSDT] - ℹ️  Không có tín hiệu giao dịch.
2025-07-05 08:53:14,785 - INFO  - monitor_and_execute_trade - [WIFUSDT] - ℹ️  

2025-07-05 08:53:14,787 - INFO  - monitor_and_execute_trade - [UNIUSDT] - ℹ️  *******************************************************************
2025-07-05 08:53:14,789 - INFO  - monitor_and_execute_trade - [UNIUSDT] - ℹ️  🚀 Đang kiểm tra cặp coin: UNIUSDT🚀
2025-07-05 08:53:14,790 - INFO  - monitor_and_execute_trade - [UNIUSDT] - ℹ️  *******************************************************************
2025-07-05 08:53:14,873 - WARNI - monitor_and_execute_trade - [UNIUSDT] - ⚠️  Đảo chiều xác nhận (15m), bỏ qua lệnh
2025-07-05 08:53:14,874 - INFO  - monitor_and_execute_trade - [PENGUUSDT] - ℹ️  *******************************************************************
2025-07-05 08:53:14,876 - INFO  - monitor_and_execute_trade - [PENGUUSDT] - ℹ️  🚀 Đang kiểm tra cặp coin: PENGUUSDT🚀
2025-07-05 08:53:14,878 - INFO  - monitor_and_execute_trade - [PENGUUSDT] - ℹ️  *******************************************************************
2025-07-05 08:53:14,988 - INFO  - monitor_and_execute_trade - [PENGUUSDT] - ℹ️  Không có tín hiệu giao dịch.
2025-07-05 08:53:14,989 - INFO  - monitor_and_execute_trade - [PENGUUSDT] - ℹ️  

2025-07-05 08:53:14,991 - INFO  - monitor_and_execute_trade - [FARTCOINUSDT] - ℹ️  *******************************************************************
2025-07-05 08:53:14,993 - INFO  - monitor_and_execute_trade - [FARTCOINUSDT] - ℹ️  🚀 Đang kiểm tra cặp coin: FARTCOINUSDT🚀
2025-07-05 08:53:14,994 - INFO  - monitor_and_execute_trade - [FARTCOINUSDT] - ℹ️  *******************************************************************
2025-07-05 08:53:15,077 - WARNI - monitor_and_execute_trade - [FARTCOINUSDT] - ⚠️  Đảo chiều xác nhận (15m), bỏ qua lệnh
2025-07-05 08:53:15,079 - INFO  - monitor_and_execute_trade - [ADAUSDT] - ℹ️  *******************************************************************
2025-07-05 08:53:15,080 - INFO  - monitor_and_execute_trade - [ADAUSDT] - ℹ️  🚀 Đang kiểm tra cặp coin: ADAUSDT🚀
2025-07-05 08:53:15,082 - INFO  - monitor_and_execute_trade - [ADAUSDT] - ℹ️  *******************************************************************
2025-07-05 08:53:15,151 - WARNI - monitor_and_execute_trade - [ADAUSDT] - ⚠️  Không có trend rõ ràng: long=uptrend, medium=sideway, short=downtrend
2025-07-05 08:53:15,152 - INFO  - monitor_and_execute_trade - [MOODENGUSDT] - ℹ️  *******************************************************************
2025-07-05 08:53:15,153 - INFO  - monitor_and_execute_trade - [MOODENGUSDT] - ℹ️  🚀 Đang kiểm tra cặp coin: MOODENGUSDT🚀
2025-07-05 08:53:15,156 - INFO  - monitor_and_execute_trade - [MOODENGUSDT] - ℹ️  *******************************************************************
2025-07-05 08:53:15,269 - INFO  - monitor_and_execute_trade - [MOODENGUSDT] - ℹ️  Không có tín hiệu giao dịch.
2025-07-05 08:53:15,270 - INFO  - monitor_and_execute_trade - [MOODENGUSDT] - ℹ️  

2025-07-05 08:53:15,272 - INFO  - monitor_and_execute_trade - [1000BONKUSDT] - ℹ️  *******************************************************************
2025-07-05 08:53:15,274 - INFO  - monitor_and_execute_trade - [1000BONKUSDT] - ℹ️  🚀 Đang kiểm tra cặp coin: 1000BONKUSDT🚀
2025-07-05 08:53:15,275 - INFO  - monitor_and_execute_trade - [1000BONKUSDT] - ℹ️  *******************************************************************
2025-07-05 08:53:15,385 - INFO  - monitor_and_execute_trade - [1000BONKUSDT] - ℹ️  Không có tín hiệu giao dịch.
2025-07-05 08:53:15,386 - INFO  - monitor_and_execute_trade - [1000BONKUSDT] - ℹ️  

2025-07-05 08:53:15,388 - INFO  - monitor_and_execute_trade - [AAVEUSDT] - ℹ️  *******************************************************************
2025-07-05 08:53:15,390 - INFO  - monitor_and_execute_trade - [AAVEUSDT] - ℹ️  🚀 Đang kiểm tra cặp coin: AAVEUSDT🚀
2025-07-05 08:53:15,391 - INFO  - monitor_and_execute_trade - [AAVEUSDT] - ℹ️  *******************************************************************
2025-07-05 08:53:15,476 - WARNI - monitor_and_execute_trade - [AAVEUSDT] - ⚠️  Đảo chiều xác nhận (15m), bỏ qua lệnh
2025-07-05 08:53:15,477 - INFO  - monitor_and_execute_trade - [LINKUSDT] - ℹ️  *******************************************************************
2025-07-05 08:53:15,479 - INFO  - monitor_and_execute_trade - [LINKUSDT] - ℹ️  🚀 Đang kiểm tra cặp coin: LINKUSDT🚀
2025-07-05 08:53:15,481 - INFO  - monitor_and_execute_trade - [LINKUSDT] - ℹ️  *******************************************************************
2025-07-05 08:53:15,548 - WARNI - monitor_and_execute_trade - [LINKUSDT] - ⚠️  Không có trend rõ ràng: long=uptrend, medium=sideway, short=downtrend
2025-07-05 08:53:15,549 - INFO  - monitor_and_execute_trade - [BCHUSDT] - ℹ️  *******************************************************************
2025-07-05 08:53:15,551 - INFO  - monitor_and_execute_trade - [BCHUSDT] - ℹ️  🚀 Đang kiểm tra cặp coin: BCHUSDT🚀
2025-07-05 08:53:15,553 - INFO  - monitor_and_execute_trade - [BCHUSDT] - ℹ️  *******************************************************************
2025-07-05 08:53:15,662 - INFO  - monitor_and_execute_trade - [BCHUSDT] - ℹ️  Không có tín hiệu giao dịch.
2025-07-05 08:53:15,663 - INFO  - monitor_and_execute_trade - [BCHUSDT] - ℹ️  

2025-07-05 08:53:15,665 - INFO  - monitor_and_execute_trade - [SAHARAUSDT] - ℹ️  *******************************************************************
2025-07-05 08:53:15,667 - INFO  - monitor_and_execute_trade - [SAHARAUSDT] - ℹ️  🚀 Đang kiểm tra cặp coin: SAHARAUSDT🚀
2025-07-05 08:53:15,668 - INFO  - monitor_and_execute_trade - [SAHARAUSDT] - ℹ️  *******************************************************************
2025-07-05 08:53:15,776 - INFO  - monitor_and_execute_trade - [SAHARAUSDT] - ℹ️  Không có tín hiệu giao dịch.
2025-07-05 08:53:15,777 - INFO  - monitor_and_execute_trade - [SAHARAUSDT] - ℹ️  

2025-07-05 08:53:15,779 - INFO  - monitor_and_execute_trade - [ENAUSDT] - ℹ️  *******************************************************************
2025-07-05 08:53:15,781 - INFO  - monitor_and_execute_trade - [ENAUSDT] - ℹ️  🚀 Đang kiểm tra cặp coin: ENAUSDT🚀
2025-07-05 08:53:15,782 - INFO  - monitor_and_execute_trade - [ENAUSDT] - ℹ️  *******************************************************************
2025-07-05 08:53:15,851 - WARNI - monitor_and_execute_trade - [ENAUSDT] - ⚠️  Không có trend rõ ràng: long=uptrend, medium=sideway, short=downtrend
2025-07-05 08:53:15,853 - INFO  - monitor_and_execute_trade - [HYPEUSDT] - ℹ️  *******************************************************************
2025-07-05 08:53:15,854 - INFO  - monitor_and_execute_trade - [HYPEUSDT] - ℹ️  🚀 Đang kiểm tra cặp coin: HYPEUSDT🚀
2025-07-05 08:53:15,857 - INFO  - monitor_and_execute_trade - [HYPEUSDT] - ℹ️  *******************************************************************
2025-07-05 08:53:15,976 - INFO  - monitor_and_execute_trade - [HYPEUSDT] - ℹ️  Không có tín hiệu giao dịch.
2025-07-05 08:53:15,977 - INFO  - monitor_and_execute_trade - [HYPEUSDT] - ℹ️  

2025-07-05 08:53:15,979 - INFO  - monitor_and_execute_trade - [TRUMPUSDT] - ℹ️  *******************************************************************
2025-07-05 08:53:15,981 - INFO  - monitor_and_execute_trade - [TRUMPUSDT] - ℹ️  🚀 Đang kiểm tra cặp coin: TRUMPUSDT🚀
2025-07-05 08:53:15,982 - INFO  - monitor_and_execute_trade - [TRUMPUSDT] - ℹ️  *******************************************************************
2025-07-05 08:53:16,052 - WARNI - monitor_and_execute_trade - [TRUMPUSDT] - ⚠️  Không có trend rõ ràng: long=uptrend, medium=downtrend, short=sideway
2025-07-05 08:53:16,053 - INFO  - monitor_and_execute_trade - [NEIROUSDT] - ℹ️  *******************************************************************
2025-07-05 08:53:16,056 - INFO  - monitor_and_execute_trade - [NEIROUSDT] - ℹ️  🚀 Đang kiểm tra cặp coin: NEIROUSDT🚀
2025-07-05 08:53:16,058 - INFO  - monitor_and_execute_trade - [NEIROUSDT] - ℹ️  *******************************************************************
2025-07-05 08:53:16,168 - INFO  - monitor_and_execute_trade - [NEIROUSDT] - ℹ️  Không có tín hiệu giao dịch.
2025-07-05 08:53:16,170 - INFO  - monitor_and_execute_trade - [NEIROUSDT] - ℹ️  

2025-07-05 08:53:16,172 - INFO  - monitor_and_execute_trade - [LTCUSDT] - ℹ️  *******************************************************************
2025-07-05 08:53:16,174 - INFO  - monitor_and_execute_trade - [LTCUSDT] - ℹ️  🚀 Đang kiểm tra cặp coin: LTCUSDT🚀
2025-07-05 08:53:16,175 - INFO  - monitor_and_execute_trade - [LTCUSDT] - ℹ️  *******************************************************************
2025-07-05 08:53:16,287 - INFO  - monitor_and_execute_trade - [LTCUSDT] - ℹ️  Không có tín hiệu giao dịch.
2025-07-05 08:53:16,288 - INFO  - monitor_and_execute_trade - [LTCUSDT] - ℹ️  

2025-07-05 08:53:16,290 - INFO  - monitor_and_execute_trade - [AVAXUSDT] - ℹ️  *******************************************************************
2025-07-05 08:53:16,292 - INFO  - monitor_and_execute_trade - [AVAXUSDT] - ℹ️  🚀 Đang kiểm tra cặp coin: AVAXUSDT🚀
2025-07-05 08:53:16,293 - INFO  - monitor_and_execute_trade - [AVAXUSDT] - ℹ️  *******************************************************************
2025-07-05 08:53:16,362 - WARNI - monitor_and_execute_trade - [AVAXUSDT] - ⚠️  Không có trend rõ ràng: long=uptrend, medium=sideway, short=downtrend
2025-07-05 08:53:16,364 - INFO  - monitor_and_execute_trade - [BNBUSDT] - ℹ️  *******************************************************************
2025-07-05 08:53:16,366 - INFO  - monitor_and_execute_trade - [BNBUSDT] - ℹ️  🚀 Đang kiểm tra cặp coin: BNBUSDT🚀
2025-07-05 08:53:16,366 - INFO  - monitor_and_execute_trade - [BNBUSDT] - ℹ️  *******************************************************************
2025-07-05 08:53:16,435 - WARNI - monitor_and_execute_trade - [BNBUSDT] - ⚠️  Không có trend rõ ràng: long=uptrend, medium=sideway, short=downtrend
2025-07-05 08:53:16,436 - INFO  - monitor_and_execute_trade - [IDOLUSDT] - ℹ️  *******************************************************************
2025-07-05 08:53:16,438 - INFO  - monitor_and_execute_trade - [IDOLUSDT] - ℹ️  🚀 Đang kiểm tra cặp coin: IDOLUSDT🚀
2025-07-05 08:53:16,441 - INFO  - monitor_and_execute_trade - [IDOLUSDT] - ℹ️  *******************************************************************
2025-07-05 08:53:16,545 - WARNI - check_price_trend_signal  - [IDOLUSDT] - ⚠️  Không đủ dữ liệu nến để phân tích xu hướng
2025-07-05 08:53:16,551 - INFO  - monitor_and_execute_trade - [IDOLUSDT] - ℹ️  Không có tín hiệu giao dịch.
2025-07-05 08:53:16,553 - INFO  - monitor_and_execute_trade - [IDOLUSDT] - ℹ️  

2025-07-05 08:53:16,556 - INFO  - monitor_and_execute_trade - [VIRTUALUSDT] - ℹ️  *******************************************************************
2025-07-05 08:53:16,556 - INFO  - monitor_and_execute_trade - [VIRTUALUSDT] - ℹ️  🚀 Đang kiểm tra cặp coin: VIRTUALUSDT🚀
2025-07-05 08:53:16,558 - INFO  - monitor_and_execute_trade - [VIRTUALUSDT] - ℹ️  *******************************************************************
2025-07-05 08:53:16,669 - INFO  - monitor_and_execute_trade - [VIRTUALUSDT] - ℹ️  Không có tín hiệu giao dịch.
2025-07-05 08:53:16,671 - INFO  - monitor_and_execute_trade - [VIRTUALUSDT] - ℹ️  

2025-07-05 08:53:16,673 - INFO  - monitor_and_execute_trade - [DOTUSDT] - ℹ️  *******************************************************************
2025-07-05 08:53:16,675 - INFO  - monitor_and_execute_trade - [DOTUSDT] - ℹ️  🚀 Đang kiểm tra cặp coin: DOTUSDT🚀
2025-07-05 08:53:16,675 - INFO  - monitor_and_execute_trade - [DOTUSDT] - ℹ️  *******************************************************************
2025-07-05 08:53:16,749 - WARNI - monitor_and_execute_trade - [DOTUSDT] - ⚠️  Không có trend rõ ràng: long=uptrend, medium=sideway, short=downtrend
2025-07-05 08:53:16,751 - INFO  - monitor_and_execute_trade - [ARBUSDT] - ℹ️  *******************************************************************
2025-07-05 08:53:16,752 - INFO  - monitor_and_execute_trade - [ARBUSDT] - ℹ️  🚀 Đang kiểm tra cặp coin: ARBUSDT🚀
2025-07-05 08:53:16,755 - INFO  - monitor_and_execute_trade - [ARBUSDT] - ℹ️  *******************************************************************
2025-07-05 08:53:16,838 - WARNI - monitor_and_execute_trade - [ARBUSDT] - ⚠️  Đảo chiều xác nhận (15m), bỏ qua lệnh
2025-07-05 08:53:16,839 - INFO  - monitor_and_execute_trade - [BULLAUSDT] - ℹ️  *******************************************************************
2025-07-05 08:53:16,841 - INFO  - monitor_and_execute_trade - [BULLAUSDT] - ℹ️  🚀 Đang kiểm tra cặp coin: BULLAUSDT🚀
2025-07-05 08:53:16,843 - INFO  - monitor_and_execute_trade - [BULLAUSDT] - ℹ️  *******************************************************************
2025-07-05 08:53:16,865 - WARNI - check_spread_slippage     - [BULLAUSDT] - ⚠️  BULLAUSDT bị spread cao (0.1323%), bỏ qua
2025-07-05 08:53:16,867 - WARNI - monitor_and_execute_trade - [BULLAUSDT] - ⚠️  Spread hoặc slippage không đạt yêu cầu.
2025-07-05 08:53:16,870 - INFO  - monitor_and_execute_trade - [ARKUSDT] - ℹ️  *******************************************************************
2025-07-05 08:53:16,870 - INFO  - monitor_and_execute_trade - [ARKUSDT] - ℹ️  🚀 Đang kiểm tra cặp coin: ARKUSDT🚀
2025-07-05 08:53:16,872 - INFO  - monitor_and_execute_trade - [ARKUSDT] - ℹ️  *******************************************************************
2025-07-05 08:53:16,983 - INFO  - monitor_and_execute_trade - [ARKUSDT] - ℹ️  Không có tín hiệu giao dịch.
2025-07-05 08:53:16,984 - INFO  - monitor_and_execute_trade - [ARKUSDT] - ℹ️  

2025-07-05 08:53:16,986 - INFO  - monitor_and_execute_trade - [1000000BOBUSDT] - ℹ️  *******************************************************************
2025-07-05 08:53:16,988 - INFO  - monitor_and_execute_trade - [1000000BOBUSDT] - ℹ️  🚀 Đang kiểm tra cặp coin: 1000000BOBUSDT🚀
2025-07-05 08:53:16,989 - INFO  - monitor_and_execute_trade - [1000000BOBUSDT] - ℹ️  *******************************************************************
2025-07-05 08:53:17,100 - INFO  - monitor_and_execute_trade - [1000000BOBUSDT] - ℹ️  Không có tín hiệu giao dịch.
2025-07-05 08:53:17,102 - INFO  - monitor_and_execute_trade - [1000000BOBUSDT] - ℹ️  

2025-07-05 08:53:17,104 - INFO  - monitor_and_execute_trade - [SEIUSDT] - ℹ️  *******************************************************************
2025-07-05 08:53:17,106 - INFO  - monitor_and_execute_trade - [SEIUSDT] - ℹ️  🚀 Đang kiểm tra cặp coin: SEIUSDT🚀
2025-07-05 08:53:17,107 - INFO  - monitor_and_execute_trade - [SEIUSDT] - ℹ️  *******************************************************************
2025-07-05 08:53:17,216 - INFO  - monitor_and_execute_trade - [SEIUSDT] - ℹ️  Không có tín hiệu giao dịch.
2025-07-05 08:53:17,217 - INFO  - monitor_and_execute_trade - [SEIUSDT] - ℹ️  

2025-07-05 08:53:17,219 - INFO  - monitor_and_execute_trade - [CRVUSDT] - ℹ️  *******************************************************************
2025-07-05 08:53:17,221 - INFO  - monitor_and_execute_trade - [CRVUSDT] - ℹ️  🚀 Đang kiểm tra cặp coin: CRVUSDT🚀
2025-07-05 08:53:17,222 - INFO  - monitor_and_execute_trade - [CRVUSDT] - ℹ️  *******************************************************************
2025-07-05 08:53:17,243 - WARNI - check_spread_slippage     - [CRVUSDT] - ⚠️  CRVUSDT bị spread cao (0.2012%), bỏ qua
2025-07-05 08:53:17,244 - WARNI - monitor_and_execute_trade - [CRVUSDT] - ⚠️  Spread hoặc slippage không đạt yêu cầu.
2025-07-05 08:53:17,246 - INFO  - monitor_and_execute_trade - [PNUTUSDT] - ℹ️  *******************************************************************
2025-07-05 08:53:17,247 - INFO  - monitor_and_execute_trade - [PNUTUSDT] - ℹ️  🚀 Đang kiểm tra cặp coin: PNUTUSDT🚀
2025-07-05 08:53:17,249 - INFO  - monitor_and_execute_trade - [PNUTUSDT] - ℹ️  *******************************************************************
2025-07-05 08:53:17,359 - INFO  - monitor_and_execute_trade - [PNUTUSDT] - ℹ️  Không có tín hiệu giao dịch.
2025-07-05 08:53:17,360 - INFO  - monitor_and_execute_trade - [PNUTUSDT] - ℹ️  

2025-07-05 08:53:17,362 - INFO  - monitor_and_execute_trade - [TIAUSDT] - ℹ️  *******************************************************************
2025-07-05 08:53:17,363 - INFO  - monitor_and_execute_trade - [TIAUSDT] - ℹ️  🚀 Đang kiểm tra cặp coin: TIAUSDT🚀
2025-07-05 08:53:17,365 - INFO  - monitor_and_execute_trade - [TIAUSDT] - ℹ️  *******************************************************************
2025-07-05 08:53:17,477 - INFO  - monitor_and_execute_trade - [TIAUSDT] - ℹ️  Không có tín hiệu giao dịch.
2025-07-05 08:53:17,478 - INFO  - monitor_and_execute_trade - [TIAUSDT] - ℹ️  

2025-07-05 08:53:17,480 - INFO  - monitor_and_execute_trade - [ICNTUSDT] - ℹ️  *******************************************************************
2025-07-05 08:53:17,482 - INFO  - monitor_and_execute_trade - [ICNTUSDT] - ℹ️  🚀 Đang kiểm tra cặp coin: ICNTUSDT🚀
2025-07-05 08:53:17,483 - INFO  - monitor_and_execute_trade - [ICNTUSDT] - ℹ️  *******************************************************************
2025-07-05 08:53:17,592 - INFO  - monitor_and_execute_trade - [ICNTUSDT] - ℹ️  Không có tín hiệu giao dịch.
2025-07-05 08:53:17,593 - INFO  - monitor_and_execute_trade - [ICNTUSDT] - ℹ️  

2025-07-05 08:53:17,595 - INFO  - monitor_and_execute_trade - [VIDTUSDT] - ℹ️  *******************************************************************
2025-07-05 08:53:17,597 - INFO  - monitor_and_execute_trade - [VIDTUSDT] - ℹ️  🚀 Đang kiểm tra cặp coin: VIDTUSDT🚀
2025-07-05 08:53:17,598 - INFO  - monitor_and_execute_trade - [VIDTUSDT] - ℹ️  *******************************************************************
2025-07-05 08:53:17,617 - ERROR - check_spread_slippage     - [VIDTUSDT] - ❌  Lỗi khi kiểm tra spread/slippage cho VIDTUSDT: list index out of range
2025-07-05 08:53:17,619 - WARNI - monitor_and_execute_trade - [VIDTUSDT] - ⚠️  Spread hoặc slippage không đạt yêu cầu.
2025-07-05 08:53:17,621 - INFO  - monitor_and_execute_trade - [AGIXUSDT] - ℹ️  *******************************************************************
2025-07-05 08:53:17,622 - INFO  - monitor_and_execute_trade - [AGIXUSDT] - ℹ️  🚀 Đang kiểm tra cặp coin: AGIXUSDT🚀
2025-07-05 08:53:17,623 - INFO  - monitor_and_execute_trade - [AGIXUSDT] - ℹ️  *******************************************************************
2025-07-05 08:53:17,640 - ERROR - check_spread_slippage     - [AGIXUSDT] - ❌  Lỗi khi kiểm tra spread/slippage cho AGIXUSDT: list index out of range
2025-07-05 08:53:17,640 - WARNI - monitor_and_execute_trade - [AGIXUSDT] - ⚠️  Spread hoặc slippage không đạt yêu cầu.
2025-07-05 08:53:17,640 - INFO  - monitor_and_execute_trade - [FILUSDT] - ℹ️  *******************************************************************
2025-07-05 08:53:17,641 - INFO  - monitor_and_execute_trade - [FILUSDT] - ℹ️  🚀 Đang kiểm tra cặp coin: FILUSDT🚀
2025-07-05 08:53:17,641 - INFO  - monitor_and_execute_trade - [FILUSDT] - ℹ️  *******************************************************************
2025-07-05 08:53:17,709 - WARNI - monitor_and_execute_trade - [FILUSDT] - ⚠️  Không có trend rõ ràng: long=uptrend, medium=sideway, short=downtrend
2025-07-05 08:53:17,711 - INFO  - monitor_and_execute_trade - [HFTUSDT] - ℹ️  *******************************************************************
2025-07-05 08:53:17,713 - INFO  - monitor_and_execute_trade - [HFTUSDT] - ℹ️  🚀 Đang kiểm tra cặp coin: HFTUSDT🚀
2025-07-05 08:53:17,714 - INFO  - monitor_and_execute_trade - [HFTUSDT] - ℹ️  *******************************************************************
2025-07-05 08:53:17,828 - INFO  - monitor_and_execute_trade - [HFTUSDT] - ℹ️  Không có tín hiệu giao dịch.
2025-07-05 08:53:17,830 - INFO  - monitor_and_execute_trade - [HFTUSDT] - ℹ️  

2025-07-05 08:53:17,832 - INFO  - monitor_and_execute_trade - [UXLINKUSDT] - ℹ️  *******************************************************************
2025-07-05 08:53:17,834 - INFO  - monitor_and_execute_trade - [UXLINKUSDT] - ℹ️  🚀 Đang kiểm tra cặp coin: UXLINKUSDT🚀
2025-07-05 08:53:17,835 - INFO  - monitor_and_execute_trade - [UXLINKUSDT] - ℹ️  *******************************************************************
2025-07-05 08:53:17,946 - INFO  - monitor_and_execute_trade - [UXLINKUSDT] - ℹ️  Không có tín hiệu giao dịch.
2025-07-05 08:53:17,947 - INFO  - monitor_and_execute_trade - [UXLINKUSDT] - ℹ️  

2025-07-05 08:53:17,949 - INFO  - monitor_and_execute_trade - [ONDOUSDT] - ℹ️  *******************************************************************
2025-07-05 08:53:17,951 - INFO  - monitor_and_execute_trade - [ONDOUSDT] - ℹ️  🚀 Đang kiểm tra cặp coin: ONDOUSDT🚀
2025-07-05 08:53:17,952 - INFO  - monitor_and_execute_trade - [ONDOUSDT] - ℹ️  *******************************************************************
2025-07-05 08:53:18,060 - INFO  - monitor_and_execute_trade - [ONDOUSDT] - ℹ️  Không có tín hiệu giao dịch.
2025-07-05 08:53:18,061 - INFO  - monitor_and_execute_trade - [ONDOUSDT] - ℹ️  

2025-07-05 08:53:18,063 - INFO  - monitor_and_execute_trade - [NEARUSDT] - ℹ️  *******************************************************************
2025-07-05 08:53:18,065 - INFO  - monitor_and_execute_trade - [NEARUSDT] - ℹ️  🚀 Đang kiểm tra cặp coin: NEARUSDT🚀
2025-07-05 08:53:18,066 - INFO  - monitor_and_execute_trade - [NEARUSDT] - ℹ️  *******************************************************************
2025-07-05 08:53:18,133 - WARNI - monitor_and_execute_trade - [NEARUSDT] - ⚠️  Không có trend rõ ràng: long=uptrend, medium=sideway, short=downtrend
2025-07-05 08:53:18,135 - INFO  - monitor_and_execute_trade - [1000SHIBUSDT] - ℹ️  *******************************************************************
2025-07-05 08:53:18,137 - INFO  - monitor_and_execute_trade - [1000SHIBUSDT] - ℹ️  🚀 Đang kiểm tra cặp coin: 1000SHIBUSDT🚀
2025-07-05 08:53:18,139 - INFO  - monitor_and_execute_trade - [1000SHIBUSDT] - ℹ️  *******************************************************************
2025-07-05 08:53:18,206 - WARNI - monitor_and_execute_trade - [1000SHIBUSDT] - ⚠️  Không có trend rõ ràng: long=uptrend, medium=sideway, short=downtrend
2025-07-05 08:53:18,207 - INFO  - monitor_and_execute_trade - [OPUSDT] - ℹ️  *******************************************************************
2025-07-05 08:53:18,209 - INFO  - monitor_and_execute_trade - [OPUSDT] - ℹ️  🚀 Đang kiểm tra cặp coin: OPUSDT🚀
2025-07-05 08:53:18,211 - INFO  - monitor_and_execute_trade - [OPUSDT] - ℹ️  *******************************************************************
2025-07-05 08:53:18,320 - INFO  - monitor_and_execute_trade - [OPUSDT] - ℹ️  Không có tín hiệu giao dịch.
2025-07-05 08:53:18,321 - INFO  - monitor_and_execute_trade - [OPUSDT] - ℹ️  

2025-07-05 08:53:18,323 - INFO  - monitor_and_execute_trade - [LINAUSDT] - ℹ️  *******************************************************************
2025-07-05 08:53:18,325 - INFO  - monitor_and_execute_trade - [LINAUSDT] - ℹ️  🚀 Đang kiểm tra cặp coin: LINAUSDT🚀
2025-07-05 08:53:18,326 - INFO  - monitor_and_execute_trade - [LINAUSDT] - ℹ️  *******************************************************************
2025-07-05 08:53:18,348 - ERROR - check_spread_slippage     - [LINAUSDT] - ❌  Lỗi khi kiểm tra spread/slippage cho LINAUSDT: list index out of range
2025-07-05 08:53:18,350 - WARNI - monitor_and_execute_trade - [LINAUSDT] - ⚠️  Spread hoặc slippage không đạt yêu cầu.
2025-07-05 08:53:18,351 - INFO  - monitor_and_execute_trade - [BANANAS31USDT] - ℹ️  *******************************************************************
2025-07-05 08:53:18,353 - INFO  - monitor_and_execute_trade - [BANANAS31USDT] - ℹ️  🚀 Đang kiểm tra cặp coin: BANANAS31USDT🚀
2025-07-05 08:53:18,354 - INFO  - monitor_and_execute_trade - [BANANAS31USDT] - ℹ️  *******************************************************************
2025-07-05 08:53:18,420 - WARNI - monitor_and_execute_trade - [BANANAS31USDT] - ⚠️  Không có trend rõ ràng: long=uptrend, medium=sideway, short=downtrend
2025-07-05 08:53:18,422 - INFO  - monitor_and_execute_trade - [APTUSDT] - ℹ️  *******************************************************************
2025-07-05 08:53:18,424 - INFO  - monitor_and_execute_trade - [APTUSDT] - ℹ️  🚀 Đang kiểm tra cặp coin: APTUSDT🚀
2025-07-05 08:53:18,426 - INFO  - monitor_and_execute_trade - [APTUSDT] - ℹ️  *******************************************************************
2025-07-05 08:53:18,538 - INFO  - monitor_and_execute_trade - [APTUSDT] - ℹ️  Không có tín hiệu giao dịch.
2025-07-05 08:53:18,539 - INFO  - monitor_and_execute_trade - [APTUSDT] - ℹ️  

2025-07-05 08:53:18,541 - INFO  - monitor_and_execute_trade - [WLDUSDT] - ℹ️  *******************************************************************
2025-07-05 08:53:18,543 - INFO  - monitor_and_execute_trade - [WLDUSDT] - ℹ️  🚀 Đang kiểm tra cặp coin: WLDUSDT🚀
2025-07-05 08:53:18,544 - INFO  - monitor_and_execute_trade - [WLDUSDT] - ℹ️  *******************************************************************
2025-07-05 08:53:18,658 - INFO  - monitor_and_execute_trade - [WLDUSDT] - ℹ️  Không có tín hiệu giao dịch.
2025-07-05 08:53:18,660 - INFO  - monitor_and_execute_trade - [WLDUSDT] - ℹ️  

2025-07-05 08:53:18,662 - INFO  - monitor_and_execute_trade - [FTMUSDT] - ℹ️  *******************************************************************
2025-07-05 08:53:18,663 - INFO  - monitor_and_execute_trade - [FTMUSDT] - ℹ️  🚀 Đang kiểm tra cặp coin: FTMUSDT🚀
2025-07-05 08:53:18,664 - INFO  - monitor_and_execute_trade - [FTMUSDT] - ℹ️  *******************************************************************
2025-07-05 08:53:18,684 - ERROR - check_spread_slippage     - [FTMUSDT] - ❌  Lỗi khi kiểm tra spread/slippage cho FTMUSDT: list index out of range
2025-07-05 08:53:18,686 - WARNI - monitor_and_execute_trade - [FTMUSDT] - ⚠️  Spread hoặc slippage không đạt yêu cầu.
2025-07-05 08:53:18,688 - INFO  - monitor_and_execute_trade - [TAOUSDT] - ℹ️  *******************************************************************
2025-07-05 08:53:18,689 - INFO  - monitor_and_execute_trade - [TAOUSDT] - ℹ️  🚀 Đang kiểm tra cặp coin: TAOUSDT🚀
2025-07-05 08:53:18,689 - INFO  - monitor_and_execute_trade - [TAOUSDT] - ℹ️  *******************************************************************
2025-07-05 08:53:18,800 - INFO  - monitor_and_execute_trade - [TAOUSDT] - ℹ️  Không có tín hiệu giao dịch.
2025-07-05 08:53:18,802 - INFO  - monitor_and_execute_trade - [TAOUSDT] - ℹ️  

2025-07-05 08:53:18,804 - INFO  - monitor_and_execute_trade - [MYXUSDT] - ℹ️  *******************************************************************
2025-07-05 08:53:18,804 - INFO  - monitor_and_execute_trade - [MYXUSDT] - ℹ️  🚀 Đang kiểm tra cặp coin: MYXUSDT🚀
2025-07-05 08:53:18,806 - INFO  - monitor_and_execute_trade - [MYXUSDT] - ℹ️  *******************************************************************
2025-07-05 08:53:18,918 - INFO  - monitor_and_execute_trade - [MYXUSDT] - ℹ️  Không có tín hiệu giao dịch.
2025-07-05 08:53:18,920 - INFO  - monitor_and_execute_trade - [MYXUSDT] - ℹ️  

2025-07-05 08:53:18,922 - INFO  - monitor_and_execute_trade - [INJUSDT] - ℹ️  *******************************************************************
2025-07-05 08:53:18,923 - INFO  - monitor_and_execute_trade - [INJUSDT] - ℹ️  🚀 Đang kiểm tra cặp coin: INJUSDT🚀
2025-07-05 08:53:18,924 - INFO  - monitor_and_execute_trade - [INJUSDT] - ℹ️  *******************************************************************
2025-07-05 08:53:19,035 - INFO  - monitor_and_execute_trade - [INJUSDT] - ℹ️  Không có tín hiệu giao dịch.
2025-07-05 08:53:19,037 - INFO  - monitor_and_execute_trade - [INJUSDT] - ℹ️  

2025-07-05 08:53:19,039 - INFO  - monitor_and_execute_trade - [AI16ZUSDT] - ℹ️  *******************************************************************
2025-07-05 08:53:19,041 - INFO  - monitor_and_execute_trade - [AI16ZUSDT] - ℹ️  🚀 Đang kiểm tra cặp coin: AI16ZUSDT🚀
2025-07-05 08:53:19,041 - INFO  - monitor_and_execute_trade - [AI16ZUSDT] - ℹ️  *******************************************************************
2025-07-05 08:53:19,156 - INFO  - monitor_and_execute_trade - [AI16ZUSDT] - ℹ️  Không có tín hiệu giao dịch.
2025-07-05 08:53:19,157 - INFO  - monitor_and_execute_trade - [AI16ZUSDT] - ℹ️  

2025-07-05 08:53:19,159 - INFO  - monitor_and_execute_trade - [GUNUSDT] - ℹ️  *******************************************************************
2025-07-05 08:53:19,161 - INFO  - monitor_and_execute_trade - [GUNUSDT] - ℹ️  🚀 Đang kiểm tra cặp coin: GUNUSDT🚀
2025-07-05 08:53:19,162 - INFO  - monitor_and_execute_trade - [GUNUSDT] - ℹ️  *******************************************************************
2025-07-05 08:53:19,272 - INFO  - monitor_and_execute_trade - [GUNUSDT] - ℹ️  Không có tín hiệu giao dịch.
2025-07-05 08:53:19,273 - INFO  - monitor_and_execute_trade - [GUNUSDT] - ℹ️  

2025-07-05 08:53:19,275 - INFO  - monitor_and_execute_trade - [TRXUSDT] - ℹ️  *******************************************************************
2025-07-05 08:53:19,277 - INFO  - monitor_and_execute_trade - [TRXUSDT] - ℹ️  🚀 Đang kiểm tra cặp coin: TRXUSDT🚀
2025-07-05 08:53:19,278 - INFO  - monitor_and_execute_trade - [TRXUSDT] - ℹ️  *******************************************************************
2025-07-05 08:53:19,391 - INFO  - monitor_and_execute_trade - [TRXUSDT] - ℹ️  Không có tín hiệu giao dịch.
2025-07-05 08:53:19,392 - INFO  - monitor_and_execute_trade - [TRXUSDT] - ℹ️  

2025-07-05 08:53:19,395 - INFO  - monitor_and_execute_trade - [DMCUSDT] - ℹ️  *******************************************************************
2025-07-05 08:53:19,395 - INFO  - monitor_and_execute_trade - [DMCUSDT] - ℹ️  🚀 Đang kiểm tra cặp coin: DMCUSDT🚀
2025-07-05 08:53:19,398 - INFO  - monitor_and_execute_trade - [DMCUSDT] - ℹ️  *******************************************************************
2025-07-05 08:53:19,513 - INFO  - monitor_and_execute_trade - [DMCUSDT] - ℹ️  Không có tín hiệu giao dịch.
2025-07-05 08:53:19,515 - INFO  - monitor_and_execute_trade - [DMCUSDT] - ℹ️  

2025-07-05 08:53:19,517 - INFO  - monitor_and_execute_trade - [WAVESUSDT] - ℹ️  *******************************************************************
2025-07-05 08:53:19,517 - INFO  - monitor_and_execute_trade - [WAVESUSDT] - ℹ️  🚀 Đang kiểm tra cặp coin: WAVESUSDT🚀
2025-07-05 08:53:19,519 - INFO  - monitor_and_execute_trade - [WAVESUSDT] - ℹ️  *******************************************************************
2025-07-05 08:53:19,539 - ERROR - check_spread_slippage     - [WAVESUSDT] - ❌  Lỗi khi kiểm tra spread/slippage cho WAVESUSDT: list index out of range
2025-07-05 08:53:19,542 - WARNI - monitor_and_execute_trade - [WAVESUSDT] - ⚠️  Spread hoặc slippage không đạt yêu cầu.
2025-07-05 08:53:19,543 - INFO  - monitor_and_execute_trade - [NEWTUSDT] - ℹ️  *******************************************************************
2025-07-05 08:53:19,544 - INFO  - monitor_and_execute_trade - [NEWTUSDT] - ℹ️  🚀 Đang kiểm tra cặp coin: NEWTUSDT🚀
2025-07-05 08:53:19,545 - INFO  - monitor_and_execute_trade - [NEWTUSDT] - ℹ️  *******************************************************************
2025-07-05 08:53:19,655 - INFO  - monitor_and_execute_trade - [NEWTUSDT] - ℹ️  Không có tín hiệu giao dịch.
2025-07-05 08:53:19,656 - INFO  - monitor_and_execute_trade - [NEWTUSDT] - ℹ️  

2025-07-05 08:53:19,658 - INFO  - monitor_and_execute_trade - [AMBUSDT] - ℹ️  *******************************************************************
2025-07-05 08:53:19,660 - INFO  - monitor_and_execute_trade - [AMBUSDT] - ℹ️  🚀 Đang kiểm tra cặp coin: AMBUSDT🚀
2025-07-05 08:53:19,661 - INFO  - monitor_and_execute_trade - [AMBUSDT] - ℹ️  *******************************************************************
2025-07-05 08:53:19,685 - ERROR - check_spread_slippage     - [AMBUSDT] - ❌  Lỗi khi kiểm tra spread/slippage cho AMBUSDT: list index out of range
2025-07-05 08:53:19,688 - WARNI - monitor_and_execute_trade - [AMBUSDT] - ⚠️  Spread hoặc slippage không đạt yêu cầu.
2025-07-05 08:53:19,689 - INFO  - monitor_and_execute_trade - [OCEANUSDT] - ℹ️  *******************************************************************
2025-07-05 08:53:19,690 - INFO  - monitor_and_execute_trade - [OCEANUSDT] - ℹ️  🚀 Đang kiểm tra cặp coin: OCEANUSDT🚀
2025-07-05 08:53:19,691 - INFO  - monitor_and_execute_trade - [OCEANUSDT] - ℹ️  *******************************************************************
2025-07-05 08:53:19,712 - ERROR - check_spread_slippage     - [OCEANUSDT] - ❌  Lỗi khi kiểm tra spread/slippage cho OCEANUSDT: list index out of range
2025-07-05 08:53:19,712 - WARNI - monitor_and_execute_trade - [OCEANUSDT] - ⚠️  Spread hoặc slippage không đạt yêu cầu.
2025-07-05 08:53:19,712 - INFO  - monitor_and_execute_trade - [FETUSDT] - ℹ️  *******************************************************************
2025-07-05 08:53:19,713 - INFO  - monitor_and_execute_trade - [FETUSDT] - ℹ️  🚀 Đang kiểm tra cặp coin: FETUSDT🚀
2025-07-05 08:53:19,713 - INFO  - monitor_and_execute_trade - [FETUSDT] - ℹ️  *******************************************************************
2025-07-05 08:53:19,823 - INFO  - monitor_and_execute_trade - [FETUSDT] - ℹ️  Không có tín hiệu giao dịch.
2025-07-05 08:53:19,825 - INFO  - monitor_and_execute_trade - [FETUSDT] - ℹ️  

2025-07-05 08:53:19,826 - INFO  - monitor_and_execute_trade - [SPXUSDT] - ℹ️  *******************************************************************
2025-07-05 08:53:19,828 - INFO  - monitor_and_execute_trade - [SPXUSDT] - ℹ️  🚀 Đang kiểm tra cặp coin: SPXUSDT🚀
2025-07-05 08:53:19,829 - INFO  - monitor_and_execute_trade - [SPXUSDT] - ℹ️  *******************************************************************
2025-07-05 08:53:19,946 - INFO  - monitor_and_execute_trade - [SPXUSDT] - ℹ️  Không có tín hiệu giao dịch.
2025-07-05 08:53:19,947 - INFO  - monitor_and_execute_trade - [SPXUSDT] - ℹ️  

2025-07-05 08:53:19,950 - INFO  - monitor_and_execute_trade - [SPXUSDT] - ℹ️  Đã kiểm tra tất cả các cặp coin.
2025-07-05 08:53:19,952 - INFO  - monitor_and_execute_trade - [SPXUSDT] - ℹ️  Đang chờ 5 phút trước khi kiểm tra lại...
2025-07-05 08:58:19,961 - INFO  - monitor_and_execute_trade - [BTCUSDT] - ℹ️  *******************************************************************
2025-07-05 08:58:19,964 - INFO  - monitor_and_execute_trade - [BTCUSDT] - ℹ️  🚀 Đang kiểm tra cặp coin: BTCUSDT🚀
2025-07-05 08:58:19,966 - INFO  - monitor_and_execute_trade - [BTCUSDT] - ℹ️  *******************************************************************
2025-07-05 08:58:20,146 - WARNI - monitor_and_execute_trade - [BTCUSDT] - ⚠️  Không có trend rõ ràng: long=uptrend, medium=sideway, short=downtrend
2025-07-05 08:58:20,147 - INFO  - monitor_and_execute_trade - [ETHUSDT] - ℹ️  *******************************************************************
2025-07-05 08:58:20,148 - INFO  - monitor_and_execute_trade - [ETHUSDT] - ℹ️  🚀 Đang kiểm tra cặp coin: ETHUSDT🚀
2025-07-05 08:58:20,150 - INFO  - monitor_and_execute_trade - [ETHUSDT] - ℹ️  *******************************************************************
2025-07-05 08:58:20,290 - INFO  - monitor_and_execute_trade - [ETHUSDT] - ℹ️  Không có tín hiệu giao dịch.
2025-07-05 08:58:20,292 - INFO  - monitor_and_execute_trade - [ETHUSDT] - ℹ️  

2025-07-05 08:58:20,293 - INFO  - monitor_and_execute_trade - [ALPACAUSDT] - ℹ️  *******************************************************************
2025-07-05 08:58:20,296 - INFO  - monitor_and_execute_trade - [ALPACAUSDT] - ℹ️  🚀 Đang kiểm tra cặp coin: ALPACAUSDT🚀
2025-07-05 08:58:20,296 - INFO  - monitor_and_execute_trade - [ALPACAUSDT] - ℹ️  *******************************************************************
2025-07-05 08:58:20,315 - ERROR - check_spread_slippage     - [ALPACAUSDT] - ❌  Lỗi khi kiểm tra spread/slippage cho ALPACAUSDT: list index out of range
2025-07-05 08:58:20,318 - WARNI - monitor_and_execute_trade - [ALPACAUSDT] - ⚠️  Spread hoặc slippage không đạt yêu cầu.
2025-07-05 08:58:20,319 - INFO  - monitor_and_execute_trade - [SOLUSDT] - ℹ️  *******************************************************************
2025-07-05 08:58:20,319 - INFO  - monitor_and_execute_trade - [SOLUSDT] - ℹ️  🚀 Đang kiểm tra cặp coin: SOLUSDT🚀
2025-07-05 08:58:20,319 - INFO  - monitor_and_execute_trade - [SOLUSDT] - ℹ️  *******************************************************************
2025-07-05 08:58:20,384 - WARNI - monitor_and_execute_trade - [SOLUSDT] - ⚠️  Không có trend rõ ràng: long=uptrend, medium=sideway, short=downtrend
2025-07-05 08:58:20,385 - INFO  - monitor_and_execute_trade - [HUSDT] - ℹ️  *******************************************************************
2025-07-05 08:58:20,387 - INFO  - monitor_and_execute_trade - [HUSDT] - ℹ️  🚀 Đang kiểm tra cặp coin: HUSDT🚀
2025-07-05 08:58:20,389 - INFO  - monitor_and_execute_trade - [HUSDT] - ℹ️  *******************************************************************
2025-07-05 08:58:20,496 - INFO  - monitor_and_execute_trade - [HUSDT] - ℹ️  Không có tín hiệu giao dịch.
2025-07-05 08:58:20,498 - INFO  - monitor_and_execute_trade - [HUSDT] - ℹ️  

2025-07-05 08:58:20,499 - INFO  - monitor_and_execute_trade - [FUNUSDT] - ℹ️  *******************************************************************
2025-07-05 08:58:20,501 - INFO  - monitor_and_execute_trade - [FUNUSDT] - ℹ️  🚀 Đang kiểm tra cặp coin: FUNUSDT🚀
2025-07-05 08:58:20,502 - INFO  - monitor_and_execute_trade - [FUNUSDT] - ℹ️  *******************************************************************
2025-07-05 08:58:20,612 - INFO  - monitor_and_execute_trade - [FUNUSDT] - ℹ️  Không có tín hiệu giao dịch.
2025-07-05 08:58:20,613 - INFO  - monitor_and_execute_trade - [FUNUSDT] - ℹ️  

2025-07-05 08:58:20,615 - INFO  - monitor_and_execute_trade - [DOGEUSDT] - ℹ️  *******************************************************************
2025-07-05 08:58:20,617 - INFO  - monitor_and_execute_trade - [DOGEUSDT] - ℹ️  🚀 Đang kiểm tra cặp coin: DOGEUSDT🚀
2025-07-05 08:58:20,617 - INFO  - monitor_and_execute_trade - [DOGEUSDT] - ℹ️  *******************************************************************
2025-07-05 08:58:20,721 - INFO  - monitor_and_execute_trade - [DOGEUSDT] - ℹ️  Không có tín hiệu giao dịch.
2025-07-05 08:58:20,722 - INFO  - monitor_and_execute_trade - [DOGEUSDT] - ℹ️  

2025-07-05 08:58:20,724 - INFO  - monitor_and_execute_trade - [1000PEPEUSDT] - ℹ️  *******************************************************************
2025-07-05 08:58:20,726 - INFO  - monitor_and_execute_trade - [1000PEPEUSDT] - ℹ️  🚀 Đang kiểm tra cặp coin: 1000PEPEUSDT🚀
2025-07-05 08:58:20,726 - INFO  - monitor_and_execute_trade - [1000PEPEUSDT] - ℹ️  *******************************************************************
2025-07-05 08:58:20,834 - INFO  - monitor_and_execute_trade - [1000PEPEUSDT] - ℹ️  Không có tín hiệu giao dịch.
2025-07-05 08:58:20,835 - INFO  - monitor_and_execute_trade - [1000PEPEUSDT] - ℹ️  

2025-07-05 08:58:20,837 - INFO  - monitor_and_execute_trade - [XRPUSDT] - ℹ️  *******************************************************************
2025-07-05 08:58:20,839 - INFO  - monitor_and_execute_trade - [XRPUSDT] - ℹ️  🚀 Đang kiểm tra cặp coin: XRPUSDT🚀
2025-07-05 08:58:20,839 - INFO  - monitor_and_execute_trade - [XRPUSDT] - ℹ️  *******************************************************************
2025-07-05 08:58:20,944 - INFO  - monitor_and_execute_trade - [XRPUSDT] - ℹ️  Không có tín hiệu giao dịch.
2025-07-05 08:58:20,945 - INFO  - monitor_and_execute_trade - [XRPUSDT] - ℹ️  

2025-07-05 08:58:20,947 - INFO  - monitor_and_execute_trade - [BNXUSDT] - ℹ️  *******************************************************************
2025-07-05 08:58:20,949 - INFO  - monitor_and_execute_trade - [BNXUSDT] - ℹ️  🚀 Đang kiểm tra cặp coin: BNXUSDT🚀
2025-07-05 08:58:20,949 - INFO  - monitor_and_execute_trade - [BNXUSDT] - ℹ️  *******************************************************************
2025-07-05 08:58:20,967 - ERROR - check_spread_slippage     - [BNXUSDT] - ❌  Lỗi khi kiểm tra spread/slippage cho BNXUSDT: list index out of range
2025-07-05 08:58:20,969 - WARNI - monitor_and_execute_trade - [BNXUSDT] - ⚠️  Spread hoặc slippage không đạt yêu cầu.
2025-07-05 08:58:20,970 - INFO  - monitor_and_execute_trade - [SUIUSDT] - ℹ️  *******************************************************************
2025-07-05 08:58:20,970 - INFO  - monitor_and_execute_trade - [SUIUSDT] - ℹ️  🚀 Đang kiểm tra cặp coin: SUIUSDT🚀
2025-07-05 08:58:20,972 - INFO  - monitor_and_execute_trade - [SUIUSDT] - ℹ️  *******************************************************************
2025-07-05 08:58:21,078 - INFO  - monitor_and_execute_trade - [SUIUSDT] - ℹ️  Không có tín hiệu giao dịch.
2025-07-05 08:58:21,080 - INFO  - monitor_and_execute_trade - [SUIUSDT] - ℹ️  

2025-07-05 08:58:21,081 - INFO  - monitor_and_execute_trade - [WIFUSDT] - ℹ️  *******************************************************************
2025-07-05 08:58:21,084 - INFO  - monitor_and_execute_trade - [WIFUSDT] - ℹ️  🚀 Đang kiểm tra cặp coin: WIFUSDT🚀
2025-07-05 08:58:21,084 - INFO  - monitor_and_execute_trade - [WIFUSDT] - ℹ️  *******************************************************************
2025-07-05 08:58:21,156 - WARNI - monitor_and_execute_trade - [WIFUSDT] - ⚠️  Không có trend rõ ràng: long=uptrend, medium=sideway, short=downtrend
2025-07-05 08:58:21,158 - INFO  - monitor_and_execute_trade - [UNIUSDT] - ℹ️  *******************************************************************
2025-07-05 08:58:21,159 - INFO  - monitor_and_execute_trade - [UNIUSDT] - ℹ️  🚀 Đang kiểm tra cặp coin: UNIUSDT🚀
2025-07-05 08:58:21,162 - INFO  - monitor_and_execute_trade - [UNIUSDT] - ℹ️  *******************************************************************
2025-07-05 08:58:21,244 - WARNI - monitor_and_execute_trade - [UNIUSDT] - ⚠️  Đảo chiều xác nhận (15m), bỏ qua lệnh
2025-07-05 08:58:21,245 - INFO  - monitor_and_execute_trade - [PENGUUSDT] - ℹ️  *******************************************************************
2025-07-05 08:58:21,246 - INFO  - monitor_and_execute_trade - [PENGUUSDT] - ℹ️  🚀 Đang kiểm tra cặp coin: PENGUUSDT🚀
2025-07-05 08:58:21,249 - INFO  - monitor_and_execute_trade - [PENGUUSDT] - ℹ️  *******************************************************************
2025-07-05 08:58:21,355 - INFO  - monitor_and_execute_trade - [PENGUUSDT] - ℹ️  Không có tín hiệu giao dịch.
2025-07-05 08:58:21,356 - INFO  - monitor_and_execute_trade - [PENGUUSDT] - ℹ️  

2025-07-05 08:58:21,358 - INFO  - monitor_and_execute_trade - [FARTCOINUSDT] - ℹ️  *******************************************************************
2025-07-05 08:58:21,360 - INFO  - monitor_and_execute_trade - [FARTCOINUSDT] - ℹ️  🚀 Đang kiểm tra cặp coin: FARTCOINUSDT🚀
2025-07-05 08:58:21,361 - INFO  - monitor_and_execute_trade - [FARTCOINUSDT] - ℹ️  *******************************************************************
2025-07-05 08:58:21,442 - WARNI - monitor_and_execute_trade - [FARTCOINUSDT] - ⚠️  Đảo chiều xác nhận (15m), bỏ qua lệnh
2025-07-05 08:58:21,444 - INFO  - monitor_and_execute_trade - [ADAUSDT] - ℹ️  *******************************************************************
2025-07-05 08:58:21,445 - INFO  - monitor_and_execute_trade - [ADAUSDT] - ℹ️  🚀 Đang kiểm tra cặp coin: ADAUSDT🚀
2025-07-05 08:58:21,447 - INFO  - monitor_and_execute_trade - [ADAUSDT] - ℹ️  *******************************************************************
2025-07-05 08:58:21,515 - WARNI - monitor_and_execute_trade - [ADAUSDT] - ⚠️  Không có trend rõ ràng: long=uptrend, medium=sideway, short=downtrend
2025-07-05 08:58:21,516 - INFO  - monitor_and_execute_trade - [MOODENGUSDT] - ℹ️  *******************************************************************
2025-07-05 08:58:21,518 - INFO  - monitor_and_execute_trade - [MOODENGUSDT] - ℹ️  🚀 Đang kiểm tra cặp coin: MOODENGUSDT🚀
2025-07-05 08:58:21,520 - INFO  - monitor_and_execute_trade - [MOODENGUSDT] - ℹ️  *******************************************************************
2025-07-05 08:58:21,634 - INFO  - monitor_and_execute_trade - [MOODENGUSDT] - ℹ️  Không có tín hiệu giao dịch.
2025-07-05 08:58:21,635 - INFO  - monitor_and_execute_trade - [MOODENGUSDT] - ℹ️  

2025-07-05 08:58:21,637 - INFO  - monitor_and_execute_trade - [1000BONKUSDT] - ℹ️  *******************************************************************
2025-07-05 08:58:21,639 - INFO  - monitor_and_execute_trade - [1000BONKUSDT] - ℹ️  🚀 Đang kiểm tra cặp coin: 1000BONKUSDT🚀
2025-07-05 08:58:21,639 - INFO  - monitor_and_execute_trade - [1000BONKUSDT] - ℹ️  *******************************************************************
2025-07-05 08:58:21,744 - INFO  - monitor_and_execute_trade - [1000BONKUSDT] - ℹ️  Không có tín hiệu giao dịch.
2025-07-05 08:58:21,745 - INFO  - monitor_and_execute_trade - [1000BONKUSDT] - ℹ️  

2025-07-05 08:58:21,747 - INFO  - monitor_and_execute_trade - [AAVEUSDT] - ℹ️  *******************************************************************
2025-07-05 08:58:21,749 - INFO  - monitor_and_execute_trade - [AAVEUSDT] - ℹ️  🚀 Đang kiểm tra cặp coin: AAVEUSDT🚀
2025-07-05 08:58:21,750 - INFO  - monitor_and_execute_trade - [AAVEUSDT] - ℹ️  *******************************************************************
2025-07-05 08:58:21,835 - WARNI - monitor_and_execute_trade - [AAVEUSDT] - ⚠️  Đảo chiều xác nhận (15m), bỏ qua lệnh
2025-07-05 08:58:21,837 - INFO  - monitor_and_execute_trade - [LINKUSDT] - ℹ️  *******************************************************************
2025-07-05 08:58:21,838 - INFO  - monitor_and_execute_trade - [LINKUSDT] - ℹ️  🚀 Đang kiểm tra cặp coin: LINKUSDT🚀
2025-07-05 08:58:21,840 - INFO  - monitor_and_execute_trade - [LINKUSDT] - ℹ️  *******************************************************************
2025-07-05 08:58:21,907 - WARNI - monitor_and_execute_trade - [LINKUSDT] - ⚠️  Không có trend rõ ràng: long=uptrend, medium=sideway, short=downtrend
2025-07-05 08:58:21,908 - INFO  - monitor_and_execute_trade - [BCHUSDT] - ℹ️  *******************************************************************
2025-07-05 08:58:21,910 - INFO  - monitor_and_execute_trade - [BCHUSDT] - ℹ️  🚀 Đang kiểm tra cặp coin: BCHUSDT🚀
2025-07-05 08:58:21,912 - INFO  - monitor_and_execute_trade - [BCHUSDT] - ℹ️  *******************************************************************
2025-07-05 08:58:22,016 - INFO  - monitor_and_execute_trade - [BCHUSDT] - ℹ️  Không có tín hiệu giao dịch.
2025-07-05 08:58:22,017 - INFO  - monitor_and_execute_trade - [BCHUSDT] - ℹ️  

2025-07-05 08:58:22,019 - INFO  - monitor_and_execute_trade - [SAHARAUSDT] - ℹ️  *******************************************************************
2025-07-05 08:58:22,021 - INFO  - monitor_and_execute_trade - [SAHARAUSDT] - ℹ️  🚀 Đang kiểm tra cặp coin: SAHARAUSDT🚀
2025-07-05 08:58:22,022 - INFO  - monitor_and_execute_trade - [SAHARAUSDT] - ℹ️  *******************************************************************
2025-07-05 08:58:22,090 - WARNI - monitor_and_execute_trade - [SAHARAUSDT] - ⚠️  Không có trend rõ ràng: long=downtrend, medium=uptrend, short=sideway
2025-07-05 08:58:22,091 - INFO  - monitor_and_execute_trade - [ENAUSDT] - ℹ️  *******************************************************************
2025-07-05 08:58:22,093 - INFO  - monitor_and_execute_trade - [ENAUSDT] - ℹ️  🚀 Đang kiểm tra cặp coin: ENAUSDT🚀
2025-07-05 08:58:22,095 - INFO  - monitor_and_execute_trade - [ENAUSDT] - ℹ️  *******************************************************************
2025-07-05 08:58:22,161 - WARNI - monitor_and_execute_trade - [ENAUSDT] - ⚠️  Không có trend rõ ràng: long=uptrend, medium=sideway, short=downtrend
2025-07-05 08:58:22,162 - INFO  - monitor_and_execute_trade - [HYPEUSDT] - ℹ️  *******************************************************************
2025-07-05 08:58:22,164 - INFO  - monitor_and_execute_trade - [HYPEUSDT] - ℹ️  🚀 Đang kiểm tra cặp coin: HYPEUSDT🚀
2025-07-05 08:58:22,166 - INFO  - monitor_and_execute_trade - [HYPEUSDT] - ℹ️  *******************************************************************
2025-07-05 08:58:22,274 - INFO  - monitor_and_execute_trade - [HYPEUSDT] - ℹ️  Không có tín hiệu giao dịch.
2025-07-05 08:58:22,275 - INFO  - monitor_and_execute_trade - [HYPEUSDT] - ℹ️  

2025-07-05 08:58:22,277 - INFO  - monitor_and_execute_trade - [TRUMPUSDT] - ℹ️  *******************************************************************
2025-07-05 08:58:22,279 - INFO  - monitor_and_execute_trade - [TRUMPUSDT] - ℹ️  🚀 Đang kiểm tra cặp coin: TRUMPUSDT🚀
2025-07-05 08:58:22,280 - INFO  - monitor_and_execute_trade - [TRUMPUSDT] - ℹ️  *******************************************************************
2025-07-05 08:58:22,351 - WARNI - monitor_and_execute_trade - [TRUMPUSDT] - ⚠️  Không có trend rõ ràng: long=uptrend, medium=downtrend, short=sideway
2025-07-05 08:58:22,353 - INFO  - monitor_and_execute_trade - [NEIROUSDT] - ℹ️  *******************************************************************
2025-07-05 08:58:22,354 - INFO  - monitor_and_execute_trade - [NEIROUSDT] - ℹ️  🚀 Đang kiểm tra cặp coin: NEIROUSDT🚀
2025-07-05 08:58:22,357 - INFO  - monitor_and_execute_trade - [NEIROUSDT] - ℹ️  *******************************************************************
2025-07-05 08:58:22,465 - INFO  - monitor_and_execute_trade - [NEIROUSDT] - ℹ️  Không có tín hiệu giao dịch.
2025-07-05 08:58:22,466 - INFO  - monitor_and_execute_trade - [NEIROUSDT] - ℹ️  

2025-07-05 08:58:22,468 - INFO  - monitor_and_execute_trade - [LTCUSDT] - ℹ️  *******************************************************************
2025-07-05 08:58:22,470 - INFO  - monitor_and_execute_trade - [LTCUSDT] - ℹ️  🚀 Đang kiểm tra cặp coin: LTCUSDT🚀
2025-07-05 08:58:22,470 - INFO  - monitor_and_execute_trade - [LTCUSDT] - ℹ️  *******************************************************************
2025-07-05 08:58:22,578 - INFO  - monitor_and_execute_trade - [LTCUSDT] - ℹ️  Không có tín hiệu giao dịch.
2025-07-05 08:58:22,579 - INFO  - monitor_and_execute_trade - [LTCUSDT] - ℹ️  

2025-07-05 08:58:22,581 - INFO  - monitor_and_execute_trade - [AVAXUSDT] - ℹ️  *******************************************************************
2025-07-05 08:58:22,583 - INFO  - monitor_and_execute_trade - [AVAXUSDT] - ℹ️  🚀 Đang kiểm tra cặp coin: AVAXUSDT🚀
2025-07-05 08:58:22,583 - INFO  - monitor_and_execute_trade - [AVAXUSDT] - ℹ️  *******************************************************************
2025-07-05 08:58:22,648 - WARNI - monitor_and_execute_trade - [AVAXUSDT] - ⚠️  Không có trend rõ ràng: long=uptrend, medium=sideway, short=downtrend
2025-07-05 08:58:22,650 - INFO  - monitor_and_execute_trade - [BNBUSDT] - ℹ️  *******************************************************************
2025-07-05 08:58:22,651 - INFO  - monitor_and_execute_trade - [BNBUSDT] - ℹ️  🚀 Đang kiểm tra cặp coin: BNBUSDT🚀
2025-07-05 08:58:22,653 - INFO  - monitor_and_execute_trade - [BNBUSDT] - ℹ️  *******************************************************************
2025-07-05 08:58:22,717 - WARNI - monitor_and_execute_trade - [BNBUSDT] - ⚠️  Không có trend rõ ràng: long=uptrend, medium=sideway, short=downtrend
2025-07-05 08:58:22,719 - INFO  - monitor_and_execute_trade - [IDOLUSDT] - ℹ️  *******************************************************************
2025-07-05 08:58:22,720 - INFO  - monitor_and_execute_trade - [IDOLUSDT] - ℹ️  🚀 Đang kiểm tra cặp coin: IDOLUSDT🚀
2025-07-05 08:58:22,723 - INFO  - monitor_and_execute_trade - [IDOLUSDT] - ℹ️  *******************************************************************
2025-07-05 08:58:22,823 - WARNI - check_price_trend_signal  - [IDOLUSDT] - ⚠️  Không đủ dữ liệu nến để phân tích xu hướng
2025-07-05 08:58:22,829 - INFO  - monitor_and_execute_trade - [IDOLUSDT] - ℹ️  Không có tín hiệu giao dịch.
2025-07-05 08:58:22,831 - INFO  - monitor_and_execute_trade - [IDOLUSDT] - ℹ️  

2025-07-05 08:58:22,832 - INFO  - monitor_and_execute_trade - [VIRTUALUSDT] - ℹ️  *******************************************************************
2025-07-05 08:58:22,835 - INFO  - monitor_and_execute_trade - [VIRTUALUSDT] - ℹ️  🚀 Đang kiểm tra cặp coin: VIRTUALUSDT🚀
2025-07-05 08:58:22,835 - INFO  - monitor_and_execute_trade - [VIRTUALUSDT] - ℹ️  *******************************************************************
2025-07-05 08:58:22,942 - INFO  - monitor_and_execute_trade - [VIRTUALUSDT] - ℹ️  Không có tín hiệu giao dịch.
2025-07-05 08:58:22,943 - INFO  - monitor_and_execute_trade - [VIRTUALUSDT] - ℹ️  

2025-07-05 08:58:22,946 - INFO  - monitor_and_execute_trade - [DOTUSDT] - ℹ️  *******************************************************************
2025-07-05 08:58:22,946 - INFO  - monitor_and_execute_trade - [DOTUSDT] - ℹ️  🚀 Đang kiểm tra cặp coin: DOTUSDT🚀
2025-07-05 08:58:22,948 - INFO  - monitor_and_execute_trade - [DOTUSDT] - ℹ️  *******************************************************************
2025-07-05 08:58:23,014 - WARNI - monitor_and_execute_trade - [DOTUSDT] - ⚠️  Không có trend rõ ràng: long=uptrend, medium=sideway, short=downtrend
2025-07-05 08:58:23,016 - INFO  - monitor_and_execute_trade - [ARBUSDT] - ℹ️  *******************************************************************
2025-07-05 08:58:23,017 - INFO  - monitor_and_execute_trade - [ARBUSDT] - ℹ️  🚀 Đang kiểm tra cặp coin: ARBUSDT🚀
2025-07-05 08:58:23,020 - INFO  - monitor_and_execute_trade - [ARBUSDT] - ℹ️  *******************************************************************
2025-07-05 08:58:23,103 - WARNI - monitor_and_execute_trade - [ARBUSDT] - ⚠️  Đảo chiều xác nhận (15m), bỏ qua lệnh
2025-07-05 08:58:23,105 - INFO  - monitor_and_execute_trade - [BULLAUSDT] - ℹ️  *******************************************************************
2025-07-05 08:58:23,106 - INFO  - monitor_and_execute_trade - [BULLAUSDT] - ℹ️  🚀 Đang kiểm tra cặp coin: BULLAUSDT🚀
2025-07-05 08:58:23,108 - INFO  - monitor_and_execute_trade - [BULLAUSDT] - ℹ️  *******************************************************************
2025-07-05 08:58:23,129 - WARNI - check_spread_slippage     - [BULLAUSDT] - ⚠️  BULLAUSDT bị spread cao (0.1321%), bỏ qua
2025-07-05 08:58:23,130 - WARNI - monitor_and_execute_trade - [BULLAUSDT] - ⚠️  Spread hoặc slippage không đạt yêu cầu.
2025-07-05 08:58:23,132 - INFO  - monitor_and_execute_trade - [ARKUSDT] - ℹ️  *******************************************************************
2025-07-05 08:58:23,133 - INFO  - monitor_and_execute_trade - [ARKUSDT] - ℹ️  🚀 Đang kiểm tra cặp coin: ARKUSDT🚀
2025-07-05 08:58:23,136 - INFO  - monitor_and_execute_trade - [ARKUSDT] - ℹ️  *******************************************************************
2025-07-05 08:58:23,240 - INFO  - monitor_and_execute_trade - [ARKUSDT] - ℹ️  Không có tín hiệu giao dịch.
2025-07-05 08:58:23,242 - INFO  - monitor_and_execute_trade - [ARKUSDT] - ℹ️  

2025-07-05 08:58:23,244 - INFO  - monitor_and_execute_trade - [1000000BOBUSDT] - ℹ️  *******************************************************************
2025-07-05 08:58:23,246 - INFO  - monitor_and_execute_trade - [1000000BOBUSDT] - ℹ️  🚀 Đang kiểm tra cặp coin: 1000000BOBUSDT🚀
2025-07-05 08:58:23,246 - INFO  - monitor_and_execute_trade - [1000000BOBUSDT] - ℹ️  *******************************************************************
2025-07-05 08:58:23,353 - INFO  - monitor_and_execute_trade - [1000000BOBUSDT] - ℹ️  Không có tín hiệu giao dịch.
2025-07-05 08:58:23,354 - INFO  - monitor_and_execute_trade - [1000000BOBUSDT] - ℹ️  

2025-07-05 08:58:23,356 - INFO  - monitor_and_execute_trade - [SEIUSDT] - ℹ️  *******************************************************************
2025-07-05 08:58:23,358 - INFO  - monitor_and_execute_trade - [SEIUSDT] - ℹ️  🚀 Đang kiểm tra cặp coin: SEIUSDT🚀
2025-07-05 08:58:23,358 - INFO  - monitor_and_execute_trade - [SEIUSDT] - ℹ️  *******************************************************************
2025-07-05 08:58:23,436 - WARNI - monitor_and_execute_trade - [SEIUSDT] - ⚠️  Cảnh báo đảo chiều sớm (5m)
2025-07-05 08:58:23,437 - INFO  - monitor_and_execute_trade - [CRVUSDT] - ℹ️  *******************************************************************
2025-07-05 08:58:23,439 - INFO  - monitor_and_execute_trade - [CRVUSDT] - ℹ️  🚀 Đang kiểm tra cặp coin: CRVUSDT🚀
2025-07-05 08:58:23,441 - INFO  - monitor_and_execute_trade - [CRVUSDT] - ℹ️  *******************************************************************
2025-07-05 08:58:23,462 - WARNI - check_spread_slippage     - [CRVUSDT] - ⚠️  CRVUSDT bị spread cao (0.2012%), bỏ qua
2025-07-05 08:58:23,464 - WARNI - monitor_and_execute_trade - [CRVUSDT] - ⚠️  Spread hoặc slippage không đạt yêu cầu.
2025-07-05 08:58:23,466 - INFO  - monitor_and_execute_trade - [PNUTUSDT] - ℹ️  *******************************************************************
2025-07-05 08:58:23,466 - INFO  - monitor_and_execute_trade - [PNUTUSDT] - ℹ️  🚀 Đang kiểm tra cặp coin: PNUTUSDT🚀
2025-07-05 08:58:23,469 - INFO  - monitor_and_execute_trade - [PNUTUSDT] - ℹ️  *******************************************************************
2025-07-05 08:58:23,574 - INFO  - monitor_and_execute_trade - [PNUTUSDT] - ℹ️  Không có tín hiệu giao dịch.
2025-07-05 08:58:23,575 - INFO  - monitor_and_execute_trade - [PNUTUSDT] - ℹ️  

2025-07-05 08:58:23,577 - INFO  - monitor_and_execute_trade - [TIAUSDT] - ℹ️  *******************************************************************
2025-07-05 08:58:23,579 - INFO  - monitor_and_execute_trade - [TIAUSDT] - ℹ️  🚀 Đang kiểm tra cặp coin: TIAUSDT🚀
2025-07-05 08:58:23,580 - INFO  - monitor_and_execute_trade - [TIAUSDT] - ℹ️  *******************************************************************
2025-07-05 08:58:23,690 - INFO  - monitor_and_execute_trade - [TIAUSDT] - ℹ️  Không có tín hiệu giao dịch.
2025-07-05 08:58:23,691 - INFO  - monitor_and_execute_trade - [TIAUSDT] - ℹ️  

2025-07-05 08:58:23,693 - INFO  - monitor_and_execute_trade - [ICNTUSDT] - ℹ️  *******************************************************************
2025-07-05 08:58:23,695 - INFO  - monitor_and_execute_trade - [ICNTUSDT] - ℹ️  🚀 Đang kiểm tra cặp coin: ICNTUSDT🚀
2025-07-05 08:58:23,695 - INFO  - monitor_and_execute_trade - [ICNTUSDT] - ℹ️  *******************************************************************
2025-07-05 08:58:23,774 - WARNI - monitor_and_execute_trade - [ICNTUSDT] - ⚠️  Đảo chiều xác nhận (15m), bỏ qua lệnh
2025-07-05 08:58:23,776 - INFO  - monitor_and_execute_trade - [VIDTUSDT] - ℹ️  *******************************************************************
2025-07-05 08:58:23,777 - INFO  - monitor_and_execute_trade - [VIDTUSDT] - ℹ️  🚀 Đang kiểm tra cặp coin: VIDTUSDT🚀
2025-07-05 08:58:23,780 - INFO  - monitor_and_execute_trade - [VIDTUSDT] - ℹ️  *******************************************************************
2025-07-05 08:58:23,798 - ERROR - check_spread_slippage     - [VIDTUSDT] - ❌  Lỗi khi kiểm tra spread/slippage cho VIDTUSDT: list index out of range
2025-07-05 08:58:23,800 - WARNI - monitor_and_execute_trade - [VIDTUSDT] - ⚠️  Spread hoặc slippage không đạt yêu cầu.
2025-07-05 08:58:23,803 - INFO  - monitor_and_execute_trade - [AGIXUSDT] - ℹ️  *******************************************************************
2025-07-05 08:58:23,803 - INFO  - monitor_and_execute_trade - [AGIXUSDT] - ℹ️  🚀 Đang kiểm tra cặp coin: AGIXUSDT🚀
2025-07-05 08:58:23,805 - INFO  - monitor_and_execute_trade - [AGIXUSDT] - ℹ️  *******************************************************************
2025-07-05 08:58:23,823 - ERROR - check_spread_slippage     - [AGIXUSDT] - ❌  Lỗi khi kiểm tra spread/slippage cho AGIXUSDT: list index out of range
2025-07-05 08:58:23,823 - WARNI - monitor_and_execute_trade - [AGIXUSDT] - ⚠️  Spread hoặc slippage không đạt yêu cầu.
2025-07-05 08:58:23,823 - INFO  - monitor_and_execute_trade - [FILUSDT] - ℹ️  *******************************************************************
2025-07-05 08:58:23,824 - INFO  - monitor_and_execute_trade - [FILUSDT] - ℹ️  🚀 Đang kiểm tra cặp coin: FILUSDT🚀
2025-07-05 08:58:23,825 - INFO  - monitor_and_execute_trade - [FILUSDT] - ℹ️  *******************************************************************
2025-07-05 08:58:23,893 - WARNI - monitor_and_execute_trade - [FILUSDT] - ⚠️  Không có trend rõ ràng: long=uptrend, medium=sideway, short=downtrend
2025-07-05 08:58:23,895 - INFO  - monitor_and_execute_trade - [HFTUSDT] - ℹ️  *******************************************************************
2025-07-05 08:58:23,898 - INFO  - monitor_and_execute_trade - [HFTUSDT] - ℹ️  🚀 Đang kiểm tra cặp coin: HFTUSDT🚀
2025-07-05 08:58:23,898 - INFO  - monitor_and_execute_trade - [HFTUSDT] - ℹ️  *******************************************************************
2025-07-05 08:58:24,007 - INFO  - monitor_and_execute_trade - [HFTUSDT] - ℹ️  Không có tín hiệu giao dịch.
2025-07-05 08:58:24,008 - INFO  - monitor_and_execute_trade - [HFTUSDT] - ℹ️  

2025-07-05 08:58:24,010 - INFO  - monitor_and_execute_trade - [UXLINKUSDT] - ℹ️  *******************************************************************
2025-07-05 08:58:24,012 - INFO  - monitor_and_execute_trade - [UXLINKUSDT] - ℹ️  🚀 Đang kiểm tra cặp coin: UXLINKUSDT🚀
2025-07-05 08:58:24,012 - INFO  - monitor_and_execute_trade - [UXLINKUSDT] - ℹ️  *******************************************************************
2025-07-05 08:58:24,117 - INFO  - monitor_and_execute_trade - [UXLINKUSDT] - ℹ️  Không có tín hiệu giao dịch.
2025-07-05 08:58:24,118 - INFO  - monitor_and_execute_trade - [UXLINKUSDT] - ℹ️  

2025-07-05 08:58:24,120 - INFO  - monitor_and_execute_trade - [ONDOUSDT] - ℹ️  *******************************************************************
2025-07-05 08:58:24,122 - INFO  - monitor_and_execute_trade - [ONDOUSDT] - ℹ️  🚀 Đang kiểm tra cặp coin: ONDOUSDT🚀
2025-07-05 08:58:24,122 - INFO  - monitor_and_execute_trade - [ONDOUSDT] - ℹ️  *******************************************************************
2025-07-05 08:58:24,226 - INFO  - monitor_and_execute_trade - [ONDOUSDT] - ℹ️  Không có tín hiệu giao dịch.
2025-07-05 08:58:24,228 - INFO  - monitor_and_execute_trade - [ONDOUSDT] - ℹ️  

2025-07-05 08:58:24,229 - INFO  - monitor_and_execute_trade - [NEARUSDT] - ℹ️  *******************************************************************
2025-07-05 08:58:24,232 - INFO  - monitor_and_execute_trade - [NEARUSDT] - ℹ️  🚀 Đang kiểm tra cặp coin: NEARUSDT🚀
2025-07-05 08:58:24,232 - INFO  - monitor_and_execute_trade - [NEARUSDT] - ℹ️  *******************************************************************
2025-07-05 08:58:24,298 - WARNI - monitor_and_execute_trade - [NEARUSDT] - ⚠️  Không có trend rõ ràng: long=uptrend, medium=sideway, short=downtrend
2025-07-05 08:58:24,300 - INFO  - monitor_and_execute_trade - [1000SHIBUSDT] - ℹ️  *******************************************************************
2025-07-05 08:58:24,301 - INFO  - monitor_and_execute_trade - [1000SHIBUSDT] - ℹ️  🚀 Đang kiểm tra cặp coin: 1000SHIBUSDT🚀
2025-07-05 08:58:24,304 - INFO  - monitor_and_execute_trade - [1000SHIBUSDT] - ℹ️  *******************************************************************
2025-07-05 08:58:24,370 - WARNI - monitor_and_execute_trade - [1000SHIBUSDT] - ⚠️  Không có trend rõ ràng: long=uptrend, medium=sideway, short=downtrend
2025-07-05 08:58:24,371 - INFO  - monitor_and_execute_trade - [OPUSDT] - ℹ️  *******************************************************************
2025-07-05 08:58:24,373 - INFO  - monitor_and_execute_trade - [OPUSDT] - ℹ️  🚀 Đang kiểm tra cặp coin: OPUSDT🚀
2025-07-05 08:58:24,375 - INFO  - monitor_and_execute_trade - [OPUSDT] - ℹ️  *******************************************************************
2025-07-05 08:58:24,480 - INFO  - monitor_and_execute_trade - [OPUSDT] - ℹ️  Không có tín hiệu giao dịch.
2025-07-05 08:58:24,481 - INFO  - monitor_and_execute_trade - [OPUSDT] - ℹ️  

2025-07-05 08:58:24,483 - INFO  - monitor_and_execute_trade - [LINAUSDT] - ℹ️  *******************************************************************
2025-07-05 08:58:24,485 - INFO  - monitor_and_execute_trade - [LINAUSDT] - ℹ️  🚀 Đang kiểm tra cặp coin: LINAUSDT🚀
2025-07-05 08:58:24,485 - INFO  - monitor_and_execute_trade - [LINAUSDT] - ℹ️  *******************************************************************
2025-07-05 08:58:24,504 - ERROR - check_spread_slippage     - [LINAUSDT] - ❌  Lỗi khi kiểm tra spread/slippage cho LINAUSDT: list index out of range
2025-07-05 08:58:24,507 - WARNI - monitor_and_execute_trade - [LINAUSDT] - ⚠️  Spread hoặc slippage không đạt yêu cầu.
2025-07-05 08:58:24,507 - INFO  - monitor_and_execute_trade - [BANANAS31USDT] - ℹ️  *******************************************************************
2025-07-05 08:58:24,510 - INFO  - monitor_and_execute_trade - [BANANAS31USDT] - ℹ️  🚀 Đang kiểm tra cặp coin: BANANAS31USDT🚀
2025-07-05 08:58:24,510 - INFO  - monitor_and_execute_trade - [BANANAS31USDT] - ℹ️  *******************************************************************
2025-07-05 08:58:24,575 - WARNI - monitor_and_execute_trade - [BANANAS31USDT] - ⚠️  Không có trend rõ ràng: long=uptrend, medium=sideway, short=downtrend
2025-07-05 08:58:24,577 - INFO  - monitor_and_execute_trade - [APTUSDT] - ℹ️  *******************************************************************
2025-07-05 08:58:24,578 - INFO  - monitor_and_execute_trade - [APTUSDT] - ℹ️  🚀 Đang kiểm tra cặp coin: APTUSDT🚀
2025-07-05 08:58:24,581 - INFO  - monitor_and_execute_trade - [APTUSDT] - ℹ️  *******************************************************************
2025-07-05 08:58:24,687 - INFO  - monitor_and_execute_trade - [APTUSDT] - ℹ️  Không có tín hiệu giao dịch.
2025-07-05 08:58:24,688 - INFO  - monitor_and_execute_trade - [APTUSDT] - ℹ️  

2025-07-05 08:58:24,690 - INFO  - monitor_and_execute_trade - [WLDUSDT] - ℹ️  *******************************************************************
2025-07-05 08:58:24,692 - INFO  - monitor_and_execute_trade - [WLDUSDT] - ℹ️  🚀 Đang kiểm tra cặp coin: WLDUSDT🚀
2025-07-05 08:58:24,692 - INFO  - monitor_and_execute_trade - [WLDUSDT] - ℹ️  *******************************************************************
2025-07-05 08:58:24,795 - INFO  - monitor_and_execute_trade - [WLDUSDT] - ℹ️  Không có tín hiệu giao dịch.
2025-07-05 08:58:24,797 - INFO  - monitor_and_execute_trade - [WLDUSDT] - ℹ️  

2025-07-05 08:58:24,798 - INFO  - monitor_and_execute_trade - [FTMUSDT] - ℹ️  *******************************************************************
2025-07-05 08:58:24,800 - INFO  - monitor_and_execute_trade - [FTMUSDT] - ℹ️  🚀 Đang kiểm tra cặp coin: FTMUSDT🚀
2025-07-05 08:58:24,801 - INFO  - monitor_and_execute_trade - [FTMUSDT] - ℹ️  *******************************************************************
2025-07-05 08:58:24,820 - ERROR - check_spread_slippage     - [FTMUSDT] - ❌  Lỗi khi kiểm tra spread/slippage cho FTMUSDT: list index out of range
2025-07-05 08:58:24,822 - WARNI - monitor_and_execute_trade - [FTMUSDT] - ⚠️  Spread hoặc slippage không đạt yêu cầu.
2025-07-05 08:58:24,824 - INFO  - monitor_and_execute_trade - [TAOUSDT] - ℹ️  *******************************************************************
2025-07-05 08:58:24,825 - INFO  - monitor_and_execute_trade - [TAOUSDT] - ℹ️  🚀 Đang kiểm tra cặp coin: TAOUSDT🚀
2025-07-05 08:58:24,826 - INFO  - monitor_and_execute_trade - [TAOUSDT] - ℹ️  *******************************************************************
2025-07-05 08:58:24,934 - INFO  - monitor_and_execute_trade - [TAOUSDT] - ℹ️  Không có tín hiệu giao dịch.
2025-07-05 08:58:24,935 - INFO  - monitor_and_execute_trade - [TAOUSDT] - ℹ️  

2025-07-05 08:58:24,937 - INFO  - monitor_and_execute_trade - [MYXUSDT] - ℹ️  *******************************************************************
2025-07-05 08:58:24,939 - INFO  - monitor_and_execute_trade - [MYXUSDT] - ℹ️  🚀 Đang kiểm tra cặp coin: MYXUSDT🚀
2025-07-05 08:58:24,939 - INFO  - monitor_and_execute_trade - [MYXUSDT] - ℹ️  *******************************************************************
2025-07-05 08:58:25,044 - INFO  - monitor_and_execute_trade - [MYXUSDT] - ℹ️  Không có tín hiệu giao dịch.
2025-07-05 08:58:25,045 - INFO  - monitor_and_execute_trade - [MYXUSDT] - ℹ️  

2025-07-05 08:58:25,047 - INFO  - monitor_and_execute_trade - [INJUSDT] - ℹ️  *******************************************************************
2025-07-05 08:58:25,049 - INFO  - monitor_and_execute_trade - [INJUSDT] - ℹ️  🚀 Đang kiểm tra cặp coin: INJUSDT🚀
2025-07-05 08:58:25,049 - INFO  - monitor_and_execute_trade - [INJUSDT] - ℹ️  *******************************************************************
2025-07-05 08:58:25,153 - INFO  - monitor_and_execute_trade - [INJUSDT] - ℹ️  Không có tín hiệu giao dịch.
2025-07-05 08:58:25,154 - INFO  - monitor_and_execute_trade - [INJUSDT] - ℹ️  

2025-07-05 08:58:25,156 - INFO  - monitor_and_execute_trade - [AI16ZUSDT] - ℹ️  *******************************************************************
2025-07-05 08:58:25,158 - INFO  - monitor_and_execute_trade - [AI16ZUSDT] - ℹ️  🚀 Đang kiểm tra cặp coin: AI16ZUSDT🚀
2025-07-05 08:58:25,158 - INFO  - monitor_and_execute_trade - [AI16ZUSDT] - ℹ️  *******************************************************************
2025-07-05 08:58:25,261 - INFO  - monitor_and_execute_trade - [AI16ZUSDT] - ℹ️  Không có tín hiệu giao dịch.
2025-07-05 08:58:25,262 - INFO  - monitor_and_execute_trade - [AI16ZUSDT] - ℹ️  

2025-07-05 08:58:25,264 - INFO  - monitor_and_execute_trade - [GUNUSDT] - ℹ️  *******************************************************************
2025-07-05 08:58:25,266 - INFO  - monitor_and_execute_trade - [GUNUSDT] - ℹ️  🚀 Đang kiểm tra cặp coin: GUNUSDT🚀
2025-07-05 08:58:25,266 - INFO  - monitor_and_execute_trade - [GUNUSDT] - ℹ️  *******************************************************************
2025-07-05 08:58:25,369 - INFO  - monitor_and_execute_trade - [GUNUSDT] - ℹ️  Không có tín hiệu giao dịch.
2025-07-05 08:58:25,370 - INFO  - monitor_and_execute_trade - [GUNUSDT] - ℹ️  

2025-07-05 08:58:25,371 - INFO  - monitor_and_execute_trade - [TRXUSDT] - ℹ️  *******************************************************************
2025-07-05 08:58:25,373 - INFO  - monitor_and_execute_trade - [TRXUSDT] - ℹ️  🚀 Đang kiểm tra cặp coin: TRXUSDT🚀
2025-07-05 08:58:25,374 - INFO  - monitor_and_execute_trade - [TRXUSDT] - ℹ️  *******************************************************************
2025-07-05 08:58:25,480 - INFO  - monitor_and_execute_trade - [TRXUSDT] - ℹ️  Không có tín hiệu giao dịch.
2025-07-05 08:58:25,481 - INFO  - monitor_and_execute_trade - [TRXUSDT] - ℹ️  

2025-07-05 08:58:25,483 - INFO  - monitor_and_execute_trade - [DMCUSDT] - ℹ️  *******************************************************************
2025-07-05 08:58:25,485 - INFO  - monitor_and_execute_trade - [DMCUSDT] - ℹ️  🚀 Đang kiểm tra cặp coin: DMCUSDT🚀
2025-07-05 08:58:25,485 - INFO  - monitor_and_execute_trade - [DMCUSDT] - ℹ️  *******************************************************************
2025-07-05 08:58:25,591 - INFO  - monitor_and_execute_trade - [DMCUSDT] - ℹ️  Không có tín hiệu giao dịch.
2025-07-05 08:58:25,592 - INFO  - monitor_and_execute_trade - [DMCUSDT] - ℹ️  

2025-07-05 08:58:25,594 - INFO  - monitor_and_execute_trade - [WAVESUSDT] - ℹ️  *******************************************************************
2025-07-05 08:58:25,596 - INFO  - monitor_and_execute_trade - [WAVESUSDT] - ℹ️  🚀 Đang kiểm tra cặp coin: WAVESUSDT🚀
2025-07-05 08:58:25,596 - INFO  - monitor_and_execute_trade - [WAVESUSDT] - ℹ️  *******************************************************************
2025-07-05 08:58:25,616 - ERROR - check_spread_slippage     - [WAVESUSDT] - ❌  Lỗi khi kiểm tra spread/slippage cho WAVESUSDT: list index out of range
2025-07-05 08:58:25,618 - WARNI - monitor_and_execute_trade - [WAVESUSDT] - ⚠️  Spread hoặc slippage không đạt yêu cầu.
2025-07-05 08:58:25,619 - INFO  - monitor_and_execute_trade - [NEWTUSDT] - ℹ️  *******************************************************************
2025-07-05 08:58:25,620 - INFO  - monitor_and_execute_trade - [NEWTUSDT] - ℹ️  🚀 Đang kiểm tra cặp coin: NEWTUSDT🚀
2025-07-05 08:58:25,621 - INFO  - monitor_and_execute_trade - [NEWTUSDT] - ℹ️  *******************************************************************
2025-07-05 08:58:25,725 - INFO  - monitor_and_execute_trade - [NEWTUSDT] - ℹ️  Không có tín hiệu giao dịch.
2025-07-05 08:58:25,727 - INFO  - monitor_and_execute_trade - [NEWTUSDT] - ℹ️  

2025-07-05 08:58:25,729 - INFO  - monitor_and_execute_trade - [AMBUSDT] - ℹ️  *******************************************************************
2025-07-05 08:58:25,731 - INFO  - monitor_and_execute_trade - [AMBUSDT] - ℹ️  🚀 Đang kiểm tra cặp coin: AMBUSDT🚀
2025-07-05 08:58:25,731 - INFO  - monitor_and_execute_trade - [AMBUSDT] - ℹ️  *******************************************************************
2025-07-05 08:58:25,753 - ERROR - check_spread_slippage     - [AMBUSDT] - ❌  Lỗi khi kiểm tra spread/slippage cho AMBUSDT: list index out of range
2025-07-05 08:58:25,755 - WARNI - monitor_and_execute_trade - [AMBUSDT] - ⚠️  Spread hoặc slippage không đạt yêu cầu.
2025-07-05 08:58:25,757 - INFO  - monitor_and_execute_trade - [OCEANUSDT] - ℹ️  *******************************************************************
2025-07-05 08:58:25,758 - INFO  - monitor_and_execute_trade - [OCEANUSDT] - ℹ️  🚀 Đang kiểm tra cặp coin: OCEANUSDT🚀
2025-07-05 08:58:25,758 - INFO  - monitor_and_execute_trade - [OCEANUSDT] - ℹ️  *******************************************************************
2025-07-05 08:58:25,778 - ERROR - check_spread_slippage     - [OCEANUSDT] - ❌  Lỗi khi kiểm tra spread/slippage cho OCEANUSDT: list index out of range
2025-07-05 08:58:25,778 - WARNI - monitor_and_execute_trade - [OCEANUSDT] - ⚠️  Spread hoặc slippage không đạt yêu cầu.
2025-07-05 08:58:25,778 - INFO  - monitor_and_execute_trade - [FETUSDT] - ℹ️  *******************************************************************
2025-07-05 08:58:25,779 - INFO  - monitor_and_execute_trade - [FETUSDT] - ℹ️  🚀 Đang kiểm tra cặp coin: FETUSDT🚀
2025-07-05 08:58:25,779 - INFO  - monitor_and_execute_trade - [FETUSDT] - ℹ️  *******************************************************************
2025-07-05 08:58:25,884 - INFO  - monitor_and_execute_trade - [FETUSDT] - ℹ️  Không có tín hiệu giao dịch.
2025-07-05 08:58:25,885 - INFO  - monitor_and_execute_trade - [FETUSDT] - ℹ️  

2025-07-05 08:58:25,887 - INFO  - monitor_and_execute_trade - [SPXUSDT] - ℹ️  *******************************************************************
2025-07-05 08:58:25,889 - INFO  - monitor_and_execute_trade - [SPXUSDT] - ℹ️  🚀 Đang kiểm tra cặp coin: SPXUSDT🚀
2025-07-05 08:58:25,889 - INFO  - monitor_and_execute_trade - [SPXUSDT] - ℹ️  *******************************************************************
2025-07-05 08:58:25,997 - INFO  - monitor_and_execute_trade - [SPXUSDT] - ℹ️  Không có tín hiệu giao dịch.
2025-07-05 08:58:25,998 - INFO  - monitor_and_execute_trade - [SPXUSDT] - ℹ️  

2025-07-05 08:58:26,000 - INFO  - monitor_and_execute_trade - [SPXUSDT] - ℹ️  Đã kiểm tra tất cả các cặp coin.
2025-07-05 08:58:26,002 - INFO  - monitor_and_execute_trade - [SPXUSDT] - ℹ️  Đang chờ 5 phút trước khi kiểm tra lại...
